<?xml version="1.0" encoding="UTF-8" standalone="yes"?><!DOCTYPE report PUBLIC "-//JACOCO//DTD Report 1.1//EN" "report.dtd"><report name="java-governance"><sessioninfo id="runnervm0kj6c-10d7b1e9" start="1773051788384" dump="1773051863227"/><package name="com/cosmic/governance/api/service"><class name="com/cosmic/governance/api/service/InfrastructureTelemetryService$MetricValue" sourcefilename="InfrastructureTelemetryService.java"><method name="&lt;init&gt;" desc="(DZ)V" line="1278"><counter type="INSTRUCTION" missed="0" covered="9"/><counter type="LINE" missed="0" covered="1"/><counter type="COMPLEXITY" missed="0" covered="1"/><counter type="METHOD" missed="0" covered="1"/></method><method name="unavailable" desc="()Lcom/cosmic/governance/api/service/InfrastructureTelemetryService$MetricValue;" line="1280"><counter type="INSTRUCTION" missed="0" covered="6"/><counter type="LINE" missed="0" covered="1"/><counter type="COMPLEXITY" missed="0" covered="1"/><counter type="METHOD" missed="0" covered="1"/></method><method name="live" desc="(D)Lcom/cosmic/governance/api/service/InfrastructureTelemetryService$MetricValue;" line="1284"><counter type="INSTRUCTION" missed="6" covered="0"/><counter type="LINE" missed="1" covered="0"/><counter type="COMPLEXITY" missed="1" covered="0"/><counter type="METHOD" missed="1" covered="0"/></method><counter type="INSTRUCTION" missed="6" covered="15"/><counter type="LINE" missed="1" covered="2"/><counter type="COMPLEXITY" missed="1" covered="2"/><counter type="METHOD" missed="1" covered="2"/><counter type="CLASS" missed="0" covered="1"/></class><class name="com/cosmic/governance/api/service/TopologyMetricsRegistry$RuntimeProfile" sourcefilename="TopologyMetricsRegistry.java"><method name="&lt;init&gt;" desc="(IILjava/lang/String;)V" line="1294"><counter type="INSTRUCTION" missed="0" covered="12"/><counter type="LINE" missed="0" covered="1"/><counter type="COMPLEXITY" missed="0" covered="1"/><counter type="METHOD" missed="0" covered="1"/></method><counter type="INSTRUCTION" missed="0" covered="12"/><counter type="LINE" missed="0" covered="1"/><counter type="COMPLEXITY" missed="0" covered="1"/><counter type="METHOD" missed="0" covered="1"/><counter type="CLASS" missed="0" covered="1"/></class><class name="com/cosmic/governance/api/service/TopologyMetricsService" sourcefilename="TopologyMetricsService.java"><method name="&lt;init&gt;" desc="(Lcom/cosmic/governance/api/service/TopologyMetricsRegistry;)V" line="11"><counter type="INSTRUCTION" missed="0" covered="6"/><counter type="LINE" missed="0" covered="3"/><counter type="COMPLEXITY" missed="0" covered="1"/><counter type="METHOD" missed="0" covered="1"/></method><method name="getTopologyMetrics" desc="()Ljava/util/Map;" line="16"><counter type="INSTRUCTION" missed="4" covered="0"/><counter type="LINE" missed="1" covered="0"/><counter type="COMPLEXITY" missed="1" covered="0"/><counter type="METHOD" missed="1" covered="0"/></method><method name="updateRuntimeProfile" desc="(IILjava/lang/String;)V" line="20"><counter type="INSTRUCTION" missed="7" covered="0"/><counter type="LINE" missed="2" covered="0"/><counter type="COMPLEXITY" missed="1" covered="0"/><counter type="METHOD" missed="1" covered="0"/></method><counter type="INSTRUCTION" missed="11" covered="6"/><counter type="LINE" missed="3" covered="3"/><counter type="COMPLEXITY" missed="2" covered="1"/><counter type="METHOD" missed="2" covered="1"/><counter type="CLASS" missed="0" covered="1"/></class><class name="com/cosmic/governance/api/service/JobService" sourcefilename="JobService.java"><method name="getAuditLog" desc="()Ljava/util/List;" line="46"><counter type="INSTRUCTION" missed="0" covered="6"/><counter type="LINE" missed="0" covered="1"/><counter type="COMPLEXITY" missed="0" covered="1"/><counter type="METHOD" missed="0" covered="1"/></method><method name="recordAudit" desc="(Ljava/lang/String;)V" line="50"><counter type="INSTRUCTION" missed="0" covered="10"/><counter type="LINE" missed="0" covered="3"/><counter type="COMPLEXITY" missed="0" covered="1"/><counter type="METHOD" missed="0" covered="1"/></method><method name="&lt;init&gt;" desc="(Lorg/springframework/data/redis/core/RedisTemplate;Lcom/fasterxml/jackson/databind/ObjectMapper;Ljava/util/List;Lcom/cosmic/governance/api/util/RedisMarshaller;Lcom/cosmic/governance/api/service/AuditService;)V" line="70"><counter type="INSTRUCTION" missed="0" covered="9"/><counter type="LINE" missed="0" covered="2"/><counter type="COMPLEXITY" missed="0" covered="1"/><counter type="METHOD" missed="0" covered="1"/></method><method name="&lt;init&gt;" desc="(Lorg/springframework/data/redis/core/RedisTemplate;Lcom/fasterxml/jackson/databind/ObjectMapper;Ljava/util/List;Lcom/cosmic/governance/api/util/RedisMarshaller;Lcom/cosmic/governance/api/service/AuditService;Lcom/cosmic/governance/api/service/GovernanceRuntimeMetricsService;)V" line="40"><counter type="INSTRUCTION" missed="0" covered="73"/><counter type="BRANCH" missed="0" covered="4"/><counter type="LINE" missed="0" covered="16"/><counter type="COMPLEXITY" missed="0" covered="3"/><counter type="METHOD" missed="0" covered="1"/></method><method name="keys" desc="(Ljava/lang/String;)Ljava/util/Set;" line="88"><counter type="INSTRUCTION" missed="6" covered="39"/><counter type="BRANCH" missed="3" covered="5"/><counter type="LINE" missed="1" covered="7"/><counter type="COMPLEXITY" missed="3" covered="2"/><counter type="METHOD" missed="0" covered="1"/></method><method name="getValue" desc="(Ljava/lang/String;)Ljava/lang/Object;" line="102"><counter type="INSTRUCTION" missed="0" covered="69"/><counter type="BRANCH" missed="2" covered="6"/><counter type="LINE" missed="0" covered="21"/><counter type="COMPLEXITY" missed="2" covered="3"/><counter type="METHOD" missed="0" covered="1"/></method><method name="setValue" desc="(Ljava/lang/String;Ljava/lang/Object;)V" line="142"><counter type="INSTRUCTION" missed="6" covered="68"/><counter type="BRANCH" missed="3" covered="7"/><counter type="LINE" missed="0" covered="20"/><counter type="COMPLEXITY" missed="3" covered="3"/><counter type="METHOD" missed="0" covered="1"/></method><method name="listRange" desc="(Ljava/lang/String;JJ)Ljava/util/List;" line="181"><counter type="INSTRUCTION" missed="85" covered="0"/><counter type="BRANCH" missed="12" covered="0"/><counter type="LINE" missed="23" covered="0"/><counter type="COMPLEXITY" missed="7" covered="0"/><counter type="METHOD" missed="1" covered="0"/></method><method name="keyspaceOf" desc="(Ljava/lang/String;)Ljava/lang/String;" line="224"><counter type="INSTRUCTION" missed="3" covered="17"/><counter type="BRANCH" missed="3" covered="3"/><counter type="LINE" missed="1" covered="3"/><counter type="COMPLEXITY" missed="3" covered="1"/><counter type="METHOD" missed="0" covered="1"/></method><method name="putRaw" desc="(Ljava/lang/String;Ljava/lang/Object;)V" line="233"><counter type="INSTRUCTION" missed="0" covered="5"/><counter type="LINE" missed="0" covered="2"/><counter type="COMPLEXITY" missed="0" covered="1"/><counter type="METHOD" missed="0" covered="1"/></method><method name="getRaw" desc="(Ljava/lang/String;)Ljava/lang/Object;" line="237"><counter type="INSTRUCTION" missed="0" covered="4"/><counter type="LINE" missed="0" covered="1"/><counter type="COMPLEXITY" missed="0" covered="1"/><counter type="METHOD" missed="0" covered="1"/></method><method name="recoverQueuedJobs" desc="()V" line="243"><counter type="INSTRUCTION" missed="0" covered="20"/><counter type="LINE" missed="0" covered="3"/><counter type="COMPLEXITY" missed="0" covered="1"/><counter type="METHOD" missed="0" covered="1"/></method><method name="completeStaleRunningJobs" desc="()V" line="261"><counter type="INSTRUCTION" missed="7" covered="84"/><counter type="BRANCH" missed="4" covered="10"/><counter type="LINE" missed="2" covered="20"/><counter type="COMPLEXITY" missed="4" covered="4"/><counter type="METHOD" missed="0" covered="1"/></method><method name="dispatchQueuedJobs" desc="()V" line="290"><counter type="INSTRUCTION" missed="49" covered="153"/><counter type="BRANCH" missed="13" covered="23"/><counter type="LINE" missed="10" covered="32"/><counter type="COMPLEXITY" missed="12" covered="7"/><counter type="METHOD" missed="0" covered="1"/></method><method name="releaseDeferredJobs" desc="()I" line="348"><counter type="INSTRUCTION" missed="125" covered="0"/><counter type="BRANCH" missed="22" covered="0"/><counter type="LINE" missed="31" covered="0"/><counter type="COMPLEXITY" missed="12" covered="0"/><counter type="METHOD" missed="1" covered="0"/></method><method name="shutdownScanner" desc="()V" line="390"><counter type="INSTRUCTION" missed="7" covered="0"/><counter type="LINE" missed="3" covered="0"/><counter type="COMPLEXITY" missed="1" covered="0"/><counter type="METHOD" missed="1" covered="0"/></method><method name="submit" desc="(Lcom/cosmic/governance/api/dto/JobSubmitRequest;)Lcom/cosmic/governance/api/dto/JobStatusResponse;" line="395"><counter type="INSTRUCTION" missed="43" covered="323"/><counter type="BRANCH" missed="22" covered="50"/><counter type="LINE" missed="5" covered="59"/><counter type="COMPLEXITY" missed="21" covered="16"/><counter type="METHOD" missed="0" covered="1"/></method><method name="types" desc="()Ljava/util/List;" line="492"><counter type="INSTRUCTION" missed="0" covered="56"/><counter type="LINE" missed="0" covered="1"/><counter type="COMPLEXITY" missed="0" covered="1"/><counter type="METHOD" missed="0" covered="1"/></method><method name="get" desc="(Ljava/lang/String;)Ljava/util/Optional;" line="499"><counter type="INSTRUCTION" missed="2" covered="29"/><counter type="BRANCH" missed="1" covered="5"/><counter type="LINE" missed="1" covered="7"/><counter type="COMPLEXITY" missed="1" covered="3"/><counter type="METHOD" missed="0" covered="1"/></method><method name="getLogs" desc="(Ljava/lang/String;)Ljava/util/List;" line="512"><counter type="INSTRUCTION" missed="62" covered="0"/><counter type="BRANCH" missed="8" covered="0"/><counter type="LINE" missed="16" covered="0"/><counter type="COMPLEXITY" missed="5" covered="0"/><counter type="METHOD" missed="1" covered="0"/></method><method name="getManifest" desc="(Ljava/lang/String;)Ljava/util/Optional;" line="539"><counter type="INSTRUCTION" missed="0" covered="14"/><counter type="LINE" missed="0" covered="4"/><counter type="COMPLEXITY" missed="0" covered="1"/><counter type="METHOD" missed="0" covered="1"/></method><method name="getLineage" desc="(Ljava/lang/String;)Ljava/util/Optional;" line="556"><counter type="INSTRUCTION" missed="2" covered="37"/><counter type="BRANCH" missed="2" covered="6"/><counter type="LINE" missed="0" covered="9"/><counter type="COMPLEXITY" missed="2" covered="3"/><counter type="METHOD" missed="0" covered="1"/></method><method name="updateLineage" desc="(Ljava/lang/String;Ljava/util/Map;)Z" line="575"><counter type="INSTRUCTION" missed="9" covered="60"/><counter type="BRANCH" missed="2" covered="6"/><counter type="LINE" missed="2" covered="13"/><counter type="COMPLEXITY" missed="2" covered="3"/><counter type="METHOD" missed="0" covered="1"/></method><method name="attachManifest" desc="(Ljava/lang/String;Ljava/util/Map;)Z" line="596"><counter type="INSTRUCTION" missed="0" covered="54"/><counter type="BRANCH" missed="1" covered="3"/><counter type="LINE" missed="0" covered="12"/><counter type="COMPLEXITY" missed="1" covered="2"/><counter type="METHOD" missed="0" covered="1"/></method><method name="attachArtifact" desc="(Ljava/lang/String;Ljava/util/Map;)Z" line="612"><counter type="INSTRUCTION" missed="88" covered="0"/><counter type="BRANCH" missed="8" covered="0"/><counter type="LINE" missed="18" covered="0"/><counter type="COMPLEXITY" missed="5" covered="0"/><counter type="METHOD" missed="1" covered="0"/></method><method name="getArtifacts" desc="(Ljava/lang/String;)Ljava/util/List;" line="643"><counter type="INSTRUCTION" missed="124" covered="0"/><counter type="BRANCH" missed="12" covered="0"/><counter type="LINE" missed="28" covered="0"/><counter type="COMPLEXITY" missed="7" covered="0"/><counter type="METHOD" missed="1" covered="0"/></method><method name="listAll" desc="()Ljava/util/List;" line="701"><counter type="INSTRUCTION" missed="0" covered="7"/><counter type="LINE" missed="0" covered="1"/><counter type="COMPLEXITY" missed="0" covered="1"/><counter type="METHOD" missed="0" covered="1"/></method><method name="recordArtifactDelivery" desc="(Ljava/lang/String;Ljava/lang/Object;ZLjava/time/Duration;)V" line="705"><counter type="INSTRUCTION" missed="7" covered="0"/><counter type="LINE" missed="2" covered="0"/><counter type="COMPLEXITY" missed="1" covered="0"/><counter type="METHOD" missed="1" covered="0"/></method><method name="cancel" desc="(Ljava/lang/String;Ljava/lang/Long;)Ljava/util/Optional;" line="712"><counter type="INSTRUCTION" missed="0" covered="6"/><counter type="LINE" missed="0" covered="1"/><counter type="COMPLEXITY" missed="0" covered="1"/><counter type="METHOD" missed="0" covered="1"/></method><method name="retry" desc="(Ljava/lang/String;Ljava/lang/Long;)Ljava/util/Optional;" line="720"><counter type="INSTRUCTION" missed="10" covered="69"/><counter type="BRANCH" missed="5" covered="9"/><counter type="LINE" missed="1" covered="15"/><counter type="COMPLEXITY" missed="4" covered="4"/><counter type="METHOD" missed="0" covered="1"/></method><method name="list" desc="(Ljava/lang/String;Lcom/cosmic/governance/api/model/JobState;II)Ljava/util/List;" line="741"><counter type="INSTRUCTION" missed="2" covered="57"/><counter type="BRANCH" missed="3" covered="5"/><counter type="LINE" missed="0" covered="16"/><counter type="COMPLEXITY" missed="3" covered="2"/><counter type="METHOD" missed="0" covered="1"/></method><method name="getAuditEntriesForJob" desc="(Ljava/lang/String;)Ljava/util/List;" line="770"><counter type="INSTRUCTION" missed="0" covered="18"/><counter type="BRANCH" missed="1" covered="1"/><counter type="LINE" missed="0" covered="6"/><counter type="COMPLEXITY" missed="1" covered="1"/><counter type="METHOD" missed="0" covered="1"/></method><method name="getScannerIntervalSeconds" desc="()I" line="780"><counter type="INSTRUCTION" missed="3" covered="0"/><counter type="LINE" missed="1" covered="0"/><counter type="COMPLEXITY" missed="1" covered="0"/><counter type="METHOD" missed="1" covered="0"/></method><method name="getScannedCount" desc="()J" line="782"><counter type="INSTRUCTION" missed="4" covered="0"/><counter type="LINE" missed="1" covered="0"/><counter type="COMPLEXITY" missed="1" covered="0"/><counter type="METHOD" missed="1" covered="0"/></method><method name="getDispatchedCount" desc="()J" line="784"><counter type="INSTRUCTION" missed="4" covered="0"/><counter type="LINE" missed="1" covered="0"/><counter type="COMPLEXITY" missed="1" covered="0"/><counter type="METHOD" missed="1" covered="0"/></method><method name="setScannerIntervalSeconds" desc="(I)V" line="787"><counter type="INSTRUCTION" missed="37" covered="0"/><counter type="BRANCH" missed="4" covered="0"/><counter type="LINE" missed="7" covered="0"/><counter type="COMPLEXITY" missed="3" covered="0"/><counter type="METHOD" missed="1" covered="0"/></method><method name="schedulerSnapshot" desc="()Lcom/cosmic/governance/api/service/JobService$SchedulerSnapshot;" line="797"><counter type="INSTRUCTION" missed="13" covered="147"/><counter type="BRANCH" missed="7" covered="19"/><counter type="LINE" missed="6" covered="36"/><counter type="COMPLEXITY" missed="7" covered="7"/><counter type="METHOD" missed="0" covered="1"/></method><method name="transition" desc="(Ljava/lang/String;Lcom/cosmic/governance/api/model/JobState;Ljava/lang/Long;)Ljava/util/Optional;" line="857"><counter type="INSTRUCTION" missed="2" covered="130"/><counter type="BRANCH" missed="3" covered="13"/><counter type="LINE" missed="0" covered="26"/><counter type="COMPLEXITY" missed="3" covered="6"/><counter type="METHOD" missed="0" covered="1"/></method><method name="deleteJob" desc="(Ljava/lang/String;)Z" line="897"><counter type="INSTRUCTION" missed="65" covered="0"/><counter type="BRANCH" missed="16" covered="0"/><counter type="LINE" missed="11" covered="0"/><counter type="COMPLEXITY" missed="9" covered="0"/><counter type="METHOD" missed="1" covered="0"/></method><method name="isValidTransition" desc="(Lcom/cosmic/governance/api/model/JobState;Lcom/cosmic/governance/api/model/JobState;)Z" line="915"><counter type="INSTRUCTION" missed="13" covered="31"/><counter type="BRANCH" missed="9" covered="12"/><counter type="LINE" missed="0" covered="5"/><counter type="COMPLEXITY" missed="6" covered="6"/><counter type="METHOD" missed="0" covered="1"/></method><method name="recordTerminalMetrics" desc="(Lcom/cosmic/governance/api/model/JobRecord;Lcom/cosmic/governance/api/model/JobState;Lcom/cosmic/governance/api/model/JobState;)V" line="924"><counter type="INSTRUCTION" missed="8" covered="36"/><counter type="BRANCH" missed="2" covered="6"/><counter type="LINE" missed="2" covered="11"/><counter type="COMPLEXITY" missed="2" covered="3"/><counter type="METHOD" missed="0" covered="1"/></method><method name="durationBetween" desc="(Ljava/lang/String;Ljava/time/Instant;)Ljava/time/Duration;" line="943"><counter type="INSTRUCTION" missed="3" covered="5"/><counter type="LINE" missed="2" covered="1"/><counter type="COMPLEXITY" missed="0" covered="1"/><counter type="METHOD" missed="0" covered="1"/></method><method name="isDeferred" desc="(Ljava/util/Map;)Z" line="950"><counter type="INSTRUCTION" missed="18" covered="8"/><counter type="BRANCH" missed="4" covered="2"/><counter type="LINE" missed="4" covered="2"/><counter type="COMPLEXITY" missed="3" covered="1"/><counter type="METHOD" missed="0" covered="1"/></method><method name="executorNameFor" desc="(Lcom/cosmic/governance/api/model/JobRecord;)Ljava/lang/String;" line="961"><counter type="INSTRUCTION" missed="11" covered="32"/><counter type="BRANCH" missed="6" covered="8"/><counter type="LINE" missed="3" covered="7"/><counter type="COMPLEXITY" missed="6" covered="2"/><counter type="METHOD" missed="0" covered="1"/></method><method name="isTerminalState" desc="(Lcom/cosmic/governance/api/model/JobState;)Z" line="978"><counter type="INSTRUCTION" missed="0" covered="16"/><counter type="BRANCH" missed="1" covered="7"/><counter type="LINE" missed="0" covered="1"/><counter type="COMPLEXITY" missed="1" covered="4"/><counter type="METHOD" missed="0" covered="1"/></method><method name="executorOf" desc="(Lcom/cosmic/governance/api/model/JobRecord;)Ljava/lang/String;" line="985"><counter type="INSTRUCTION" missed="2" covered="17"/><counter type="BRANCH" missed="2" covered="4"/><counter type="LINE" missed="1" covered="3"/><counter type="COMPLEXITY" missed="2" covered="2"/><counter type="METHOD" missed="0" covered="1"/></method><method name="recordArtifactRead" desc="(Ljava/lang/String;Ljava/lang/Object;ZLjava/time/Duration;)V" line="993"><counter type="INSTRUCTION" missed="11" covered="0"/><counter type="BRANCH" missed="2" covered="0"/><counter type="LINE" missed="3" covered="0"/><counter type="COMPLEXITY" missed="2" covered="0"/><counter type="METHOD" missed="1" covered="0"/></method><method name="toResponse" desc="(Lcom/cosmic/governance/api/model/JobRecord;)Lcom/cosmic/governance/api/dto/JobStatusResponse;" line="1000"><counter type="INSTRUCTION" missed="0" covered="45"/><counter type="BRANCH" missed="1" covered="3"/><counter type="LINE" missed="0" covered="15"/><counter type="COMPLEXITY" missed="1" covered="2"/><counter type="METHOD" missed="0" covered="1"/></method><method name="lambda$schedulerSnapshot$14" desc="(I)Z" line="812"><counter type="INSTRUCTION" missed="0" covered="7"/><counter type="BRANCH" missed="0" covered="2"/><counter type="LINE" missed="0" covered="1"/><counter type="COMPLEXITY" missed="0" covered="2"/><counter type="METHOD" missed="0" covered="1"/></method><method name="lambda$getAuditEntriesForJob$13" desc="(Ljava/lang/String;Ljava/lang/String;)Z" line="771"><counter type="INSTRUCTION" missed="0" covered="4"/><counter type="LINE" missed="0" covered="1"/><counter type="COMPLEXITY" missed="0" covered="1"/><counter type="METHOD" missed="0" covered="1"/></method><method name="lambda$list$12" desc="(Lcom/cosmic/governance/api/model/JobRecord;Lcom/cosmic/governance/api/model/JobRecord;)I" line="758"><counter type="INSTRUCTION" missed="0" covered="6"/><counter type="LINE" missed="0" covered="1"/><counter type="COMPLEXITY" missed="0" covered="1"/><counter type="METHOD" missed="0" covered="1"/></method><method name="lambda$list$11" desc="(Ljava/lang/String;Lcom/cosmic/governance/api/model/JobState;Lcom/cosmic/governance/api/model/JobRecord;)Z" line="750"><counter type="INSTRUCTION" missed="6" covered="19"/><counter type="BRANCH" missed="5" covered="7"/><counter type="LINE" missed="1" covered="4"/><counter type="COMPLEXITY" missed="4" covered="3"/><counter type="METHOD" missed="0" covered="1"/></method><method name="lambda$list$10" desc="(Ljava/lang/Object;)Lcom/cosmic/governance/api/model/JobRecord;" line="747"><counter type="INSTRUCTION" missed="0" covered="5"/><counter type="LINE" missed="0" covered="1"/><counter type="COMPLEXITY" missed="0" covered="1"/><counter type="METHOD" missed="0" covered="1"/></method><method name="lambda$list$9" desc="(Ljava/lang/String;)Ljava/lang/Object;" line="746"><counter type="INSTRUCTION" missed="0" covered="4"/><counter type="LINE" missed="0" covered="1"/><counter type="COMPLEXITY" missed="0" covered="1"/><counter type="METHOD" missed="0" covered="1"/></method><method name="lambda$list$8" desc="(Ljava/lang/String;)Z" line="745"><counter type="INSTRUCTION" missed="0" covered="14"/><counter type="BRANCH" missed="1" covered="3"/><counter type="LINE" missed="0" covered="1"/><counter type="COMPLEXITY" missed="1" covered="2"/><counter type="METHOD" missed="0" covered="1"/></method><method name="lambda$list$7" desc="(I)Z" line="745"><counter type="INSTRUCTION" missed="0" covered="7"/><counter type="BRANCH" missed="0" covered="2"/><counter type="LINE" missed="0" covered="1"/><counter type="COMPLEXITY" missed="0" covered="2"/><counter type="METHOD" missed="0" covered="1"/></method><method name="lambda$getArtifacts$6" desc="(Ljava/lang/Object;)Ljava/util/Map;" line="677"><counter type="INSTRUCTION" missed="10" covered="0"/><counter type="BRANCH" missed="2" covered="0"/><counter type="LINE" missed="4" covered="0"/><counter type="COMPLEXITY" missed="2" covered="0"/><counter type="METHOD" missed="1" covered="0"/></method><method name="lambda$getArtifacts$5" desc="(Ljava/lang/Object;)Ljava/util/Map;" line="653"><counter type="INSTRUCTION" missed="20" covered="0"/><counter type="BRANCH" missed="2" covered="0"/><counter type="LINE" missed="7" covered="0"/><counter type="COMPLEXITY" missed="2" covered="0"/><counter type="METHOD" missed="1" covered="0"/></method><method name="lambda$getManifest$4" desc="(Ljava/util/Map;)V" line="542"><counter type="INSTRUCTION" missed="0" covered="15"/><counter type="BRANCH" missed="1" covered="1"/><counter type="LINE" missed="0" covered="4"/><counter type="COMPLEXITY" missed="1" covered="1"/><counter type="METHOD" missed="0" covered="1"/></method><method name="lambda$releaseDeferredJobs$3" desc="(I)Z" line="353"><counter type="INSTRUCTION" missed="7" covered="0"/><counter type="BRANCH" missed="2" covered="0"/><counter type="LINE" missed="1" covered="0"/><counter type="COMPLEXITY" missed="2" covered="0"/><counter type="METHOD" missed="1" covered="0"/></method><method name="lambda$dispatchQueuedJobs$2" desc="(I)Z" line="294"><counter type="INSTRUCTION" missed="0" covered="7"/><counter type="BRANCH" missed="0" covered="2"/><counter type="LINE" missed="0" covered="1"/><counter type="COMPLEXITY" missed="0" covered="2"/><counter type="METHOD" missed="0" covered="1"/></method><method name="lambda$recoverQueuedJobs$1" desc="()V" line="245"><counter type="INSTRUCTION" missed="0" covered="5"/><counter type="LINE" missed="0" covered="3"/><counter type="COMPLEXITY" missed="0" covered="1"/><counter type="METHOD" missed="0" covered="1"/></method><method name="lambda$keys$0" desc="(Ljava/lang/String;Ljava/lang/String;)Z" line="96"><counter type="INSTRUCTION" missed="0" covered="4"/><counter type="LINE" missed="0" covered="1"/><counter type="COMPLEXITY" missed="0" covered="1"/><counter type="METHOD" missed="0" covered="1"/></method><method name="&lt;clinit&gt;" desc="()V" line="37"><counter type="INSTRUCTION" missed="0" covered="4"/><counter type="LINE" missed="0" covered="1"/><counter type="COMPLEXITY" missed="0" covered="1"/><counter type="METHOD" missed="0" covered="1"/></method><counter type="INSTRUCTION" missed="874" covered="1855"/><counter type="BRANCH" missed="197" covered="234"/><counter type="LINE" missed="198" covered="394"/><counter type="COMPLEXITY" missed="160" covered="120"/><counter type="METHOD" missed="16" covered="48"/><counter type="CLASS" missed="0" covered="1"/></class><class name="com/cosmic/governance/api/service/TopologyMetricsRegistry$JobCounts" sourcefilename="TopologyMetricsRegistry.java"><method name="&lt;init&gt;" desc="(IIIII)V" line="1296"><counter type="INSTRUCTION" missed="0" covered="18"/><counter type="LINE" missed="0" covered="1"/><counter type="COMPLEXITY" missed="0" covered="1"/><counter type="METHOD" missed="0" covered="1"/></method><counter type="INSTRUCTION" missed="0" covered="18"/><counter type="LINE" missed="0" covered="1"/><counter type="COMPLEXITY" missed="0" covered="1"/><counter type="METHOD" missed="0" covered="1"/><counter type="CLASS" missed="0" covered="1"/></class><class name="com/cosmic/governance/api/service/InfrastructureTelemetryService$ServiceSnapshot" sourcefilename="InfrastructureTelemetryService.java"><method name="&lt;init&gt;" desc="(Ljava/util/Map;)V" line="1288"><counter type="INSTRUCTION" missed="0" covered="6"/><counter type="LINE" missed="0" covered="1"/><counter type="COMPLEXITY" missed="0" covered="1"/><counter type="METHOD" missed="0" covered="1"/></method><counter type="INSTRUCTION" missed="0" covered="6"/><counter type="LINE" missed="0" covered="1"/><counter type="COMPLEXITY" missed="0" covered="1"/><counter type="METHOD" missed="0" covered="1"/><counter type="CLASS" missed="0" covered="1"/></class><class name="com/cosmic/governance/api/service/SchemaService$ValidationResult" sourcefilename="SchemaService.java"><method name="&lt;init&gt;" desc="(ZZLjava/lang/String;)V" line="84"><counter type="INSTRUCTION" missed="0" covered="12"/><counter type="LINE" missed="0" covered="1"/><counter type="COMPLEXITY" missed="0" covered="1"/><counter type="METHOD" missed="0" covered="1"/></method><method name="ofValid" desc="()Lcom/cosmic/governance/api/service/SchemaService$ValidationResult;" line="85"><counter type="INSTRUCTION" missed="0" covered="7"/><counter type="LINE" missed="0" covered="1"/><counter type="COMPLEXITY" missed="0" covered="1"/><counter type="METHOD" missed="0" covered="1"/></method><method name="ofNoSchema" desc="()Lcom/cosmic/governance/api/service/SchemaService$ValidationResult;" line="86"><counter type="INSTRUCTION" missed="0" covered="7"/><counter type="LINE" missed="0" covered="1"/><counter type="COMPLEXITY" missed="0" covered="1"/><counter type="METHOD" missed="0" covered="1"/></method><method name="ofInvalid" desc="(Ljava/lang/String;)Lcom/cosmic/governance/api/service/SchemaService$ValidationResult;" line="87"><counter type="INSTRUCTION" missed="0" covered="7"/><counter type="LINE" missed="0" covered="1"/><counter type="COMPLEXITY" missed="0" covered="1"/><counter type="METHOD" missed="0" covered="1"/></method><counter type="INSTRUCTION" missed="0" covered="33"/><counter type="LINE" missed="0" covered="4"/><counter type="COMPLEXITY" missed="0" covered="4"/><counter type="METHOD" missed="0" covered="4"/><counter type="CLASS" missed="0" covered="1"/></class><class name="com/cosmic/governance/api/service/GovernanceIngestProcessingService" sourcefilename="GovernanceIngestProcessingService.java"><method name="&lt;init&gt;" desc="(Lcom/cosmic/governance/api/service/JobService;Lcom/cosmic/governance/api/service/GovernanceIngestMetricsService;Lcom/fasterxml/jackson/databind/ObjectMapper;Ljakarta/validation/Validator;)V" line="28"><counter type="INSTRUCTION" missed="0" covered="15"/><counter type="LINE" missed="0" covered="6"/><counter type="COMPLEXITY" missed="0" covered="1"/><counter type="METHOD" missed="0" covered="1"/></method><method name="process" desc="(Ljava/lang/String;Ljava/lang/String;Ljava/lang/String;)Lcom/cosmic/governance/api/service/GovernanceIngestProcessingService$ProcessingResult;" line="37"><counter type="INSTRUCTION" missed="41" covered="158"/><counter type="BRANCH" missed="11" covered="9"/><counter type="LINE" missed="4" covered="33"/><counter type="COMPLEXITY" missed="9" covered="2"/><counter type="METHOD" missed="0" covered="1"/></method><method name="extractDomainPayload" desc="(Ljava/util/Map;)Ljava/util/Map;" line="91"><counter type="INSTRUCTION" missed="29" covered="9"/><counter type="BRANCH" missed="11" covered="1"/><counter type="LINE" missed="7" covered="3"/><counter type="COMPLEXITY" missed="6" covered="1"/><counter type="METHOD" missed="0" covered="1"/></method><method name="isDuplicateRequestId" desc="(Ljava/util/Map;)Z" line="107"><counter type="INSTRUCTION" missed="6" covered="24"/><counter type="BRANCH" missed="3" covered="3"/><counter type="LINE" missed="2" covered="6"/><counter type="COMPLEXITY" missed="3" covered="1"/><counter type="METHOD" missed="0" covered="1"/></method><method name="stringValue" desc="(Ljava/util/Map;Ljava/lang/String;Ljava/lang/String;)Ljava/lang/String;" line="124"><counter type="INSTRUCTION" missed="1" covered="14"/><counter type="BRANCH" missed="2" covered="2"/><counter type="LINE" missed="0" covered="1"/><counter type="COMPLEXITY" missed="2" covered="1"/><counter type="METHOD" missed="0" covered="1"/></method><method name="validationReason" desc="(Ljava/util/Set;)Ljava/lang/String;" line="128"><counter type="INSTRUCTION" missed="41" covered="0"/><counter type="BRANCH" missed="12" covered="0"/><counter type="LINE" missed="8" covered="0"/><counter type="COMPLEXITY" missed="7" covered="0"/><counter type="METHOD" missed="1" covered="0"/></method><method name="lambda$isDuplicateRequestId$0" desc="(Ljava/lang/String;Lcom/cosmic/governance/api/dto/JobStatusResponse;)Z" line="117"><counter type="INSTRUCTION" missed="2" covered="14"/><counter type="BRANCH" missed="1" covered="1"/><counter type="LINE" missed="0" covered="3"/><counter type="COMPLEXITY" missed="1" covered="1"/><counter type="METHOD" missed="0" covered="1"/></method><counter type="INSTRUCTION" missed="120" covered="234"/><counter type="BRANCH" missed="40" covered="16"/><counter type="LINE" missed="21" covered="52"/><counter type="COMPLEXITY" missed="28" covered="7"/><counter type="METHOD" missed="1" covered="6"/><counter type="CLASS" missed="0" covered="1"/></class><class name="com/cosmic/governance/api/service/TopologyMetricsRegistry$InfrastructureMetrics" sourcefilename="TopologyMetricsRegistry.java"><method name="&lt;init&gt;" desc="(DDDDDDDDDDDDDDDDDDDDDDDDDDDDDDDD)V" line="1298"><counter type="INSTRUCTION" missed="0" covered="99"/><counter type="LINE" missed="0" covered="1"/><counter type="COMPLEXITY" missed="0" covered="1"/><counter type="METHOD" missed="0" covered="1"/></method><method name="unavailable" desc="()Lcom/cosmic/governance/api/service/TopologyMetricsRegistry$InfrastructureMetrics;" line="1333"><counter type="INSTRUCTION" missed="36" covered="0"/><counter type="LINE" missed="1" covered="0"/><counter type="COMPLEXITY" missed="1" covered="0"/><counter type="METHOD" missed="1" covered="0"/></method><counter type="INSTRUCTION" missed="36" covered="99"/><counter type="LINE" missed="1" covered="1"/><counter type="COMPLEXITY" missed="1" covered="1"/><counter type="METHOD" missed="1" covered="1"/><counter type="CLASS" missed="0" covered="1"/></class><class name="com/cosmic/governance/api/service/DatasetService" sourcefilename="DatasetService.java"><method name="&lt;init&gt;" desc="(Lorg/springframework/data/redis/core/RedisTemplate;)V" line="29"><counter type="INSTRUCTION" missed="6" covered="0"/><counter type="LINE" missed="2" covered="0"/><counter type="COMPLEXITY" missed="1" covered="0"/><counter type="METHOD" missed="1" covered="0"/></method><method name="&lt;init&gt;" desc="(Lorg/springframework/data/redis/core/RedisTemplate;Lcom/cosmic/governance/api/service/GovernanceRuntimeMetricsService;Lcom/cosmic/governance/api/service/GovernanceObjectStoreService;)V" line="26"><counter type="INSTRUCTION" missed="0" covered="17"/><counter type="LINE" missed="0" covered="6"/><counter type="COMPLEXITY" missed="0" covered="1"/><counter type="METHOD" missed="0" covered="1"/></method><method name="create" desc="(Lcom/cosmic/governance/api/dto/DatasetRequest;)Lcom/cosmic/governance/api/dto/DatasetResponse;" line="44"><counter type="INSTRUCTION" missed="34" covered="115"/><counter type="BRANCH" missed="10" covered="8"/><counter type="LINE" missed="4" covered="24"/><counter type="COMPLEXITY" missed="9" covered="1"/><counter type="METHOD" missed="0" covered="1"/></method><method name="get" desc="(Ljava/lang/String;)Ljava/util/Optional;" line="84"><counter type="INSTRUCTION" missed="32" covered="56"/><counter type="BRANCH" missed="3" covered="3"/><counter type="LINE" missed="5" covered="13"/><counter type="COMPLEXITY" missed="3" covered="1"/><counter type="METHOD" missed="0" covered="1"/></method><method name="listAll" desc="()Ljava/util/List;" line="110"><counter type="INSTRUCTION" missed="65" covered="0"/><counter type="BRANCH" missed="8" covered="0"/><counter type="LINE" missed="16" covered="0"/><counter type="COMPLEXITY" missed="5" covered="0"/><counter type="METHOD" missed="1" covered="0"/></method><method name="toResponse" desc="(Lcom/cosmic/governance/api/model/DatasetRecord;)Lcom/cosmic/governance/api/dto/DatasetResponse;" line="147"><counter type="INSTRUCTION" missed="0" covered="16"/><counter type="LINE" missed="0" covered="1"/><counter type="COMPLEXITY" missed="0" covered="1"/><counter type="METHOD" missed="0" covered="1"/></method><method name="recordRedisRead" desc="(Ljava/lang/String;Ljava/lang/Object;ZLjava/time/Duration;)V" line="151"><counter type="INSTRUCTION" missed="0" covered="12"/><counter type="BRANCH" missed="1" covered="1"/><counter type="LINE" missed="0" covered="3"/><counter type="COMPLEXITY" missed="1" covered="1"/><counter type="METHOD" missed="0" covered="1"/></method><method name="recordRedisWrite" desc="(Ljava/lang/String;Ljava/lang/Object;ZLjava/time/Duration;)V" line="157"><counter type="INSTRUCTION" missed="0" covered="12"/><counter type="BRANCH" missed="1" covered="1"/><counter type="LINE" missed="0" covered="3"/><counter type="COMPLEXITY" missed="1" covered="1"/><counter type="METHOD" missed="0" covered="1"/></method><method name="lambda$listAll$0" desc="(Ljava/lang/String;)Ljava/lang/Object;" line="121"><counter type="INSTRUCTION" missed="44" covered="0"/><counter type="LINE" missed="9" covered="0"/><counter type="COMPLEXITY" missed="1" covered="0"/><counter type="METHOD" missed="1" covered="0"/></method><counter type="INSTRUCTION" missed="181" covered="228"/><counter type="BRANCH" missed="23" covered="13"/><counter type="LINE" missed="36" covered="50"/><counter type="COMPLEXITY" missed="21" covered="6"/><counter type="METHOD" missed="3" covered="6"/><counter type="CLASS" missed="0" covered="1"/></class><class name="com/cosmic/governance/api/service/GovernanceObjectStoreService" sourcefilename="GovernanceObjectStoreService.java"><method name="&lt;init&gt;" desc="(Lcom/cosmic/governance/api/service/GovernanceRuntimeMetricsService;Lcom/fasterxml/jackson/databind/ObjectMapper;)V" line="47"><counter type="INSTRUCTION" missed="0" covered="9"/><counter type="LINE" missed="0" covered="4"/><counter type="COMPLEXITY" missed="0" covered="1"/><counter type="METHOD" missed="0" covered="1"/></method><method name="persistDatasetRecord" desc="(Lcom/cosmic/governance/api/model/DatasetRecord;)V" line="53"><counter type="INSTRUCTION" missed="2" covered="19"/><counter type="BRANCH" missed="2" covered="2"/><counter type="LINE" missed="2" covered="5"/><counter type="COMPLEXITY" missed="2" covered="1"/><counter type="METHOD" missed="0" covered="1"/></method><method name="writeToMinio" desc="(Ljava/lang/String;Ljava/lang/String;)Z" line="66"><counter type="INSTRUCTION" missed="54" covered="34"/><counter type="BRANCH" missed="1" covered="1"/><counter type="LINE" missed="13" covered="10"/><counter type="COMPLEXITY" missed="1" covered="1"/><counter type="METHOD" missed="0" covered="1"/></method><method name="ensureBucket" desc="(Lio/minio/MinioClient;)V" line="96"><counter type="INSTRUCTION" missed="22" covered="0"/><counter type="BRANCH" missed="2" covered="0"/><counter type="LINE" missed="4" covered="0"/><counter type="COMPLEXITY" missed="2" covered="0"/><counter type="METHOD" missed="1" covered="0"/></method><method name="writeToLocalSpool" desc="(Ljava/lang/String;Ljava/lang/String;)Z" line="103"><counter type="INSTRUCTION" missed="18" covered="45"/><counter type="LINE" missed="4" covered="6"/><counter type="COMPLEXITY" missed="0" covered="1"/><counter type="METHOD" missed="0" covered="1"/></method><method name="serialize" desc="(Lcom/cosmic/governance/api/model/DatasetRecord;)Ljava/lang/String;" line="119"><counter type="INSTRUCTION" missed="10" covered="5"/><counter type="LINE" missed="3" covered="1"/><counter type="COMPLEXITY" missed="0" covered="1"/><counter type="METHOD" missed="0" covered="1"/></method><method name="recordObjectWrite" desc="(Ljava/lang/String;Ljava/lang/String;Ljava/lang/Object;ZLjava/time/Duration;)V" line="127"><counter type="INSTRUCTION" missed="0" covered="13"/><counter type="BRANCH" missed="1" covered="1"/><counter type="LINE" missed="0" covered="3"/><counter type="COMPLEXITY" missed="1" covered="1"/><counter type="METHOD" missed="0" covered="1"/></method><method name="&lt;clinit&gt;" desc="()V" line="24"><counter type="INSTRUCTION" missed="0" covered="4"/><counter type="LINE" missed="0" covered="1"/><counter type="COMPLEXITY" missed="0" covered="1"/><counter type="METHOD" missed="0" covered="1"/></method><counter type="INSTRUCTION" missed="106" covered="129"/><counter type="BRANCH" missed="6" covered="4"/><counter type="LINE" missed="26" covered="30"/><counter type="COMPLEXITY" missed="6" covered="7"/><counter type="METHOD" missed="1" covered="7"/><counter type="CLASS" missed="0" covered="1"/></class><class name="com/cosmic/governance/api/service/ArchiveDrService" sourcefilename="ArchiveDrService.java"><method name="&lt;init&gt;" desc="(Lorg/springframework/data/redis/core/RedisTemplate;Lcom/fasterxml/jackson/databind/ObjectMapper;)V" line="31"><counter type="INSTRUCTION" missed="6" covered="0"/><counter type="LINE" missed="2" covered="0"/><counter type="COMPLEXITY" missed="1" covered="0"/><counter type="METHOD" missed="1" covered="0"/></method><method name="&lt;init&gt;" desc="(Lorg/springframework/data/redis/core/RedisTemplate;Lcom/fasterxml/jackson/databind/ObjectMapper;Lcom/cosmic/governance/api/service/GovernanceRuntimeMetricsService;)V" line="28"><counter type="INSTRUCTION" missed="0" covered="17"/><counter type="LINE" missed="0" covered="6"/><counter type="COMPLEXITY" missed="0" covered="1"/><counter type="METHOD" missed="0" covered="1"/></method><method name="store" desc="(Ljava/lang/String;Lcom/cosmic/governance/api/model/ReplicationPolicy;)V" line="42"><counter type="INSTRUCTION" missed="25" covered="23"/><counter type="BRANCH" missed="1" covered="1"/><counter type="LINE" missed="6" covered="6"/><counter type="COMPLEXITY" missed="1" covered="1"/><counter type="METHOD" missed="0" covered="1"/></method><method name="load" desc="(Ljava/lang/String;)Ljava/util/Optional;" line="58"><counter type="INSTRUCTION" missed="24" covered="44"/><counter type="BRANCH" missed="1" covered="3"/><counter type="LINE" missed="4" covered="11"/><counter type="COMPLEXITY" missed="1" covered="2"/><counter type="METHOD" missed="0" covered="1"/></method><method name="toPolicy" desc="(Ljava/lang/Object;)Ljava/util/Optional;" line="79"><counter type="INSTRUCTION" missed="8" covered="21"/><counter type="BRANCH" missed="2" covered="4"/><counter type="LINE" missed="2" covered="5"/><counter type="COMPLEXITY" missed="2" covered="2"/><counter type="METHOD" missed="0" covered="1"/></method><method name="createPolicy" desc="(Ljava/lang/String;ILjava/lang/String;I)Lcom/cosmic/governance/api/model/ReplicationPolicy;" line="92"><counter type="INSTRUCTION" missed="0" covered="28"/><counter type="BRANCH" missed="1" covered="1"/><counter type="LINE" missed="0" covered="7"/><counter type="COMPLEXITY" missed="1" covered="1"/><counter type="METHOD" missed="0" covered="1"/></method><method name="getPolicy" desc="(Ljava/lang/String;)Ljava/util/Optional;" line="103"><counter type="INSTRUCTION" missed="0" covered="4"/><counter type="LINE" missed="0" covered="1"/><counter type="COMPLEXITY" missed="0" covered="1"/><counter type="METHOD" missed="0" covered="1"/></method><method name="listPolicies" desc="()Ljava/util/List;" line="107"><counter type="INSTRUCTION" missed="41" covered="60"/><counter type="BRANCH" missed="7" covered="5"/><counter type="LINE" missed="6" covered="14"/><counter type="COMPLEXITY" missed="5" covered="2"/><counter type="METHOD" missed="0" covered="1"/></method><method name="drillRestore" desc="(Ljava/lang/String;Ljava/lang/String;)Lcom/cosmic/governance/api/model/RestoreDrillResult;" line="137"><counter type="INSTRUCTION" missed="2" covered="74"/><counter type="BRANCH" missed="4" covered="6"/><counter type="LINE" missed="0" covered="20"/><counter type="COMPLEXITY" missed="4" covered="2"/><counter type="METHOD" missed="0" covered="1"/></method><method name="recordRedisRead" desc="(Ljava/lang/String;Ljava/lang/Object;ZLjava/time/Duration;)V" line="167"><counter type="INSTRUCTION" missed="0" covered="12"/><counter type="BRANCH" missed="1" covered="1"/><counter type="LINE" missed="0" covered="3"/><counter type="COMPLEXITY" missed="1" covered="1"/><counter type="METHOD" missed="0" covered="1"/></method><method name="recordRedisWrite" desc="(Ljava/lang/String;Ljava/lang/Object;ZLjava/time/Duration;)V" line="173"><counter type="INSTRUCTION" missed="0" covered="12"/><counter type="BRANCH" missed="1" covered="1"/><counter type="LINE" missed="0" covered="3"/><counter type="COMPLEXITY" missed="1" covered="1"/><counter type="METHOD" missed="0" covered="1"/></method><counter type="INSTRUCTION" missed="106" covered="295"/><counter type="BRANCH" missed="18" covered="22"/><counter type="LINE" missed="20" covered="76"/><counter type="COMPLEXITY" missed="17" covered="14"/><counter type="METHOD" missed="1" covered="10"/><counter type="CLASS" missed="0" covered="1"/></class><class name="com/cosmic/governance/api/service/TopologyMetricsRegistry$LinkTelemetry" sourcefilename="TopologyMetricsRegistry.java"><method name="&lt;init&gt;" desc="(Ljava/lang/String;Ljava/lang/String;Ljava/lang/String;)V" line="1364"><counter type="INSTRUCTION" missed="0" covered="18"/><counter type="LINE" missed="0" covered="7"/><counter type="COMPLEXITY" missed="0" covered="1"/><counter type="METHOD" missed="0" covered="1"/></method><method name="key" desc="()Ljava/lang/String;" line="1374"><counter type="INSTRUCTION" missed="0" covered="6"/><counter type="LINE" missed="0" covered="1"/><counter type="COMPLEXITY" missed="0" covered="1"/><counter type="METHOD" missed="0" covered="1"/></method><method name="currentMBps" desc="()D" line="1378"><counter type="INSTRUCTION" missed="3" covered="0"/><counter type="LINE" missed="1" covered="0"/><counter type="COMPLEXITY" missed="1" covered="0"/><counter type="METHOD" missed="1" covered="0"/></method><method name="maxMBps" desc="()D" line="1382"><counter type="INSTRUCTION" missed="3" covered="0"/><counter type="LINE" missed="1" covered="0"/><counter type="COMPLEXITY" missed="1" covered="0"/><counter type="METHOD" missed="1" covered="0"/></method><method name="latencyMs" desc="()D" line="1386"><counter type="INSTRUCTION" missed="3" covered="0"/><counter type="LINE" missed="1" covered="0"/><counter type="COMPLEXITY" missed="1" covered="0"/><counter type="METHOD" missed="1" covered="0"/></method><method name="errorRatePct" desc="()D" line="1390"><counter type="INSTRUCTION" missed="3" covered="0"/><counter type="LINE" missed="1" covered="0"/><counter type="COMPLEXITY" missed="1" covered="0"/><counter type="METHOD" missed="1" covered="0"/></method><method name="utilizationPct" desc="()D" line="1394"><counter type="INSTRUCTION" missed="15" covered="0"/><counter type="BRANCH" missed="2" covered="0"/><counter type="LINE" missed="1" covered="0"/><counter type="COMPLEXITY" missed="2" covered="0"/><counter type="METHOD" missed="1" covered="0"/></method><counter type="INSTRUCTION" missed="27" covered="24"/><counter type="BRANCH" missed="2" covered="0"/><counter type="LINE" missed="5" covered="8"/><counter type="COMPLEXITY" missed="6" covered="2"/><counter type="METHOD" missed="5" covered="2"/><counter type="CLASS" missed="0" covered="1"/></class><class name="com/cosmic/governance/api/service/VisualizationMetricsService" sourcefilename="VisualizationMetricsService.java"><method name="&lt;init&gt;" desc="(Lcom/cosmic/governance/api/service/JobService;)V" line="13"><counter type="INSTRUCTION" missed="0" covered="16"/><counter type="LINE" missed="0" covered="5"/><counter type="COMPLEXITY" missed="0" covered="1"/><counter type="METHOD" missed="0" covered="1"/></method><method name="getVisualizationMetrics" desc="()Ljava/util/Map;" line="26"><counter type="INSTRUCTION" missed="965" covered="0"/><counter type="BRANCH" missed="78" covered="0"/><counter type="LINE" missed="162" covered="0"/><counter type="COMPLEXITY" missed="40" covered="0"/><counter type="METHOD" missed="1" covered="0"/></method><method name="currentQueueDepth" desc="()I" line="245"><counter type="INSTRUCTION" missed="9" covered="0"/><counter type="LINE" missed="1" covered="0"/><counter type="COMPLEXITY" missed="1" covered="0"/><counter type="METHOD" missed="1" covered="0"/></method><method name="currentJobFailureRate" desc="()D" line="249"><counter type="INSTRUCTION" missed="26" covered="0"/><counter type="BRANCH" missed="2" covered="0"/><counter type="LINE" missed="4" covered="0"/><counter type="COMPLEXITY" missed="2" covered="0"/><counter type="METHOD" missed="1" covered="0"/></method><method name="recordQueueDepthSample" desc="(I)Ljava/util/List;" line="256"><counter type="INSTRUCTION" missed="75" covered="0"/><counter type="BRANCH" missed="6" covered="0"/><counter type="LINE" missed="14" covered="0"/><counter type="COMPLEXITY" missed="4" covered="0"/><counter type="METHOD" missed="1" covered="0"/></method><counter type="INSTRUCTION" missed="1075" covered="16"/><counter type="BRANCH" missed="86" covered="0"/><counter type="LINE" missed="181" covered="5"/><counter type="COMPLEXITY" missed="47" covered="1"/><counter type="METHOD" missed="4" covered="1"/><counter type="CLASS" missed="0" covered="1"/></class><class name="com/cosmic/governance/api/service/JobScenarioService" sourcefilename="JobScenarioService.java"><method name="&lt;init&gt;" desc="(Lcom/cosmic/governance/api/service/JobService;)V" line="21"><counter type="INSTRUCTION" missed="0" covered="6"/><counter type="LINE" missed="0" covered="3"/><counter type="COMPLEXITY" missed="0" covered="1"/><counter type="METHOD" missed="0" covered="1"/></method><method name="seedSampleJobs" desc="(II)Ljava/util/Map;" line="26"><counter type="INSTRUCTION" missed="172" covered="0"/><counter type="BRANCH" missed="4" covered="0"/><counter type="LINE" missed="29" covered="0"/><counter type="COMPLEXITY" missed="3" covered="0"/><counter type="METHOD" missed="1" covered="0"/></method><method name="buildDeferredParams" desc="(Ljava/lang/String;I)Ljava/util/Map;" line="80"><counter type="INSTRUCTION" missed="62" covered="0"/><counter type="LINE" missed="11" covered="0"/><counter type="COMPLEXITY" missed="1" covered="0"/><counter type="METHOD" missed="1" covered="0"/></method><method name="buildIngestParams" desc="(I)Ljava/util/Map;" line="94"><counter type="INSTRUCTION" missed="73" covered="0"/><counter type="BRANCH" missed="2" covered="0"/><counter type="LINE" missed="13" covered="0"/><counter type="COMPLEXITY" missed="2" covered="0"/><counter type="METHOD" missed="1" covered="0"/></method><method name="&lt;clinit&gt;" desc="()V" line="15"><counter type="INSTRUCTION" missed="0" covered="8"/><counter type="LINE" missed="0" covered="1"/><counter type="COMPLEXITY" missed="0" covered="1"/><counter type="METHOD" missed="0" covered="1"/></method><counter type="INSTRUCTION" missed="307" covered="14"/><counter type="BRANCH" missed="6" covered="0"/><counter type="LINE" missed="53" covered="4"/><counter type="COMPLEXITY" missed="6" covered="2"/><counter type="METHOD" missed="3" covered="2"/><counter type="CLASS" missed="0" covered="1"/></class><class name="com/cosmic/governance/api/service/TopologyMetricsRegistry" sourcefilename="TopologyMetricsRegistry.java"><method name="&lt;init&gt;" desc="(Lio/micrometer/core/instrument/MeterRegistry;Lcom/cosmic/governance/api/service/JobService;Lcom/cosmic/governance/api/service/InfrastructureTelemetryService;)V" line="34"><counter type="INSTRUCTION" missed="0" covered="43"/><counter type="LINE" missed="0" covered="13"/><counter type="COMPLEXITY" missed="0" covered="1"/><counter type="METHOD" missed="0" covered="1"/></method><method name="updateRuntimeProfile" desc="(IILjava/lang/String;)V" line="57"><counter type="INSTRUCTION" missed="15" covered="0"/><counter type="BRANCH" missed="2" covered="0"/><counter type="LINE" missed="3" covered="0"/><counter type="COMPLEXITY" missed="2" covered="0"/><counter type="METHOD" missed="1" covered="0"/></method><method name="refresh" desc="()V" line="63"><counter type="INSTRUCTION" missed="48" covered="1109"/><counter type="BRANCH" missed="24" covered="42"/><counter type="LINE" missed="1" covered="165"/><counter type="COMPLEXITY" missed="24" covered="10"/><counter type="METHOD" missed="0" covered="1"/></method><method name="snapshot" desc="()Ljava/util/Map;" line="594"><counter type="INSTRUCTION" missed="0" covered="57"/><counter type="LINE" missed="0" covered="11"/><counter type="COMPLEXITY" missed="0" covered="1"/><counter type="METHOD" missed="0" covered="1"/></method><method name="registerCanonicalLinks" desc="()V" line="610"><counter type="INSTRUCTION" missed="0" covered="131"/><counter type="LINE" missed="0" covered="27"/><counter type="COMPLEXITY" missed="0" covered="1"/><counter type="METHOD" missed="0" covered="1"/></method><method name="registerLink" desc="(Ljava/lang/String;Ljava/lang/String;Ljava/lang/String;)V" line="639"><counter type="INSTRUCTION" missed="0" covered="120"/><counter type="LINE" missed="0" covered="33"/><counter type="COMPLEXITY" missed="0" covered="1"/><counter type="METHOD" missed="0" covered="1"/></method><method name="setLink" desc="(Ljava/lang/String;DDDD)V" line="675"><counter type="INSTRUCTION" missed="1" covered="35"/><counter type="BRANCH" missed="1" covered="1"/><counter type="LINE" missed="1" covered="8"/><counter type="COMPLEXITY" missed="1" covered="1"/><counter type="METHOD" missed="0" covered="1"/></method><method name="setMeasuredOrDerivedLink" desc="(Ljava/lang/String;DDDDD)V" line="694"><counter type="INSTRUCTION" missed="1" covered="53"/><counter type="BRANCH" missed="1" covered="7"/><counter type="LINE" missed="1" covered="10"/><counter type="COMPLEXITY" missed="1" covered="4"/><counter type="METHOD" missed="0" covered="1"/></method><method name="linkMap" desc="()Ljava/util/Map;" line="708"><counter type="INSTRUCTION" missed="0" covered="65"/><counter type="BRANCH" missed="0" covered="2"/><counter type="LINE" missed="0" covered="11"/><counter type="COMPLEXITY" missed="0" covered="2"/><counter type="METHOD" missed="0" covered="1"/></method><method name="buildRefreshDiagnostics" desc="()Ljava/util/Map;" line="725"><counter type="INSTRUCTION" missed="11" covered="166"/><counter type="BRANCH" missed="2" covered="6"/><counter type="LINE" missed="2" covered="30"/><counter type="COMPLEXITY" missed="2" covered="4"/><counter type="METHOD" missed="0" covered="1"/></method><method name="measurementPath" desc="(Ljava/lang/String;)Ljava/lang/String;" line="766"><counter type="INSTRUCTION" missed="1" covered="19"/><counter type="BRANCH" missed="1" covered="4"/><counter type="LINE" missed="1" covered="5"/><counter type="COMPLEXITY" missed="1" covered="3"/><counter type="METHOD" missed="0" covered="1"/></method><method name="logFallbackDerivedChanges" desc="(Ljava/util/Map;)V" line="798"><counter type="INSTRUCTION" missed="5" covered="35"/><counter type="BRANCH" missed="2" covered="4"/><counter type="LINE" missed="2" covered="11"/><counter type="COMPLEXITY" missed="2" covered="2"/><counter type="METHOD" missed="0" covered="1"/></method><method name="nodeActivityMap" desc="()Ljava/util/Map;" line="817"><counter type="INSTRUCTION" missed="5" covered="323"/><counter type="BRANCH" missed="1" covered="1"/><counter type="LINE" missed="3" covered="60"/><counter type="COMPLEXITY" missed="1" covered="1"/><counter type="METHOD" missed="0" covered="1"/></method><method name="safeServiceMap" desc="(Ljava/lang/Object;)Ljava/util/Map;" line="911"><counter type="INSTRUCTION" missed="0" covered="10"/><counter type="BRANCH" missed="0" covered="2"/><counter type="LINE" missed="0" covered="3"/><counter type="COMPLEXITY" missed="0" covered="2"/><counter type="METHOD" missed="0" covered="1"/></method><method name="executorLabels" desc="(Ljava/util/Map;)Ljava/util/List;" line="918"><counter type="INSTRUCTION" missed="72" covered="28"/><counter type="BRANCH" missed="4" covered="2"/><counter type="LINE" missed="11" covered="6"/><counter type="COMPLEXITY" missed="3" covered="1"/><counter type="METHOD" missed="0" covered="1"/></method><method name="confidencePct" desc="(Lcom/cosmic/governance/api/service/TopologyMetricsRegistry$LinkTelemetry;)I" line="941"><counter type="INSTRUCTION" missed="7" covered="54"/><counter type="BRANCH" missed="4" covered="5"/><counter type="LINE" missed="3" covered="11"/><counter type="COMPLEXITY" missed="4" covered="3"/><counter type="METHOD" missed="0" covered="1"/></method><method name="collectInfrastructureMetrics" desc="()Lcom/cosmic/governance/api/service/TopologyMetricsRegistry$InfrastructureMetrics;" line="962"><counter type="INSTRUCTION" missed="5" covered="293"/><counter type="BRANCH" missed="1" covered="1"/><counter type="LINE" missed="3" covered="46"/><counter type="COMPLEXITY" missed="1" covered="1"/><counter type="METHOD" missed="0" covered="1"/></method><method name="serviceCurrentMBps" desc="(Ljava/util/Map;Ljava/lang/String;)D" line="1021"><counter type="INSTRUCTION" missed="14" covered="407"/><counter type="BRANCH" missed="2" covered="29"/><counter type="LINE" missed="2" covered="44"/><counter type="COMPLEXITY" missed="2" covered="27"/><counter type="METHOD" missed="0" covered="1"/></method><method name="preferMeasured" desc="(DD)D" line="1080"><counter type="INSTRUCTION" missed="0" covered="8"/><counter type="BRANCH" missed="0" covered="2"/><counter type="LINE" missed="0" covered="1"/><counter type="COMPLEXITY" missed="0" covered="2"/><counter type="METHOD" missed="0" covered="1"/></method><method name="sumMeasured" desc="([D)D" line="1084"><counter type="INSTRUCTION" missed="8" covered="28"/><counter type="BRANCH" missed="2" covered="4"/><counter type="LINE" missed="2" covered="5"/><counter type="COMPLEXITY" missed="2" covered="2"/><counter type="METHOD" missed="0" covered="1"/></method><method name="weightedMeasuredAverage" desc="(DDDD)D" line="1101"><counter type="INSTRUCTION" missed="4" covered="58"/><counter type="BRANCH" missed="3" covered="11"/><counter type="LINE" missed="1" covered="12"/><counter type="COMPLEXITY" missed="3" covered="5"/><counter type="METHOD" missed="0" covered="1"/></method><method name="serviceLatencyMs" desc="(Ljava/util/Map;Ljava/lang/String;)D" line="1121"><counter type="INSTRUCTION" missed="1" covered="74"/><counter type="BRANCH" missed="1" covered="13"/><counter type="LINE" missed="1" covered="12"/><counter type="COMPLEXITY" missed="1" covered="11"/><counter type="METHOD" missed="0" covered="1"/></method><method name="serviceRatePerSec" desc="(Ljava/util/Map;Ljava/lang/String;)D" line="1139"><counter type="INSTRUCTION" missed="1" covered="32"/><counter type="BRANCH" missed="1" covered="6"/><counter type="LINE" missed="1" covered="5"/><counter type="COMPLEXITY" missed="1" covered="4"/><counter type="METHOD" missed="0" covered="1"/></method><method name="serviceErrorPct" desc="(Ljava/util/Map;Ljava/lang/String;)D" line="1150"><counter type="INSTRUCTION" missed="1" covered="32"/><counter type="BRANCH" missed="1" covered="6"/><counter type="LINE" missed="1" covered="5"/><counter type="COMPLEXITY" missed="1" covered="4"/><counter type="METHOD" missed="0" covered="1"/></method><method name="sumValues" desc="([Ljava/lang/Object;)D" line="1161"><counter type="INSTRUCTION" missed="0" covered="28"/><counter type="BRANCH" missed="0" covered="2"/><counter type="LINE" missed="0" covered="4"/><counter type="COMPLEXITY" missed="0" covered="2"/><counter type="METHOD" missed="0" covered="1"/></method><method name="toMBps" desc="([D)D" line="1169"><counter type="INSTRUCTION" missed="0" covered="28"/><counter type="BRANCH" missed="0" covered="2"/><counter type="LINE" missed="0" covered="4"/><counter type="COMPLEXITY" missed="0" covered="2"/><counter type="METHOD" missed="0" covered="1"/></method><method name="toDouble" desc="(Ljava/lang/Object;)D" line="1178"><counter type="INSTRUCTION" missed="3" covered="8"/><counter type="BRANCH" missed="0" covered="2"/><counter type="LINE" missed="2" covered="1"/><counter type="COMPLEXITY" missed="0" covered="2"/><counter type="METHOD" missed="0" covered="1"/></method><method name="collectJobCounts" desc="()Lcom/cosmic/governance/api/service/TopologyMetricsRegistry$JobCounts;" line="1185"><counter type="INSTRUCTION" missed="3" covered="85"/><counter type="BRANCH" missed="5" covered="15"/><counter type="LINE" missed="0" covered="18"/><counter type="COMPLEXITY" missed="5" covered="6"/><counter type="METHOD" missed="0" covered="1"/></method><method name="syntheticIngestMBps" desc="(Lcom/cosmic/governance/api/service/TopologyMetricsRegistry$JobCounts;)D" line="1209"><counter type="INSTRUCTION" missed="0" covered="40"/><counter type="LINE" missed="0" covered="5"/><counter type="COMPLEXITY" missed="0" covered="1"/><counter type="METHOD" missed="0" covered="1"/></method><method name="fetchPrometheusIngestMBps" desc="()D" line="1217"><counter type="INSTRUCTION" missed="2" covered="12"/><counter type="BRANCH" missed="1" covered="1"/><counter type="LINE" missed="1" covered="3"/><counter type="COMPLEXITY" missed="1" covered="1"/><counter type="METHOD" missed="0" covered="1"/></method><method name="queryPrometheusMBps" desc="(Ljava/lang/String;)D" line="1225"><counter type="INSTRUCTION" missed="5" covered="9"/><counter type="BRANCH" missed="1" covered="1"/><counter type="LINE" missed="0" covered="2"/><counter type="COMPLEXITY" missed="1" covered="1"/><counter type="METHOD" missed="0" covered="1"/></method><method name="queryPrometheusValue" desc="(Ljava/lang/String;)D" line="1230"><counter type="INSTRUCTION" missed="3" covered="9"/><counter type="BRANCH" missed="1" covered="1"/><counter type="LINE" missed="0" covered="2"/><counter type="COMPLEXITY" missed="1" covered="1"/><counter type="METHOD" missed="0" covered="1"/></method><method name="queryPrometheusMs" desc="(Ljava/lang/String;)D" line="1235"><counter type="INSTRUCTION" missed="3" covered="9"/><counter type="BRANCH" missed="1" covered="1"/><counter type="LINE" missed="0" covered="2"/><counter type="COMPLEXITY" missed="1" covered="1"/><counter type="METHOD" missed="0" covered="1"/></method><method name="queryPrometheusPercent" desc="(Ljava/lang/String;)D" line="1240"><counter type="INSTRUCTION" missed="3" covered="9"/><counter type="BRANCH" missed="1" covered="1"/><counter type="LINE" missed="0" covered="2"/><counter type="COMPLEXITY" missed="1" covered="1"/><counter type="METHOD" missed="0" covered="1"/></method><method name="queryScalar" desc="(Ljava/lang/String;)Lcom/cosmic/governance/api/service/TopologyMetricsRegistry$MetricValue;" line="1246"><counter type="INSTRUCTION" missed="43" covered="60"/><counter type="BRANCH" missed="12" covered="8"/><counter type="LINE" missed="11" covered="11"/><counter type="COMPLEXITY" missed="9" covered="2"/><counter type="METHOD" missed="0" covered="1"/></method><method name="resolvePrometheusBaseUrl" desc="()Ljava/lang/String;" line="1280"><counter type="INSTRUCTION" missed="0" covered="21"/><counter type="BRANCH" missed="1" covered="7"/><counter type="LINE" missed="0" covered="6"/><counter type="COMPLEXITY" missed="1" covered="4"/><counter type="METHOD" missed="0" covered="1"/></method><method name="round2" desc="(D)D" line="1291"><counter type="INSTRUCTION" missed="0" covered="8"/><counter type="LINE" missed="0" covered="1"/><counter type="COMPLEXITY" missed="0" covered="1"/><counter type="METHOD" missed="0" covered="1"/></method><method name="lambda$executorLabels$0" desc="(Ljava/util/Map$Entry;Ljava/util/Map$Entry;)I" line="931"><counter type="INSTRUCTION" missed="10" covered="0"/><counter type="LINE" missed="1" covered="0"/><counter type="COMPLEXITY" missed="1" covered="0"/><counter type="METHOD" missed="1" covered="0"/></method><method name="&lt;clinit&gt;" desc="()V" line="24"><counter type="INSTRUCTION" missed="0" covered="9"/><counter type="LINE" missed="0" covered="2"/><counter type="COMPLEXITY" missed="0" covered="1"/><counter type="METHOD" missed="0" covered="1"/></method><counter type="INSTRUCTION" missed="275" covered="3515"/><counter type="BRANCH" missed="76" covered="189"/><counter type="LINE" missed="53" covered="597"/><counter type="COMPLEXITY" missed="73" covered="119"/><counter type="METHOD" missed="2" covered="37"/><counter type="CLASS" missed="0" covered="1"/></class><class name="com/cosmic/governance/api/service/InfrastructureTelemetryService" sourcefilename="InfrastructureTelemetryService.java"><method name="&lt;init&gt;" desc="(Lcom/cosmic/governance/api/service/JobService;)V" line="24"><counter type="INSTRUCTION" missed="0" covered="16"/><counter type="LINE" missed="0" covered="5"/><counter type="COMPLEXITY" missed="0" covered="1"/><counter type="METHOD" missed="0" covered="1"/></method><method name="snapshot" desc="()Ljava/util/Map;" line="39"><counter type="INSTRUCTION" missed="0" covered="198"/><counter type="LINE" missed="0" covered="32"/><counter type="COMPLEXITY" missed="0" covered="1"/><counter type="METHOD" missed="0" covered="1"/></method><method name="redisSnapshot" desc="()Lcom/cosmic/governance/api/service/InfrastructureTelemetryService$ServiceSnapshot;" line="89"><counter type="INSTRUCTION" missed="0" covered="115"/><counter type="LINE" missed="0" covered="15"/><counter type="COMPLEXITY" missed="0" covered="1"/><counter type="METHOD" missed="0" covered="1"/></method><method name="rabbitmqSnapshot" desc="()Lcom/cosmic/governance/api/service/InfrastructureTelemetryService$ServiceSnapshot;" line="108"><counter type="INSTRUCTION" missed="0" covered="111"/><counter type="LINE" missed="0" covered="15"/><counter type="COMPLEXITY" missed="0" covered="1"/><counter type="METHOD" missed="0" covered="1"/></method><method name="minioSnapshot" desc="()Lcom/cosmic/governance/api/service/InfrastructureTelemetryService$ServiceSnapshot;" line="133"><counter type="INSTRUCTION" missed="0" covered="85"/><counter type="LINE" missed="0" covered="11"/><counter type="COMPLEXITY" missed="0" covered="1"/><counter type="METHOD" missed="0" covered="1"/></method><method name="nginxSnapshot" desc="()Lcom/cosmic/governance/api/service/InfrastructureTelemetryService$ServiceSnapshot;" line="153"><counter type="INSTRUCTION" missed="0" covered="102"/><counter type="LINE" missed="0" covered="13"/><counter type="COMPLEXITY" missed="0" covered="1"/><counter type="METHOD" missed="0" covered="1"/></method><method name="frontendSsrSnapshot" desc="()Lcom/cosmic/governance/api/service/InfrastructureTelemetryService$ServiceSnapshot;" line="173"><counter type="INSTRUCTION" missed="0" covered="441"/><counter type="LINE" missed="0" covered="55"/><counter type="COMPLEXITY" missed="0" covered="1"/><counter type="METHOD" missed="0" covered="1"/></method><method name="frontendRouteRequestRates" desc="()Ljava/util/Map;" line="296"><counter type="INSTRUCTION" missed="9" covered="42"/><counter type="BRANCH" missed="2" covered="4"/><counter type="LINE" missed="1" covered="7"/><counter type="COMPLEXITY" missed="2" covered="2"/><counter type="METHOD" missed="0" covered="1"/></method><method name="frontendApiRouteRequestRates" desc="()Ljava/util/Map;" line="321"><counter type="INSTRUCTION" missed="9" covered="78"/><counter type="BRANCH" missed="2" covered="4"/><counter type="LINE" missed="1" covered="7"/><counter type="COMPLEXITY" missed="2" covered="2"/><counter type="METHOD" missed="0" covered="1"/></method><method name="dataGeneratorSnapshot" desc="()Lcom/cosmic/governance/api/service/InfrastructureTelemetryService$ServiceSnapshot;" line="347"><counter type="INSTRUCTION" missed="0" covered="153"/><counter type="LINE" missed="0" covered="19"/><counter type="COMPLEXITY" missed="0" covered="1"/><counter type="METHOD" missed="0" covered="1"/></method><method name="kafkaSnapshot" desc="()Lcom/cosmic/governance/api/service/InfrastructureTelemetryService$ServiceSnapshot;" line="391"><counter type="INSTRUCTION" missed="0" covered="102"/><counter type="LINE" missed="0" covered="13"/><counter type="COMPLEXITY" missed="0" covered="1"/><counter type="METHOD" missed="0" covered="1"/></method><method name="javaIngestSnapshot" desc="()Lcom/cosmic/governance/api/service/InfrastructureTelemetryService$ServiceSnapshot;" line="411"><counter type="INSTRUCTION" missed="0" covered="153"/><counter type="LINE" missed="0" covered="19"/><counter type="COMPLEXITY" missed="0" covered="1"/><counter type="METHOD" missed="0" covered="1"/></method><method name="pulsarSnapshot" desc="()Lcom/cosmic/governance/api/service/InfrastructureTelemetryService$ServiceSnapshot;" line="446"><counter type="INSTRUCTION" missed="214" covered="69"/><counter type="BRANCH" missed="14" covered="0"/><counter type="LINE" missed="38" covered="17"/><counter type="COMPLEXITY" missed="7" covered="1"/><counter type="METHOD" missed="0" covered="1"/></method><method name="grafanaSnapshot" desc="()Lcom/cosmic/governance/api/service/InfrastructureTelemetryService$ServiceSnapshot;" line="532"><counter type="INSTRUCTION" missed="0" covered="136"/><counter type="LINE" missed="0" covered="17"/><counter type="COMPLEXITY" missed="0" covered="1"/><counter type="METHOD" missed="0" covered="1"/></method><method name="lokiSnapshot" desc="()Lcom/cosmic/governance/api/service/InfrastructureTelemetryService$ServiceSnapshot;" line="573"><counter type="INSTRUCTION" missed="0" covered="119"/><counter type="LINE" missed="0" covered="15"/><counter type="COMPLEXITY" missed="0" covered="1"/><counter type="METHOD" missed="0" covered="1"/></method><method name="alertmanagerSnapshot" desc="()Lcom/cosmic/governance/api/service/InfrastructureTelemetryService$ServiceSnapshot;" line="603"><counter type="INSTRUCTION" missed="0" covered="119"/><counter type="LINE" missed="0" covered="15"/><counter type="COMPLEXITY" missed="0" covered="1"/><counter type="METHOD" missed="0" covered="1"/></method><method name="governanceRuntimeSnapshot" desc="()Lcom/cosmic/governance/api/service/InfrastructureTelemetryService$ServiceSnapshot;" line="631"><counter type="INSTRUCTION" missed="0" covered="1851"/><counter type="LINE" missed="0" covered="224"/><counter type="COMPLEXITY" missed="0" covered="1"/><counter type="METHOD" missed="0" covered="1"/></method><method name="executorRuntimeSnapshot" desc="(Ljava/lang/String;)Ljava/util/Map;" line="1006"><counter type="INSTRUCTION" missed="0" covered="159"/><counter type="LINE" missed="0" covered="19"/><counter type="COMPLEXITY" missed="0" covered="1"/><counter type="METHOD" missed="0" covered="1"/></method><method name="workflowOutcomeSnapshots" desc="()Ljava/util/Map;" line="1041"><counter type="INSTRUCTION" missed="0" covered="27"/><counter type="BRANCH" missed="0" covered="2"/><counter type="LINE" missed="0" covered="5"/><counter type="COMPLEXITY" missed="0" covered="2"/><counter type="METHOD" missed="0" covered="1"/></method><method name="workflowOutcomeSnapshot" desc="(Ljava/lang/String;)Ljava/util/Map;" line="1049"><counter type="INSTRUCTION" missed="0" covered="124"/><counter type="LINE" missed="0" covered="15"/><counter type="COMPLEXITY" missed="0" covered="1"/><counter type="METHOD" missed="0" covered="1"/></method><method name="governanceHttpRouteRequestRates" desc="()Ljava/util/Map;" line="1081"><counter type="INSTRUCTION" missed="9" covered="85"/><counter type="BRANCH" missed="1" covered="3"/><counter type="LINE" missed="1" covered="6"/><counter type="COMPLEXITY" missed="1" covered="2"/><counter type="METHOD" missed="0" covered="1"/></method><method name="operatorReadRouteRates" desc="()Ljava/util/Map;" line="1109"><counter type="INSTRUCTION" missed="9" covered="53"/><counter type="BRANCH" missed="1" covered="3"/><counter type="LINE" missed="1" covered="6"/><counter type="COMPLEXITY" missed="1" covered="2"/><counter type="METHOD" missed="0" covered="1"/></method><method name="externalAdapterOperationRates" desc="(Ljava/lang/String;)Ljava/util/Map;" line="1129"><counter type="INSTRUCTION" missed="9" covered="70"/><counter type="BRANCH" missed="1" covered="3"/><counter type="LINE" missed="1" covered="6"/><counter type="COMPLEXITY" missed="1" covered="2"/><counter type="METHOD" missed="0" covered="1"/></method><method name="externalAdapterFailureRates" desc="(Ljava/lang/String;)Ljava/util/Map;" line="1153"><counter type="INSTRUCTION" missed="14" covered="66"/><counter type="BRANCH" missed="3" covered="3"/><counter type="LINE" missed="1" covered="6"/><counter type="COMPLEXITY" missed="2" covered="2"/><counter type="METHOD" missed="0" covered="1"/></method><method name="ingestReasonRates" desc="(Ljava/lang/String;Ljava/lang/String;)Ljava/util/Map;" line="1176"><counter type="INSTRUCTION" missed="9" covered="63"/><counter type="BRANCH" missed="1" covered="5"/><counter type="LINE" missed="1" covered="9"/><counter type="COMPLEXITY" missed="1" covered="3"/><counter type="METHOD" missed="0" covered="1"/></method><method name="queryScalar" desc="(Ljava/lang/String;)Lcom/cosmic/governance/api/service/InfrastructureTelemetryService$MetricValue;" line="1199"><counter type="INSTRUCTION" missed="109" covered="11"/><counter type="BRANCH" missed="17" covered="1"/><counter type="LINE" missed="22" covered="4"/><counter type="COMPLEXITY" missed="9" covered="1"/><counter type="METHOD" missed="0" covered="1"/></method><method name="resolvePrometheusBaseUrl" desc="()Ljava/lang/String;" line="1241"><counter type="INSTRUCTION" missed="3" covered="18"/><counter type="BRANCH" missed="5" covered="3"/><counter type="LINE" missed="0" covered="6"/><counter type="COMPLEXITY" missed="4" covered="1"/><counter type="METHOD" missed="0" covered="1"/></method><method name="sourceOf" desc="([Lcom/cosmic/governance/api/service/InfrastructureTelemetryService$MetricValue;)Ljava/lang/String;" line="1252"><counter type="INSTRUCTION" missed="2" covered="21"/><counter type="BRANCH" missed="1" covered="3"/><counter type="LINE" missed="1" covered="3"/><counter type="COMPLEXITY" missed="1" covered="2"/><counter type="METHOD" missed="0" covered="1"/></method><method name="overallSource" desc="([Lcom/cosmic/governance/api/service/InfrastructureTelemetryService$ServiceSnapshot;)Ljava/lang/String;" line="1261"><counter type="INSTRUCTION" missed="4" covered="48"/><counter type="BRANCH" missed="2" covered="6"/><counter type="LINE" missed="2" covered="5"/><counter type="COMPLEXITY" missed="2" covered="3"/><counter type="METHOD" missed="0" covered="1"/></method><method name="round2" desc="(D)D" line="1275"><counter type="INSTRUCTION" missed="0" covered="8"/><counter type="LINE" missed="0" covered="1"/><counter type="COMPLEXITY" missed="0" covered="1"/><counter type="METHOD" missed="0" covered="1"/></method><method name="&lt;clinit&gt;" desc="()V" line="23"><counter type="INSTRUCTION" missed="0" covered="4"/><counter type="LINE" missed="0" covered="1"/><counter type="COMPLEXITY" missed="0" covered="1"/><counter type="METHOD" missed="0" covered="1"/></method><counter type="INSTRUCTION" missed="400" covered="4647"/><counter type="BRANCH" missed="50" covered="40"/><counter type="LINE" missed="70" covered="591"/><counter type="COMPLEXITY" missed="33" covered="43"/><counter type="METHOD" missed="0" covered="31"/><counter type="CLASS" missed="0" covered="1"/></class><class name="com/cosmic/governance/api/service/JobService$SchedulerSnapshot" sourcefilename="JobService.java"><method name="&lt;init&gt;" desc="(IIIIDDI)V" line="1021"><counter type="INSTRUCTION" missed="0" covered="24"/><counter type="LINE" missed="0" covered="1"/><counter type="COMPLEXITY" missed="0" covered="1"/><counter type="METHOD" missed="0" covered="1"/></method><counter type="INSTRUCTION" missed="0" covered="24"/><counter type="LINE" missed="0" covered="1"/><counter type="COMPLEXITY" missed="0" covered="1"/><counter type="METHOD" missed="0" covered="1"/><counter type="CLASS" missed="0" covered="1"/></class><class name="com/cosmic/governance/api/service/AuditService" sourcefilename="AuditService.java"><method name="&lt;init&gt;" desc="(Lorg/springframework/amqp/rabbit/core/RabbitTemplate;Lorg/springframework/kafka/core/KafkaTemplate;Lcom/cosmic/governance/api/service/GovernanceRuntimeMetricsService;Lcom/fasterxml/jackson/databind/ObjectMapper;)V" line="33"><counter type="INSTRUCTION" missed="0" covered="15"/><counter type="LINE" missed="0" covered="6"/><counter type="COMPLEXITY" missed="0" covered="1"/><counter type="METHOD" missed="0" covered="1"/></method><method name="mirrorAuditEvent" desc="(Ljava/lang/String;)V" line="48"><counter type="INSTRUCTION" missed="23" covered="36"/><counter type="BRANCH" missed="3" covered="1"/><counter type="LINE" missed="6" covered="10"/><counter type="COMPLEXITY" missed="2" covered="1"/><counter type="METHOD" missed="0" covered="1"/></method><method name="publishControlEvent" desc="(Ljava/lang/String;Ljava/util/Map;)V" line="94"><counter type="INSTRUCTION" missed="26" covered="85"/><counter type="BRANCH" missed="5" covered="3"/><counter type="LINE" missed="6" covered="22"/><counter type="COMPLEXITY" missed="4" covered="1"/><counter type="METHOD" missed="0" covered="1"/></method><method name="publishJobEvent" desc="(Ljava/lang/String;Ljava/lang/String;Ljava/util/Map;)V" line="163"><counter type="INSTRUCTION" missed="0" covered="14"/><counter type="LINE" missed="0" covered="3"/><counter type="COMPLEXITY" missed="0" covered="1"/><counter type="METHOD" missed="0" covered="1"/></method><method name="&lt;clinit&gt;" desc="()V" line="20"><counter type="INSTRUCTION" missed="0" covered="4"/><counter type="LINE" missed="0" covered="1"/><counter type="COMPLEXITY" missed="0" covered="1"/><counter type="METHOD" missed="0" covered="1"/></method><counter type="INSTRUCTION" missed="49" covered="154"/><counter type="BRANCH" missed="8" covered="4"/><counter type="LINE" missed="12" covered="42"/><counter type="COMPLEXITY" missed="6" covered="5"/><counter type="METHOD" missed="0" covered="5"/><counter type="CLASS" missed="0" covered="1"/></class><class name="com/cosmic/governance/api/service/CommissioningScenarioService" sourcefilename="CommissioningScenarioService.java"><method name="&lt;init&gt;" desc="()V" line="15"><counter type="INSTRUCTION" missed="0" covered="3"/><counter type="LINE" missed="0" covered="1"/><counter type="COMPLEXITY" missed="0" covered="1"/><counter type="METHOD" missed="0" covered="1"/></method><method name="getScenarios" desc="()Ljava/util/List;" line="38"><counter type="INSTRUCTION" missed="0" covered="2"/><counter type="LINE" missed="0" covered="1"/><counter type="COMPLEXITY" missed="0" covered="1"/><counter type="METHOD" missed="0" covered="1"/></method><method name="findById" desc="(Ljava/lang/String;)Ljava/util/Optional;" line="42"><counter type="INSTRUCTION" missed="0" covered="7"/><counter type="LINE" missed="0" covered="1"/><counter type="COMPLEXITY" missed="0" covered="1"/><counter type="METHOD" missed="0" covered="1"/></method><method name="validate" desc="(Lcom/cosmic/governance/api/dto/CommissioningValidateRequest;)Lcom/cosmic/governance/api/dto/CommissioningValidateResult;" line="46"><counter type="INSTRUCTION" missed="1" covered="75"/><counter type="BRANCH" missed="2" covered="8"/><counter type="LINE" missed="0" covered="18"/><counter type="COMPLEXITY" missed="2" covered="4"/><counter type="METHOD" missed="0" covered="1"/></method><method name="lambda$findById$0" desc="(Ljava/lang/String;Lcom/cosmic/governance/api/model/CommissioningScenario;)Z" line="42"><counter type="INSTRUCTION" missed="0" covered="5"/><counter type="LINE" missed="0" covered="1"/><counter type="COMPLEXITY" missed="0" covered="1"/><counter type="METHOD" missed="0" covered="1"/></method><method name="&lt;clinit&gt;" desc="()V" line="17"><counter type="INSTRUCTION" missed="0" covered="36"/><counter type="LINE" missed="0" covered="4"/><counter type="COMPLEXITY" missed="0" covered="1"/><counter type="METHOD" missed="0" covered="1"/></method><counter type="INSTRUCTION" missed="1" covered="128"/><counter type="BRANCH" missed="2" covered="8"/><counter type="LINE" missed="0" covered="25"/><counter type="COMPLEXITY" missed="2" covered="9"/><counter type="METHOD" missed="0" covered="6"/><counter type="CLASS" missed="0" covered="1"/></class><class name="com/cosmic/governance/api/service/GovernanceIngestProcessingService$ProcessingResult" sourcefilename="GovernanceIngestProcessingService.java"><method name="&lt;init&gt;" desc="(Ljava/lang/String;Ljava/lang/String;ZZ)V" line="140"><counter type="INSTRUCTION" missed="0" covered="15"/><counter type="LINE" missed="0" covered="1"/><counter type="COMPLEXITY" missed="0" covered="1"/><counter type="METHOD" missed="0" covered="1"/></method><method name="accepted" desc="(Ljava/lang/String;Ljava/lang/String;)Lcom/cosmic/governance/api/service/GovernanceIngestProcessingService$ProcessingResult;" line="142"><counter type="INSTRUCTION" missed="0" covered="8"/><counter type="LINE" missed="0" covered="1"/><counter type="COMPLEXITY" missed="0" covered="1"/><counter type="METHOD" missed="0" covered="1"/></method><method name="duplicate" desc="(Ljava/lang/String;Ljava/lang/String;)Lcom/cosmic/governance/api/service/GovernanceIngestProcessingService$ProcessingResult;" line="146"><counter type="INSTRUCTION" missed="0" covered="8"/><counter type="LINE" missed="0" covered="1"/><counter type="COMPLEXITY" missed="0" covered="1"/><counter type="METHOD" missed="0" covered="1"/></method><counter type="INSTRUCTION" missed="0" covered="31"/><counter type="LINE" missed="0" covered="3"/><counter type="COMPLEXITY" missed="0" covered="3"/><counter type="METHOD" missed="0" covered="3"/><counter type="CLASS" missed="0" covered="1"/></class><class name="com/cosmic/governance/api/service/GovernanceIngestMetricsService" sourcefilename="GovernanceIngestMetricsService.java"><method name="&lt;init&gt;" desc="(Lio/micrometer/core/instrument/MeterRegistry;)V" line="16"><counter type="INSTRUCTION" missed="0" covered="6"/><counter type="LINE" missed="0" covered="3"/><counter type="COMPLEXITY" missed="0" covered="1"/><counter type="METHOD" missed="0" covered="1"/></method><method name="recordReceive" desc="(Ljava/lang/String;Ljava/lang/String;Ljav
[...]
" mb="0" cb="0"/><line nr="300" mi="0" ci="1" mb="0" cb="0"/><line nr="303" mi="0" ci="3" mb="1" cb="1"/><line nr="304" mi="1" ci="0" mb="0" cb="0"/><line nr="306" mi="0" ci="8" mb="0" cb="0"/><line nr="307" mi="0" ci="8" mb="0" cb="0"/><line nr="308" mi="0" ci="1" mb="0" cb="0"/><line nr="312" mi="0" ci="5" mb="0" cb="0"/><line nr="313" mi="1" ci="0" mb="0" cb="0"/><line nr="314" mi="2" ci="0" mb="0" cb="0"/><line nr="319" mi="0" ci="5" mb="2" cb="2"/><line nr="320" mi="2" ci="0" mb="0" cb="0"/><line nr="322" mi="0" ci="4" mb="0" cb="0"/><line nr="323" mi="1" ci="8" mb="1" cb="1"/><counter type="INSTRUCTION" missed="603" covered="431"/><counter type="BRANCH" missed="90" covered="20"/><counter type="LINE" missed="110" covered="95"/><counter type="COMPLEXITY" missed="55" covered="14"/><counter type="METHOD" missed="0" covered="14"/><counter type="CLASS" missed="0" covered="1"/></sourcefile><sourcefile name="VoJobExecutor.java"><line nr="42" mi="0" ci="4" mb="0" cb="0"/><line nr="51" mi="0" ci="2" mb="0" cb="0"/><line nr="52" mi="0" ci="3" mb="0" cb="0"/><line nr="53" mi="0" ci="3" mb="0" cb="0"/><line nr="54" mi="0" ci="3" mb="0" cb="0"/><line nr="55" mi="0" ci="1" mb="0" cb="0"/><line nr="59" mi="0" ci="2" mb="0" cb="0"/><line nr="64" mi="0" ci="4" mb="0" cb="0"/><line nr="65" mi="0" ci="3" mb="0" cb="0"/><line nr="68" mi="0" ci="10" mb="0" cb="0"/><line nr="69" mi="0" ci="5" mb="0" cb="0"/><line nr="70" mi="1" ci="2" mb="1" cb="1"/><line nr="71" mi="0" ci="3" mb="0" cb="0"/><line nr="72" mi="0" ci="4" mb="0" cb="0"/><line nr="73" mi="0" ci="6" mb="0" cb="0"/><line nr="74" mi="0" ci="4" mb="0" cb="0"/><line nr="75" mi="0" ci="6" mb="0" cb="0"/><line nr="76" mi="0" ci="3" mb="0" cb="0"/><line nr="77" mi="0" ci="5" mb="0" cb="0"/><line nr="78" mi="0" ci="6" mb="0" cb="0"/><line nr="79" mi="0" ci="1" mb="0" cb="0"/><line nr="82" mi="0" ci="10" mb="0" cb="0"/><line nr="83" mi="0" ci="5" mb="0" cb="0"/><line nr="84" mi="1" ci="2" mb="1" cb="1"/><line nr="86" mi="2" ci="6" mb="1" cb="1"/><line nr="87" mi="0" ci="7" mb="0" cb="0"/><line nr="90" mi="0" ci="2" mb="0" cb="0"/><line nr="91" mi="0" ci="15" mb="0" cb="0"/><line nr="92" mi="0" ci="5" mb="0" cb="0"/><line nr="93" mi="0" ci="4" mb="0" cb="0"/><line nr="94" mi="0" ci="5" mb="0" cb="0"/><line nr="95" mi="0" ci="6" mb="0" cb="0"/><line nr="96" mi="0" ci="6" mb="0" cb="0"/><line nr="98" mi="0" ci="3" mb="0" cb="0"/><line nr="99" mi="0" ci="6" mb="0" cb="0"/><line nr="101" mi="0" ci="3" mb="0" cb="0"/><line nr="103" mi="0" ci="5" mb="0" cb="0"/><line nr="106" mi="0" ci="5" mb="0" cb="0"/><line nr="107" mi="1" ci="2" mb="1" cb="1"/><line nr="108" mi="0" ci="2" mb="0" cb="0"/><line nr="109" mi="0" ci="6" mb="0" cb="0"/><line nr="110" mi="0" ci="3" mb="0" cb="0"/><line nr="111" mi="0" ci="4" mb="0" cb="0"/><line nr="112" mi="0" ci="6" mb="0" cb="0"/><line nr="113" mi="0" ci="5" mb="0" cb="0"/><line nr="114" mi="0" ci="7" mb="0" cb="0"/><line nr="115" mi="0" ci="7" mb="0" cb="0"/><line nr="116" mi="0" ci="2" mb="0" cb="0"/><line nr="118" mi="0" ci="1" mb="0" cb="0"/><line nr="119" mi="0" ci="7" mb="0" cb="0"/><line nr="120" mi="0" ci="5" mb="0" cb="0"/><line nr="121" mi="0" ci="2" mb="1" cb="1"/><line nr="122" mi="0" ci="2" mb="0" cb="0"/><line nr="123" mi="0" ci="6" mb="0" cb="0"/><line nr="124" mi="0" ci="3" mb="0" cb="0"/><line nr="125" mi="0" ci="4" mb="0" cb="0"/><line nr="126" mi="0" ci="6" mb="0" cb="0"/><line nr="127" mi="0" ci="5" mb="0" cb="0"/><line nr="128" mi="0" ci="7" mb="0" cb="0"/><line nr="130" mi="0" ci="1" mb="0" cb="0"/><line nr="131" mi="0" ci="1" mb="0" cb="0"/><line nr="132" mi="0" ci="1" mb="0" cb="0"/><line nr="139" mi="0" ci="9" mb="8" cb="1"/><line nr="140" mi="0" ci="6" mb="0" cb="0"/><line nr="141" mi="6" ci="0" mb="0" cb="0"/><line nr="142" mi="6" ci="0" mb="0" cb="0"/><line nr="143" mi="6" ci="0" mb="0" cb="0"/><line nr="144" mi="6" ci="0" mb="0" cb="0"/><line nr="145" mi="6" ci="0" mb="0" cb="0"/><line nr="146" mi="6" ci="0" mb="0" cb="0"/><line nr="147" mi="6" ci="0" mb="0" cb="0"/><line nr="149" mi="6" ci="0" mb="0" cb="0"/><line nr="150" mi="3" ci="0" mb="0" cb="0"/><line nr="160" mi="0" ci="5" mb="0" cb="0"/><line nr="161" mi="0" ci="5" mb="0" cb="0"/><line nr="162" mi="0" ci="6" mb="0" cb="0"/><line nr="163" mi="0" ci="6" mb="0" cb="0"/><line nr="165" mi="5" ci="7" mb="1" cb="1"/><line nr="166" mi="0" ci="3" mb="0" cb="0"/><line nr="167" mi="0" ci="3" mb="0" cb="0"/><line nr="169" mi="0" ci="11" mb="0" cb="0"/><line nr="170" mi="0" ci="4" mb="0" cb="0"/><line nr="178" mi="5" ci="0" mb="0" cb="0"/><line nr="179" mi="6" ci="0" mb="0" cb="0"/><line nr="180" mi="6" ci="0" mb="0" cb="0"/><line nr="182" mi="6" ci="0" mb="0" cb="0"/><line nr="183" mi="4" ci="0" mb="2" cb="0"/><line nr="184" mi="10" ci="0" mb="0" cb="0"/><line nr="185" mi="10" ci="0" mb="4" cb="0"/><line nr="186" mi="2" ci="0" mb="2" cb="0"/><line nr="187" mi="5" ci="0" mb="0" cb="0"/><line nr="188" mi="6" ci="0" mb="0" cb="0"/><line nr="189" mi="6" ci="0" mb="0" cb="0"/><line nr="190" mi="5" ci="0" mb="0" cb="0"/><line nr="192" mi="4" ci="0" mb="2" cb="0"/><line nr="193" mi="8" ci="0" mb="0" cb="0"/><line nr="194" mi="4" ci="0" mb="2" cb="0"/><line nr="195" mi="8" ci="0" mb="0" cb="0"/><line nr="197" mi="2" ci="0" mb="0" cb="0"/><line nr="198" mi="5" ci="0" mb="0" cb="0"/><line nr="199" mi="6" ci="0" mb="0" cb="0"/><line nr="200" mi="4" ci="0" mb="0" cb="0"/><line nr="208" mi="0" ci="5" mb="0" cb="0"/><line nr="209" mi="0" ci="6" mb="0" cb="0"/><line nr="210" mi="0" ci="6" mb="0" cb="0"/><line nr="211" mi="0" ci="6" mb="0" cb="0"/><line nr="212" mi="0" ci="6" mb="0" cb="0"/><line nr="214" mi="0" ci="6" mb="0" cb="0"/><line nr="215" mi="6" ci="0" mb="0" cb="0"/><line nr="216" mi="4" ci="0" mb="0" cb="0"/><line nr="224" mi="5" ci="0" mb="0" cb="0"/><line nr="225" mi="6" ci="0" mb="0" cb="0"/><line nr="226" mi="6" ci="0" mb="0" cb="0"/><line nr="227" mi="4" ci="0" mb="0" cb="0"/><line nr="235" mi="5" ci="0" mb="0" cb="0"/><line nr="236" mi="5" ci="0" mb="0" cb="0"/><line nr="237" mi="6" ci="0" mb="0" cb="0"/><line nr="239" mi="6" ci="0" mb="0" cb="0"/><line nr="240" mi="6" ci="0" mb="0" cb="0"/><line nr="242" mi="4" ci="0" mb="0" cb="0"/><line nr="244" mi="7" ci="0" mb="0" cb="0"/><line nr="245" mi="2" ci="0" mb="0" cb="0"/><line nr="252" mi="5" ci="0" mb="0" cb="0"/><line nr="253" mi="6" ci="0" mb="0" cb="0"/><line nr="254" mi="6" ci="0" mb="0" cb="0"/><line nr="255" mi="8" ci="0" mb="0" cb="0"/><line nr="257" mi="4" ci="0" mb="0" cb="0"/><line nr="258" mi="8" ci="0" mb="0" cb="0"/><line nr="259" mi="10" ci="0" mb="0" cb="0"/><line nr="260" mi="12" ci="0" mb="0" cb="0"/><line nr="261" mi="2" ci="0" mb="0" cb="0"/><line nr="269" mi="5" ci="0" mb="0" cb="0"/><line nr="270" mi="5" ci="0" mb="0" cb="0"/><line nr="271" mi="6" ci="0" mb="0" cb="0"/><line nr="273" mi="9" ci="0" mb="0" cb="0"/><line nr="274" mi="10" ci="0" mb="4" cb="0"/><line nr="275" mi="2" ci="0" mb="2" cb="0"/><line nr="276" mi="11" ci="0" mb="0" cb="0"/><line nr="277" mi="6" ci="0" mb="0" cb="0"/><line nr="278" mi="3" ci="0" mb="0" cb="0"/><line nr="280" mi="4" ci="0" mb="2" cb="0"/><line nr="281" mi="11" ci="0" mb="0" cb="0"/><line nr="283" mi="9" ci="0" mb="0" cb="0"/><line nr="285" mi="4" ci="0" mb="0" cb="0"/><line nr="286" mi="8" ci="0" mb="0" cb="0"/><line nr="287" mi="11" ci="0" mb="0" cb="0"/><line nr="288" mi="1" ci="0" mb="0" cb="0"/><line nr="289" mi="2" ci="0" mb="0" cb="0"/><line nr="290" mi="13" ci="0" mb="0" cb="0"/><line nr="293" mi="2" ci="0" mb="0" cb="0"/><line nr="300" mi="5" ci="0" mb="0" cb="0"/><line nr="301" mi="6" ci="0" mb="0" cb="0"/><line nr="302" mi="8" ci="0" mb="0" cb="0"/><line nr="303" mi="4" ci="0" mb="0" cb="0"/><line nr="304" mi="7" ci="0" mb="0" cb="0"/><line nr="305" mi="9" ci="0" mb="0" cb="0"/><line nr="306" mi="12" ci="0" mb="0" cb="0"/><line nr="309" mi="2" ci="0" mb="0" cb="0"/><line nr="315" mi="0" ci="2" mb="0" cb="0"/><line nr="316" mi="0" ci="3" mb="0" cb="0"/><line nr="318" mi="0" ci="4" mb="0" cb="0"/><line nr="319" mi="0" ci="4" mb="0" cb="0"/><line nr="320" mi="0" ci="4" mb="0" cb="0"/><line nr="321" mi="0" ci="6" mb="0" cb="0"/><line nr="322" mi="0" ci="4" mb="0" cb="0"/><line nr="325" mi="0" ci="4" mb="0" cb="0"/><line nr="326" mi="0" ci="4" mb="0" cb="0"/><line nr="327" mi="0" ci="8" mb="0" cb="2"/><line nr="328" mi="0" ci="5" mb="0" cb="0"/><line nr="329" mi="0" ci="4" mb="0" cb="0"/><line nr="330" mi="4" ci="5" mb="2" cb="2"/><line nr="331" mi="2" ci="6" mb="1" cb="1"/><line nr="335" mi="0" ci="4" mb="0" cb="0"/><line nr="336" mi="0" ci="4" mb="0" cb="0"/><line nr="337" mi="2" ci="6" mb="1" cb="1"/><line nr="338" mi="5" ci="0" mb="0" cb="0"/><line nr="339" mi="4" ci="0" mb="0" cb="0"/><line nr="340" mi="4" ci="0" mb="0" cb="0"/><line nr="341" mi="8" ci="0" mb="2" cb="0"/><line nr="342" mi="7" ci="0" mb="0" cb="0"/><line nr="343" mi="7" ci="0" mb="2" cb="0"/><line nr="347" mi="0" ci="4" mb="0" cb="0"/><line nr="348" mi="0" ci="4" mb="0" cb="0"/><line nr="349" mi="2" ci="6" mb="1" cb="1"/><line nr="350" mi="5" ci="0" mb="0" cb="0"/><line nr="351" mi="4" ci="0" mb="0" cb="0"/><line nr="352" mi="9" ci="0" mb="4" cb="0"/><line nr="353" mi="5" ci="0" mb="4" cb="0"/><line nr="354" mi="10" ci="0" mb="0" cb="0"/><line nr="356" mi="0" ci="4" mb="0" cb="0"/><line nr="357" mi="2" ci="6" mb="1" cb="1"/><line nr="358" mi="5" ci="0" mb="0" cb="0"/><line nr="359" mi="5" ci="0" mb="4" cb="0"/><line nr="360" mi="11" ci="0" mb="0" cb="0"/><line nr="363" mi="0" ci="4" mb="0" cb="0"/><line nr="364" mi="0" ci="5" mb="0" cb="0"/><line nr="365" mi="0" ci="5" mb="0" cb="0"/><line nr="366" mi="0" ci="5" mb="0" cb="0"/><line nr="367" mi="0" ci="2" mb="0" cb="0"/><line nr="373" mi="6" ci="0" mb="0" cb="0"/><line nr="374" mi="6" ci="0" mb="0" cb="0"/><line nr="375" mi="6" ci="0" mb="0" cb="0"/><line nr="376" mi="8" ci="0" mb="2" cb="0"/><line nr="377" mi="6" ci="0" mb="0" cb="0"/><line nr="378" mi="6" ci="0" mb="2" cb="0"/><line nr="379" mi="6" ci="0" mb="2" cb="0"/><line nr="380" mi="10" ci="0" mb="4" cb="0"/><line nr="382" mi="4" ci="0" mb="0" cb="0"/><line nr="383" mi="4" ci="0" mb="2" cb="0"/><line nr="384" mi="10" ci="0" mb="2" cb="0"/><line nr="385" mi="5" ci="0" mb="2" cb="0"/><line nr="386" mi="5" ci="0" mb="0" cb="0"/><line nr="387" mi="13" ci="0" mb="4" cb="0"/><line nr="388" mi="13" ci="0" mb="4" cb="0"/><line nr="389" mi="5" ci="0" mb="4" cb="0"/><line nr="390" mi="10" ci="0" mb="0" cb="0"/><line nr="391" mi="1" ci="0" mb="0" cb="0"/><line nr="392" mi="2" ci="0" mb="0" cb="0"/><line nr="398" mi="0" ci="2" mb="0" cb="0"/><line nr="399" mi="0" ci="2" mb="0" cb="0"/><line nr="400" mi="0" ci="2" mb="0" cb="0"/><line nr="401" mi="0" ci="2" mb="0" cb="0"/><line nr="402" mi="0" ci="2" mb="0" cb="0"/><line nr="403" mi="0" ci="3" mb="0" cb="0"/><line nr="404" mi="0" ci="2" mb="0" cb="0"/><line nr="405" mi="0" ci="1" mb="0" cb="0"/><line nr="406" mi="0" ci="2" mb="0" cb="0"/><line nr="408" mi="0" ci="5" mb="0" cb="0"/><line nr="409" mi="0" ci="4" mb="0" cb="0"/><line nr="410" mi="0" ci="4" mb="0" cb="2"/><line nr="411" mi="0" ci="11" mb="0" cb="0"/><line nr="412" mi="0" ci="8" mb="0" cb="0"/><line nr="414" mi="0" ci="8" mb="0" cb="0"/><line nr="415" mi="0" ci="4" mb="0" cb="0"/><line nr="416" mi="0" ci="1" mb="0" cb="0"/><line nr="417" mi="0" ci="12" mb="0" cb="0"/><line nr="418" mi="0" ci="2" mb="0" cb="0"/><line nr="425" mi="0" ci="2" mb="0" cb="0"/><line nr="426" mi="0" ci="5" mb="0" cb="0"/><line nr="427" mi="0" ci="3" mb="1" cb="1"/><line nr="428" mi="0" ci="12" mb="0" cb="0"/><line nr="430" mi="0" ci="5" mb="0" cb="0"/><line nr="434" mi="0" ci="2" mb="0" cb="0"/><line nr="435" mi="0" ci="7" mb="0" cb="0"/><line nr="436" mi="0" ci="3" mb="1" cb="1"/><line nr="437" mi="0" ci="13" mb="0" cb="0"/><line nr="439" mi="0" ci="1" mb="0" cb="0"/><line nr="442" mi="0" ci="2" mb="0" cb="0"/><line nr="443" mi="0" ci="5" mb="0" cb="0"/><line nr="444" mi="0" ci="3" mb="1" cb="1"/><line nr="445" mi="0" ci="12" mb="0" cb="0"/><line nr="447" mi="0" ci="1" mb="0" cb="0"/><line nr="450" mi="0" ci="3" mb="1" cb="1"/><line nr="451" mi="0" ci="7" mb="0" cb="0"/><line nr="453" mi="0" ci="1" mb="0" cb="0"/><line nr="463" mi="0" ci="3" mb="1" cb="1"/><line nr="464" mi="0" ci="10" mb="0" cb="0"/><line nr="474" mi="0" ci="1" mb="0" cb="0"/><line nr="477" mi="0" ci="3" mb="1" cb="1"/><line nr="478" mi="1" ci="0" mb="0" cb="0"/><line nr="480" mi="0" ci="8" mb="0" cb="0"/><line nr="481" mi="0" ci="8" mb="0" cb="0"/><line nr="482" mi="0" ci="1" mb="0" cb="0"/><line nr="486" mi="0" ci="5" mb="0" cb="0"/><line nr="487" mi="1" ci="0" mb="0" cb="0"/><line nr="488" mi="2" ci="0" mb="0" cb="0"/><line nr="493" mi="0" ci="5" mb="2" cb="2"/><line nr="494" mi="2" ci="0" mb="0" cb="0"/><line nr="496" mi="0" ci="4" mb="0" cb="0"/><line nr="497" mi="1" ci="8" mb="1" cb="1"/><line nr="501" mi="0" ci="3" mb="1" cb="1"/><line nr="502" mi="2" ci="0" mb="0" cb="0"/><line nr="504" mi="0" ci="3" mb="1" cb="1"/><line nr="505" mi="0" ci="2" mb="0" cb="0"/><line nr="507" mi="2" ci="0" mb="0" cb="0"/><line nr="511" mi="0" ci="2" mb="1" cb="1"/><line nr="512" mi="2" ci="0" mb="0" cb="0"/><line nr="514" mi="0" ci="4" mb="0" cb="0"/><line nr="515" mi="0" ci="9" mb="3" cb="1"/><line nr="516" mi="2" ci="0" mb="0" cb="0"/><line nr="517" mi="2" ci="0" mb="0" cb="0"/><line nr="518" mi="2" ci="0" mb="0" cb="0"/><line nr="519" mi="2" ci="6" mb="2" cb="2"/><line nr="524" mi="4" ci="9" mb="1" cb="1"/><line nr="528" mi="0" ci="4" mb="0" cb="0"/><line nr="529" mi="2" ci="5" mb="1" cb="1"/><line nr="533" mi="0" ci="4" mb="0" cb="0"/><line nr="534" mi="0" ci="4" mb="1" cb="1"/><line nr="535" mi="7" ci="0" mb="0" cb="0"/><line nr="539" mi="0" ci="4" mb="0" cb="0"/><line nr="540" mi="0" ci="4" mb="1" cb="1"/><line nr="541" mi="7" ci="0" mb="0" cb="0"/><line nr="546" mi="0" ci="4" mb="0" cb="0"/><line nr="547" mi="0" ci="4" mb="0" cb="0"/><line nr="548" mi="1" ci="8" mb="1" cb="1"/><line nr="549" mi="1" ci="8" mb="1" cb="1"/><line nr="550" mi="0" ci="4" mb="0" cb="0"/><line nr="554" mi="4" ci="0" mb="0" cb="0"/><line nr="555" mi="6" ci="0" mb="0" cb="0"/><line nr="556" mi="8" ci="0" mb="0" cb="0"/><line nr="557" mi="5" ci="0" mb="0" cb="0"/><line nr="558" mi="2" ci="0" mb="0" cb="0"/><counter type="INSTRUCTION" missed="776" covered="803"/><counter type="BRANCH" missed="107" covered="38"/><counter type="LINE" missed="129" covered="173"/><counter type="COMPLEXITY" missed="83" covered="28"/><counter type="METHOD" missed="8" covered="26"/><counter type="CLASS" missed="0" covered="1"/></sourcefile><sourcefile name="TaccExecutorStub.java"><line nr="21" mi="0" ci="4" mb="0" cb="0"/><line nr="26" mi="0" ci="2" mb="0" cb="0"/><line nr="27" mi="0" ci="3" mb="0" cb="0"/><line nr="28" mi="0" ci="3" mb="0" cb="0"/><line nr="29" mi="0" ci="1" mb="0" cb="0"/><line nr="32" mi="0" ci="2" mb="0" cb="0"/><line nr="36" mi="0" ci="4" mb="0" cb="0"/><line nr="37" mi="0" ci="4" mb="0" cb="0"/><line nr="38" mi="0" ci="4" mb="0" cb="0"/><line nr="39" mi="0" ci="8" mb="0" cb="0"/><line nr="41" mi="0" ci="14" mb="0" cb="0"/><line nr="42" mi="0" ci="2" mb="0" cb="0"/><line nr="44" mi="0" ci="5" mb="0" cb="0"/><line nr="45" mi="0" ci="5" mb="0" cb="0"/><line nr="46" mi="1" ci="2" mb="1" cb="1"/><line nr="47" mi="0" ci="3" mb="0" cb="0"/><line nr="48" mi="0" ci="4" mb="0" cb="0"/><line nr="49" mi="4" ci="9" mb="1" cb="1"/><line nr="51" mi="0" ci="7" mb="0" cb="0"/><line nr="52" mi="0" ci="6" mb="0" cb="0"/><line nr="53" mi="0" ci="5" mb="0" cb="0"/><line nr="54" mi="0" ci="6" mb="0" cb="0"/><line nr="55" mi="0" ci="3" mb="0" cb="0"/><line nr="56" mi="0" ci="5" mb="0" cb="0"/><line nr="57" mi="0" ci="8" mb="0" cb="0"/><line nr="63" mi="0" ci="2" mb="0" cb="0"/><line nr="65" mi="0" ci="7" mb="0" cb="0"/><line nr="68" mi="0" ci="12" mb="0" cb="0"/><line nr="69" mi="0" ci="5" mb="0" cb="0"/><line nr="70" mi="0" ci="5" mb="0" cb="0"/><line nr="71" mi="1" ci="2" mb="1" cb="1"/><line nr="72" mi="0" ci="2" mb="0" cb="0"/><line nr="73" mi="0" ci="6" mb="0" cb="0"/><line nr="74" mi="0" ci="3" mb="0" cb="0"/><line nr="75" mi="0" ci="4" mb="0" cb="0"/><line nr="76" mi="4" ci="9" mb="1" cb="1"/><line nr="77" mi="0" ci="6" mb="0" cb="0"/><line nr="78" mi="0" ci="3" mb="0" cb="0"/><line nr="79" mi="0" ci="5" mb="0" cb="0"/><line nr="80" mi="0" ci="7" mb="0" cb="0"/><line nr="81" mi="0" ci="7" mb="0" cb="0"/><line nr="82" mi="0" ci="3" mb="0" cb="0"/><line nr="83" mi="0" ci="2" mb="0" cb="0"/><line nr="84" mi="0" ci="9" mb="0" cb="0"/><line nr="85" mi="0" ci="5" mb="0" cb="0"/><line nr="87" mi="0" ci="15" mb="0" cb="0"/><line nr="88" mi="0" ci="5" mb="0" cb="0"/><line nr="89" mi="0" ci="4" mb="0" cb="0"/><line nr="90" mi="0" ci="4" mb="0" cb="0"/><line nr="91" mi="0" ci="6" mb="0" cb="0"/><line nr="92" mi="0" ci="6" mb="0" cb="0"/><line nr="93" mi="1" ci="1" mb="0" cb="0"/><line nr="94" mi="0" ci="1" mb="0" cb="0"/><line nr="95" mi="0" ci="1" mb="0" cb="0"/><line nr="96" mi="0" ci="5" mb="0" cb="0"/><line nr="99" mi="0" ci="3" mb="0" cb="0"/><line nr="101" mi="0" ci="3" mb="0" cb="0"/><line nr="102" mi="0" ci="2" mb="0" cb="0"/><line nr="104" mi="0" ci="2" mb="0" cb="0"/><line nr="105" mi="0" ci="1" mb="0" cb="0"/><line nr="106" mi="0" ci="1" mb="0" cb="0"/><line nr="107" mi="0" ci="1" mb="0" cb="0"/><line nr="111" mi="0" ci="3" mb="0" cb="0"/><line nr="112" mi="2" ci="2" mb="1" cb="1"/><line nr="113" mi="0" ci="4" mb="0" cb="0"/><line nr="114" mi="0" ci="4" mb="1" cb="1"/><line nr="115" mi="8" ci="0" mb="0" cb="0"/><line nr="116" mi="1" ci="0" mb="0" cb="0"/><line nr="117" mi="2" ci="0" mb="0" cb="0"/><line nr="122" mi="0" ci="2" mb="0" cb="0"/><line nr="123" mi="0" ci="5" mb="0" cb="0"/><line nr="124" mi="0" ci="3" mb="1" cb="1"/><line nr="125" mi="0" ci="12" mb="0" cb="0"/><line nr="127" mi="0" ci="2" mb="0" cb="0"/><line nr="131" mi="0" ci="2" mb="0" cb="0"/><line nr="132" mi="0" ci="5" mb="0" cb="0"/><line nr="133" mi="0" ci="3" mb="1" cb="1"/><line nr="134" mi="0" ci="12" mb="0" cb="0"/><line nr="136" mi="0" ci="1" mb="0" cb="0"/><line nr="139" mi="0" ci="2" mb="0" cb="0"/><line nr="140" mi="0" ci="6" mb="0" cb="0"/><line nr="141" mi="0" ci="3" mb="1" cb="1"/><line nr="142" mi="0" ci="12" mb="0" cb="0"/><line nr="144" mi="0" ci="1" mb="0" cb="0"/><line nr="147" mi="0" ci="3" mb="1" cb="1"/><line nr="148" mi="0" ci="7" mb="0" cb="0"/><line nr="150" mi="0" ci="1" mb="0" cb="0"/><line nr="160" mi="0" ci="3" mb="1" cb="1"/><line nr="161" mi="0" ci="10" mb="0" cb="0"/><line nr="171" mi="0" ci="1" mb="0" cb="0"/><line nr="174" mi="0" ci="3" mb="1" cb="1"/><line nr="175" mi="1" ci="0" mb="0" cb="0"/><line nr="177" mi="0" ci="8" mb="0" cb="0"/><line nr="178" mi="0" ci="8" mb="0" cb="0"/><line nr="179" mi="0" ci="1" mb="0" cb="0"/><line nr="183" mi="0" ci="5" mb="0" cb="0"/><line nr="184" mi="1" ci="0" mb="0" cb="0"/><line nr="185" mi="2" ci="0" mb="0" cb="0"/><line nr="190" mi="0" ci="5" mb="2" cb="2"/><line nr="191" mi="2" ci="0" mb="0" cb="0"/><line nr="193" mi="0" ci="4" mb="0" cb="0"/><line nr="194" mi="1" ci="8" mb="1" cb="1"/><counter type="INSTRUCTION" missed="31" covered="435"/><counter type="BRANCH" missed="15" covered="15"/><counter type="LINE" missed="7" covered="95"/><counter type="COMPLEXITY" missed="15" covered="14"/><counter type="METHOD" missed="0" covered="14"/><counter type="CLASS" missed="0" covered="1"/></sourcefile><sourcefile name="JobExecutor.java"/><counter type="INSTRUCTION" missed="1410" covered="1669"/><counter type="BRANCH" missed="212" covered="73"/><counter type="LINE" missed="246" covered="363"/><counter type="COMPLEXITY" missed="153" covered="56"/><counter type="METHOD" missed="8" covered="54"/><counter type="CLASS" missed="0" covered="3"/></package><counter type="INSTRUCTION" missed="7495" covered="17337"/><counter type="BRANCH" missed="983" covered="820"/><counter type="LINE" missed="1385" covered="3170"/><counter type="COMPLEXITY" missed="800" covered="651"/><counter type="METHOD" missed="108" covered="416"/><counter type="CLASS" missed="4" covered="68"/></report>