<?xml version="1.0" encoding="UTF-8"?>
<testsuite xmlns:xsi="http://www.w3.org/2001/XMLSchema-instance" xsi:noNamespaceSchemaLocation="https://maven.apache.org/surefire/maven-surefire-plugin/xsd/surefire-test-report-3.0.xsd" version="3.0" name="com.cosmic.governance.test.ProvenanceE2ETest" time="53.068" tests="3" errors="0" skipped="0" failures="0">
  <properties>
[...]
</properties>
  <testcase name="datasetCreationAcceptsManifest" classname="com.cosmic.governance.test.ProvenanceE2ETest" time="0.824">
    <system-out><![CDATA[19:42:34.381 [main] INFO org.springframework.test.context.support.AnnotationConfigContextLoaderUtils -- Could not detect default configuration classes for test class [com.cosmic.governance.test.ProvenanceE2ETest]: ProvenanceE2ETest does not declare any static, non-private, non-final, nested classes annotated with @Configuration.
19:42:34.488 [main] INFO org.springframework.boot.test.context.SpringBootTestContextBootstrapper -- Found @SpringBootConfiguration com.cosmic.governance.GovernanceApplication for test class com.cosmic.governance.test.ProvenanceE2ETest
19:42:34.596 [main] INFO org.testcontainers.images.PullPolicy -- Image pull policy will be performed by: DefaultPullPolicy()
19:42:34.599 [main] INFO org.testcontainers.utility.ImageNameSubstitutor -- Image name substitution will be performed by: DefaultImageNameSubstitutor (composite of 'ConfigurationFileImageNameSubstitutor' and 'PrefixingImageNameSubstitutor')
19:42:34.998 [main] INFO org.testcontainers.dockerclient.DockerClientProviderStrategy -- Found Docker environment with local Unix socket (unix:///var/run/docker.sock)
19:42:35.004 [main] INFO org.testcontainers.DockerClientFactory -- Docker host IP address is localhost
19:42:35.017 [main] INFO org.testcontainers.DockerClientFactory -- Connected to docker: 
  Server Version: 28.0.4
  API Version: 1.48
  Operating System: Ubuntu 24.04.3 LTS
  Total Memory: 15994 MB
19:42:35.047 [main] INFO tc.testcontainers/ryuk:0.7.0 -- Pulling docker image: testcontainers/ryuk:0.7.0. Please be patient; this may take some time but only needs to be done once.
19:42:35.853 [docker-java-stream-548174466] INFO tc.testcontainers/ryuk:0.7.0 -- Starting to pull image
19:42:35.870 [docker-java-stream-548174466] INFO tc.testcontainers/ryuk:0.7.0 -- Pulling image layers:  0 pending,  0 downloaded,  0 extracted, (0 bytes/0 bytes)
19:42:36.313 [docker-java-stream-548174466] INFO tc.testcontainers/ryuk:0.7.0 -- Pulling image layers:  2 pending,  1 downloaded,  0 extracted, (277 KB/? MB)
19:42:36.362 [docker-java-stream-548174466] INFO tc.testcontainers/ryuk:0.7.0 -- Pulling image layers:  1 pending,  2 downloaded,  0 extracted, (342 KB/? MB)
19:42:36.381 [docker-java-stream-548174466] INFO tc.testcontainers/ryuk:0.7.0 -- Pulling image layers:  0 pending,  3 downloaded,  0 extracted, (342 KB/6 MB)
19:42:36.485 [docker-java-stream-548174466] INFO tc.testcontainers/ryuk:0.7.0 -- Pulling image layers:  0 pending,  3 downloaded,  1 extracted, (3 MB/6 MB)
19:42:36.847 [docker-java-stream-548174466] INFO tc.testcontainers/ryuk:0.7.0 -- Pulling image layers:  0 pending,  3 downloaded,  2 extracted, (3 MB/6 MB)
19:42:36.898 [docker-java-stream-548174466] INFO tc.testcontainers/ryuk:0.7.0 -- Pulling image layers:  0 pending,  3 downloaded,  3 extracted, (6 MB/6 MB)
19:42:36.903 [docker-java-stream-548174466] INFO tc.testcontainers/ryuk:0.7.0 -- Pull complete. 3 layers, pulled in 1s (downloaded 6 MB at 6 MB/s)
19:42:36.904 [main] INFO tc.testcontainers/ryuk:0.7.0 -- Image testcontainers/ryuk:0.7.0 pull took PT1.856114516S
19:42:36.920 [main] INFO tc.testcontainers/ryuk:0.7.0 -- Creating container for image: testcontainers/ryuk:0.7.0
19:42:36.975 [main] INFO tc.testcontainers/ryuk:0.7.0 -- Container testcontainers/ryuk:0.7.0 is starting: 36509681bb27b6888807d6f5f38d7fce63765c39425cef7645e96e9d4a408038
19:42:37.147 [main] INFO tc.testcontainers/ryuk:0.7.0 -- Container testcontainers/ryuk:0.7.0 started in PT0.226995062S
19:42:37.151 [main] INFO org.testcontainers.utility.RyukResourceReaper -- Ryuk started - will monitor and terminate Testcontainers containers on JVM exit
19:42:37.152 [main] INFO org.testcontainers.DockerClientFactory -- Checking the system...
19:42:37.152 [main] INFO org.testcontainers.DockerClientFactory -- ✔︎ Docker server version should be at least 1.6.0
19:42:37.154 [main] INFO tc.confluentinc/cp-kafka:7.4.1 -- Pulling docker image: confluentinc/cp-kafka:7.4.1. Please be patient; this may take some time but only needs to be done once.
19:42:37.926 [docker-java-stream--338429612] INFO tc.confluentinc/cp-kafka:7.4.1 -- Starting to pull image
19:42:37.927 [docker-java-stream--338429612] INFO tc.confluentinc/cp-kafka:7.4.1 -- Pulling image layers:  0 pending,  0 downloaded,  0 extracted, (0 bytes/0 bytes)
19:42:38.489 [docker-java-stream--338429612] INFO tc.confluentinc/cp-kafka:7.4.1 -- Pulling image layers: 10 pending,  1 downloaded,  0 extracted, (9 MB/? MB)
19:42:38.567 [docker-java-stream--338429612] INFO tc.confluentinc/cp-kafka:7.4.1 -- Pulling image layers:  9 pending,  2 downloaded,  0 extracted, (53 MB/? MB)
19:42:38.736 [docker-java-stream--338429612] INFO tc.confluentinc/cp-kafka:7.4.1 -- Pulling image layers:  8 pending,  3 downloaded,  0 extracted, (73 MB/? MB)
19:42:38.981 [docker-java-stream--338429612] INFO tc.confluentinc/cp-kafka:7.4.1 -- Pulling image layers:  7 pending,  4 downloaded,  0 extracted, (146 MB/? MB)
19:42:39.216 [docker-java-stream--338429612] INFO tc.confluentinc/cp-kafka:7.4.1 -- Pulling image layers:  6 pending,  5 downloaded,  0 extracted, (216 MB/? MB)
19:42:39.408 [docker-java-stream--338429612] INFO tc.confluentinc/cp-kafka:7.4.1 -- Pulling image layers:  5 pending,  6 downloaded,  0 extracted, (282 MB/? MB)
19:42:39.445 [docker-java-stream--338429612] INFO tc.confluentinc/cp-kafka:7.4.1 -- Pulling image layers:  4 pending,  7 downloaded,  0 extracted, (284 MB/? MB)
19:42:39.466 [docker-java-stream--338429612] INFO tc.confluentinc/cp-kafka:7.4.1 -- Pulling image layers:  3 pending,  8 downloaded,  0 extracted, (285 MB/? MB)
19:42:39.478 [docker-java-stream--338429612] INFO tc.confluentinc/cp-kafka:7.4.1 -- Pulling image layers:  3 pending,  8 downloaded,  1 extracted, (285 MB/? MB)
19:42:39.647 [docker-java-stream--338429612] INFO tc.confluentinc/cp-kafka:7.4.1 -- Pulling image layers:  2 pending,  9 downloaded,  1 extracted, (285 MB/? MB)
19:42:39.728 [docker-java-stream--338429612] INFO tc.confluentinc/cp-kafka:7.4.1 -- Pulling image layers:  1 pending, 10 downloaded,  1 extracted, (285 MB/? MB)
19:42:40.215 [docker-java-stream--338429612] INFO tc.confluentinc/cp-kafka:7.4.1 -- Pulling image layers:  0 pending, 11 downloaded,  1 extracted, (359 MB/417 MB)
19:42:46.694 [docker-java-stream--338429612] INFO tc.confluentinc/cp-kafka:7.4.1 -- Pulling image layers:  0 pending, 11 downloaded,  2 extracted, (382 MB/417 MB)
19:42:46.771 [docker-java-stream--338429612] INFO tc.confluentinc/cp-kafka:7.4.1 -- Pulling image layers:  0 pending, 11 downloaded,  3 extracted, (382 MB/417 MB)
19:42:46.800 [docker-java-stream--338429612] INFO tc.confluentinc/cp-kafka:7.4.1 -- Pulling image layers:  0 pending, 11 downloaded,  4 extracted, (382 MB/417 MB)
19:42:46.988 [docker-java-stream--338429612] INFO tc.confluentinc/cp-kafka:7.4.1 -- Pulling image layers:  0 pending, 11 downloaded,  5 extracted, (389 MB/417 MB)
19:42:47.003 [docker-java-stream--338429612] INFO tc.confluentinc/cp-kafka:7.4.1 -- Pulling image layers:  0 pending, 11 downloaded,  6 extracted, (389 MB/417 MB)
19:42:47.015 [docker-java-stream--338429612] INFO tc.confluentinc/cp-kafka:7.4.1 -- Pulling image layers:  0 pending, 11 downloaded,  7 extracted, (389 MB/417 MB)
19:42:47.025 [docker-java-stream--338429612] INFO tc.confluentinc/cp-kafka:7.4.1 -- Pulling image layers:  0 pending, 11 downloaded,  8 extracted, (389 MB/417 MB)
19:42:47.035 [docker-java-stream--338429612] INFO tc.confluentinc/cp-kafka:7.4.1 -- Pulling image layers:  0 pending, 11 downloaded,  9 extracted, (389 MB/417 MB)
19:42:47.650 [docker-java-stream--338429612] INFO tc.confluentinc/cp-kafka:7.4.1 -- Pulling image layers:  0 pending, 11 downloaded, 10 extracted, (417 MB/417 MB)
19:42:47.661 [docker-java-stream--338429612] INFO tc.confluentinc/cp-kafka:7.4.1 -- Pulling image layers:  0 pending, 11 downloaded, 11 extracted, (417 MB/417 MB)
19:42:47.667 [docker-java-stream--338429612] INFO tc.confluentinc/cp-kafka:7.4.1 -- Pull complete. 11 layers, pulled in 9s (downloaded 417 MB at 46 MB/s)
19:42:47.667 [main] INFO tc.confluentinc/cp-kafka:7.4.1 -- Image confluentinc/cp-kafka:7.4.1 pull took PT10.512929139S
19:42:47.671 [main] INFO tc.confluentinc/cp-kafka:7.4.1 -- Creating container for image: confluentinc/cp-kafka:7.4.1
19:42:47.741 [main] INFO tc.confluentinc/cp-kafka:7.4.1 -- Container confluentinc/cp-kafka:7.4.1 is starting: cf032b183166125f4eb3629f519018994986a2d18e69461832c7257310cadbac
19:42:52.247 [main] INFO tc.confluentinc/cp-kafka:7.4.1 -- Container confluentinc/cp-kafka:7.4.1 started in PT4.576292043S
19:42:52.248 [main] INFO tc.redis:7-alpine -- Creating container for image: redis:7-alpine
19:42:52.283 [main] INFO tc.redis:7-alpine -- Container redis:7-alpine is starting: 356f4e36ad086472ed27c03a8d56d3a9320c4f503c030dc700dd79e14df79c2e
19:42:52.512 [main] INFO tc.redis:7-alpine -- Container redis:7-alpine started in PT0.264546844S
  .   ____          _            __ _ _
 /\\ / ___'_ __ _ _(_)_ __  __ _ \ \ \ \
( ( )\___ | '_ | '_| | '_ \/ _` | \ \ \ \
 \\/  ___)| |_)| | | | | || (_| |  ) ) ) )
  '  |____| .__|_| |_|_| |_\__, | / / / /
 =========|_|==============|___/=/_/_/_/

 :: Spring Boot ::                (v3.3.0)

2026-03-06T19:42:52.771Z  INFO 2627 --- [           main] c.c.governance.test.ProvenanceE2ETest    : Starting ProvenanceE2ETest using Java 17.0.18 with PID 2627 (started by runner in /home/runner/work/phase-2-cosmic/phase-2-cosmic/apps/java-governance)
2026-03-06T19:42:52.772Z  INFO 2627 --- [           main] c.c.governance.test.ProvenanceE2ETest    : The following 1 profile is active: "test"
2026-03-06T19:42:53.792Z  INFO 2627 --- [           main] .s.d.r.c.RepositoryConfigurationDelegate : Multiple Spring Data modules found, entering strict repository configuration mode
2026-03-06T19:42:53.794Z  INFO 2627 --- [           main] .s.d.r.c.RepositoryConfigurationDelegate : Bootstrapping Spring Data Redis repositories in DEFAULT mode.
2026-03-06T19:42:53.824Z  INFO 2627 --- [           main] .s.d.r.c.RepositoryConfigurationDelegate : Finished Spring Data repository scanning in 19 ms. Found 0 Redis repository interfaces.
2026-03-06T19:42:55.166Z  WARN 2627 --- [r-client-io-1-4] o.a.pulsar.client.impl.ConnectionPool    : Failed to open connection to localhost/<unresolved>:6650 : org.apache.pulsar.shade.io.netty.channel.AbstractChannel$AnnotatedConnectException: finishConnect(..) failed: Connection refused: localhost/127.0.0.1:6650
2026-03-06T19:42:55.275Z  WARN 2627 --- [-scheduled-12-1] o.a.pulsar.client.impl.PulsarClientImpl  : [topic: persistent://public/default/phase2-events] Could not get connection while getPartitionedTopicMetadata -- Will try again in 100 ms
2026-03-06T19:42:55.276Z  WARN 2627 --- [r-client-io-1-2] o.a.pulsar.client.impl.ConnectionPool    : Failed to open connection to localhost/<unresolved>:6650 : org.apache.pulsar.shade.io.netty.channel.AbstractChannel$AnnotatedConnectException: finishConnect(..) failed: Connection refused: localhost/127.0.0.1:6650
2026-03-06T19:42:55.469Z  WARN 2627 --- [-scheduled-13-1] o.a.pulsar.client.impl.PulsarClientImpl  : [topic: persistent://public/default/phase2-events] Could not get connection while getPartitionedTopicMetadata -- Will try again in 192 ms
2026-03-06T19:42:55.470Z  WARN 2627 --- [r-client-io-1-4] o.a.pulsar.client.impl.ConnectionPool    : Failed to open connection to localhost/<unresolved>:6650 : org.apache.pulsar.shade.io.netty.channel.AbstractChannel$AnnotatedConnectException: finishConnect(..) failed: Connection refused: localhost/127.0.0.1:6650
2026-03-06T19:42:55.854Z  WARN 2627 --- [-scheduled-14-1] o.a.pulsar.client.impl.PulsarClientImpl  : [topic: persistent://public/default/phase2-events] Could not get connection while getPartitionedTopicMetadata -- Will try again in 383 ms
2026-03-06T19:42:55.855Z  WARN 2627 --- [r-client-io-1-2] o.a.pulsar.client.impl.ConnectionPool    : Failed to open connection to localhost/<unresolved>:6650 : org.apache.pulsar.shade.io.netty.channel.AbstractChannel$AnnotatedConnectException: finishConnect(..) failed: Connection refused: localhost/127.0.0.1:6650
2026-03-06T19:42:56.626Z  WARN 2627 --- [-scheduled-11-1] o.a.pulsar.client.impl.PulsarClientImpl  : [topic: persistent://public/default/phase2-events] Could not get connection while getPartitionedTopicMetadata -- Will try again in 771 ms
2026-03-06T19:42:56.627Z  WARN 2627 --- [r-client-io-1-4] o.a.pulsar.client.impl.ConnectionPool    : Failed to open connection to localhost/<unresolved>:6650 : org.apache.pulsar.shade.io.netty.channel.AbstractChannel$AnnotatedConnectException: finishConnect(..) failed: Connection refused: localhost/127.0.0.1:6650
2026-03-06T19:42:58.179Z  WARN 2627 --- [-scheduled-12-1] o.a.pulsar.client.impl.PulsarClientImpl  : [topic: persistent://public/default/phase2-events] Could not get connection while getPartitionedTopicMetadata -- Will try again in 1551 ms
2026-03-06T19:42:58.180Z  WARN 2627 --- [r-client-io-1-2] o.a.pulsar.client.impl.ConnectionPool    : Failed to open connection to localhost/<unresolved>:6650 : org.apache.pulsar.shade.io.netty.channel.AbstractChannel$AnnotatedConnectException: finishConnect(..) failed: Connection refused: localhost/127.0.0.1:6650
2026-03-06T19:43:01.350Z  WARN 2627 --- [-scheduled-13-1] o.a.pulsar.client.impl.PulsarClientImpl  : [topic: persistent://public/default/phase2-events] Could not get connection while getPartitionedTopicMetadata -- Will try again in 3170 ms
2026-03-06T19:43:01.352Z  WARN 2627 --- [r-client-io-1-4] o.a.pulsar.client.impl.ConnectionPool    : Failed to open connection to localhost/<unresolved>:6650 : org.apache.pulsar.shade.io.netty.channel.AbstractChannel$AnnotatedConnectException: finishConnect(..) failed: Connection refused: localhost/127.0.0.1:6650
2026-03-06T19:43:07.279Z  WARN 2627 --- [-scheduled-14-1] o.a.pulsar.client.impl.PulsarClientImpl  : [topic: persistent://public/default/phase2-events] Could not get connection while getPartitionedTopicMetadata -- Will try again in 5927 ms
2026-03-06T19:43:07.280Z  WARN 2627 --- [r-client-io-1-2] o.a.pulsar.client.impl.ConnectionPool    : Failed to open connection to localhost/<unresolved>:6650 : org.apache.pulsar.shade.io.netty.channel.AbstractChannel$AnnotatedConnectException: finishConnect(..) failed: Connection refused: localhost/127.0.0.1:6650
2026-03-06T19:43:19.870Z  WARN 2627 --- [-scheduled-11-1] o.a.pulsar.client.impl.PulsarClientImpl  : [topic: persistent://public/default/phase2-events] Could not get connection while getPartitionedTopicMetadata -- Will try again in 12590 ms
2026-03-06T19:43:19.872Z  WARN 2627 --- [r-client-io-1-4] o.a.pulsar.client.impl.ConnectionPool    : Failed to open connection to localhost/<unresolved>:6650 : org.apache.pulsar.shade.io.netty.channel.AbstractChannel$AnnotatedConnectException: finishConnect(..) failed: Connection refused: localhost/127.0.0.1:6650
2026-03-06T19:43:25.092Z  WARN 2627 --- [-scheduled-12-1] o.a.pulsar.client.impl.PulsarClientImpl  : [topic: persistent://public/default/phase2-events] Could not get connection while getPartitionedTopicMetadata -- Will try again in 5220 ms
2026-03-06T19:43:25.093Z  WARN 2627 --- [r-client-io-1-2] o.a.pulsar.client.impl.ConnectionPool    : Failed to open connection to localhost/<unresolved>:6650 : org.apache.pulsar.shade.io.netty.channel.AbstractChannel$AnnotatedConnectException: finishConnect(..) failed: Connection refused: localhost/127.0.0.1:6650
2026-03-06T19:43:25.094Z  WARN 2627 --- [r-client-io-1-2] o.a.pulsar.client.impl.PulsarClientImpl  : [phase2-events] Failed to get partitioned topic metadata

java.util.concurrent.CompletionException: org.apache.pulsar.client.api.PulsarClientException: java.util.concurrent.CompletionException: org.apache.pulsar.shade.io.netty.channel.AbstractChannel$AnnotatedConnectException: finishConnect(..) failed: Connection refused: localhost/127.0.0.1:6650
	at java.base/java.util.concurrent.CompletableFuture.encodeThrowable(CompletableFuture.java:332) ~[na:na]
	at java.base/java.util.concurrent.CompletableFuture.completeThrowable(CompletableFuture.java:347) ~[na:na]
	at java.base/java.util.concurrent.CompletableFuture$UniAccept.tryFire(CompletableFuture.java:708) ~[na:na]
	at java.base/java.util.concurrent.CompletableFuture.postComplete(CompletableFuture.java:510) ~[na:na]
	at java.base/java.util.concurrent.CompletableFuture.completeExceptionally(CompletableFuture.java:2162) ~[na:na]
	at org.apache.pulsar.client.impl.BinaryProtoLookupService.lambda$getPartitionedTopicMetadata$10(BinaryProtoLookupService.java:251) ~[pulsar-client-3.2.4.jar:3.2.4]
	at java.base/java.util.concurrent.CompletableFuture.uniExceptionally(CompletableFuture.java:990) ~[na:na]
	at java.base/java.util.concurrent.CompletableFuture$UniExceptionally.tryFire(CompletableFuture.java:974) ~[na:na]
	at java.base/java.util.concurrent.CompletableFuture.postComplete(CompletableFuture.java:510) ~[na:na]
	at java.base/java.util.concurrent.CompletableFuture.completeExceptionally(CompletableFuture.java:2162) ~[na:na]
	at org.apache.pulsar.client.impl.ConnectionPool.lambda$createConnection$14(ConnectionPool.java:311) ~[pulsar-client-3.2.4.jar:3.2.4]
	at org.apache.pulsar.shade.io.netty.util.concurrent.AbstractEventExecutor.runTask(AbstractEventExecutor.java:173) ~[pulsar-client-3.2.4.jar:3.2.4]
	at org.apache.pulsar.shade.io.netty.util.concurrent.AbstractEventExecutor.safeExecute(AbstractEventExecutor.java:166) ~[pulsar-client-3.2.4.jar:3.2.4]
	at org.apache.pulsar.shade.io.netty.util.concurrent.SingleThreadEventExecutor.runAllTasks(SingleThreadEventExecutor.java:469) ~[pulsar-client-3.2.4.jar:3.2.4]
	at org.apache.pulsar.shade.io.netty.channel.epoll.EpollEventLoop.run(EpollEventLoop.java:405) ~[pulsar-client-3.2.4.jar:3.2.4]
	at org.apache.pulsar.shade.io.netty.util.concurrent.SingleThreadEventExecutor$4.run(SingleThreadEventExecutor.java:994) ~[pulsar-client-3.2.4.jar:3.2.4]
	at org.apache.pulsar.shade.io.netty.util.internal.ThreadExecutorMap$2.run(ThreadExecutorMap.java:74) ~[pulsar-client-3.2.4.jar:3.2.4]
	at org.apache.pulsar.shade.io.netty.util.concurrent.FastThreadLocalRunnable.run(FastThreadLocalRunnable.java:30) ~[pulsar-client-3.2.4.jar:3.2.4]
	at java.base/java.lang.Thread.run(Thread.java:840) ~[na:na]
Caused by: org.apache.pulsar.client.api.PulsarClientException: java.util.concurrent.CompletionException: org.apache.pulsar.shade.io.netty.channel.AbstractChannel$AnnotatedConnectException: finishConnect(..) failed: Connection refused: localhost/127.0.0.1:6650
	... 9 common frames omitted
Caused by: java.util.concurrent.CompletionException: org.apache.pulsar.shade.io.netty.channel.AbstractChannel$AnnotatedConnectException: finishConnect(..) failed: Connection refused: localhost/127.0.0.1:6650
	at java.base/java.util.concurrent.CompletableFuture.encodeRelay(CompletableFuture.java:368) ~[na:na]
	at java.base/java.util.concurrent.CompletableFuture.completeRelay(CompletableFuture.java:377) ~[na:na]
	at java.base/java.util.concurrent.CompletableFuture$UniRelay.tryFire(CompletableFuture.java:1097) ~[na:na]
	at java.base/java.util.concurrent.CompletableFuture.postComplete(CompletableFuture.java:510) ~[na:na]
	at java.base/java.util.concurrent.CompletableFuture.completeExceptionally(CompletableFuture.java:2162) ~[na:na]
	at org.apache.pulsar.common.util.netty.ChannelFutures.lambda$toCompletableFuture$0(ChannelFutures.java:58) ~[pulsar-client-3.2.4.jar:3.2.4]
	at org.apache.pulsar.shade.io.netty.util.concurrent.DefaultPromise.notifyListener0(DefaultPromise.java:590) ~[pulsar-client-3.2.4.jar:3.2.4]
	at org.apache.pulsar.shade.io.netty.util.concurrent.DefaultPromise.notifyListeners0(DefaultPromise.java:583) ~[pulsar-client-3.2.4.jar:3.2.4]
	at org.apache.pulsar.shade.io.netty.util.concurrent.DefaultPromise.notifyListenersNow(DefaultPromise.java:559) ~[pulsar-client-3.2.4.jar:3.2.4]
	at org.apache.pulsar.shade.io.netty.util.concurrent.DefaultPromise.notifyListeners(DefaultPromise.java:492) ~[pulsar-client-3.2.4.jar:3.2.4]
	at org.apache.pulsar.shade.io.netty.util.concurrent.DefaultPromise.setValue0(DefaultPromise.java:636) ~[pulsar-client-3.2.4.jar:3.2.4]
	at org.apache.pulsar.shade.io.netty.util.concurrent.DefaultPromise.setFailure0(DefaultPromise.java:629) ~[pulsar-client-3.2.4.jar:3.2.4]
	at org.apache.pulsar.shade.io.netty.util.concurrent.DefaultPromise.tryFailure(DefaultPromise.java:118) ~[pulsar-client-3.2.4.jar:3.2.4]
	at org.apache.pulsar.shade.io.netty.channel.epoll.AbstractEpollChannel$AbstractEpollUnsafe.fulfillConnectPromise(AbstractEpollChannel.java:679) ~[pulsar-client-3.2.4.jar:3.2.4]
	at org.apache.pulsar.shade.io.netty.channel.epoll.AbstractEpollChannel$AbstractEpollUnsafe.finishConnect(AbstractEpollChannel.java:698) ~[pulsar-client-3.2.4.jar:3.2.4]
	at org.apache.pulsar.shade.io.netty.channel.epoll.AbstractEpollChannel$AbstractEpollUnsafe.epollOutReady(AbstractEpollChannel.java:567) ~[pulsar-client-3.2.4.jar:3.2.4]
	at org.apache.pulsar.shade.io.netty.channel.epoll.EpollEventLoop.processReady(EpollEventLoop.java:491) ~[pulsar-client-3.2.4.jar:3.2.4]
	at org.apache.pulsar.shade.io.netty.channel.epoll.EpollEventLoop.run(EpollEventLoop.java:399) ~[pulsar-client-3.2.4.jar:3.2.4]
	... 4 common frames omitted
Caused by: org.apache.pulsar.shade.io.netty.channel.AbstractChannel$AnnotatedConnectException: finishConnect(..) failed: Connection refused: localhost/127.0.0.1:6650
Caused by: java.net.ConnectException: finishConnect(..) failed: Connection refused
	at org.apache.pulsar.shade.io.netty.channel.unix.Errors.newConnectException0(Errors.java:166) ~[pulsar-client-3.2.4.jar:3.2.4]
	at org.apache.pulsar.shade.io.netty.channel.unix.Errors.handleConnectErrno(Errors.java:131) ~[pulsar-client-3.2.4.jar:3.2.4]
	at org.apache.pulsar.shade.io.netty.channel.unix.Socket.finishConnect(Socket.java:359) ~[pulsar-client-3.2.4.jar:3.2.4]
	at org.apache.pulsar.shade.io.netty.channel.epoll.AbstractEpollChannel$AbstractEpollUnsafe.doFinishConnect(AbstractEpollChannel.java:715) ~[pulsar-client-3.2.4.jar:3.2.4]
	at org.apache.pulsar.shade.io.netty.channel.epoll.AbstractEpollChannel$AbstractEpollUnsafe.finishConnect(AbstractEpollChannel.java:692) ~[pulsar-client-3.2.4.jar:3.2.4]
	at org.apache.pulsar.shade.io.netty.channel.epoll.AbstractEpollChannel$AbstractEpollUnsafe.epollOutReady(AbstractEpollChannel.java:567) ~[pulsar-client-3.2.4.jar:3.2.4]
	at org.apache.pulsar.shade.io.netty.channel.epoll.EpollEventLoop.processReady(EpollEventLoop.java:491) ~[pulsar-client-3.2.4.jar:3.2.4]
	at org.apache.pulsar.shade.io.netty.channel.epoll.EpollEventLoop.run(EpollEventLoop.java:399) ~[pulsar-client-3.2.4.jar:3.2.4]
	at org.apache.pulsar.shade.io.netty.util.concurrent.SingleThreadEventExecutor$4.run(SingleThreadEventExecutor.java:994) ~[pulsar-client-3.2.4.jar:3.2.4]
	at org.apache.pulsar.shade.io.netty.util.internal.ThreadExecutorMap$2.run(ThreadExecutorMap.java:74) ~[pulsar-client-3.2.4.jar:3.2.4]
	at org.apache.pulsar.shade.io.netty.util.concurrent.FastThreadLocalRunnable.run(FastThreadLocalRunnable.java:30) ~[pulsar-client-3.2.4.jar:3.2.4]
	at java.base/java.lang.Thread.run(Thread.java:840) ~[na:na]

2026-03-06T19:43:25.097Z ERROR 2627 --- [           main] c.c.g.a.messaging.PulsarIngestListener   : Failed to start Pulsar listener

org.apache.pulsar.client.api.PulsarClientException: java.util.concurrent.ExecutionException: org.apache.pulsar.client.api.PulsarClientException: java.util.concurrent.CompletionException: org.apache.pulsar.shade.io.netty.channel.AbstractChannel$AnnotatedConnectException: finishConnect(..) failed: Connection refused: localhost/127.0.0.1:6650{"previous":[{"attempt":0,"error":"java.util.concurrent.CompletionException: org.apache.pulsar.client.api.PulsarClientException: java.util.concurrent.CompletionException: org.apache.pulsar.shade.io.netty.channel.AbstractChannel$AnnotatedConnectException: finishConnect(..) failed: Connection refused: localhost/127.0.0.1:6650"},{"attempt":1,"error":"java.util.concurrent.CompletionException: org.apache.pulsar.client.api.PulsarClientException: java.util.concurrent.CompletionException: org.apache.pulsar.shade.io.netty.channel.AbstractChannel$AnnotatedConnectException: finishConnect(..) failed: Connection refused: localhost/127.0.0.1:6650"},{"attempt":2,"error":"java.util.concurrent.CompletionException: org.apache.pulsar.client.api.PulsarClientException: java.util.concurrent.CompletionException: org.apache.pulsar.shade.io.netty.channel.AbstractChannel$AnnotatedConnectException: finishConnect(..) failed: Connection refused: localhost/127.0.0.1:6650"},{"attempt":3,"error":"java.util.concurrent.CompletionException: org.apache.pulsar.client.api.PulsarClientException: java.util.concurrent.CompletionException: org.apache.pulsar.shade.io.netty.channel.AbstractChannel$AnnotatedConnectException: finishConnect(..) failed: Connection refused: localhost/127.0.0.1:6650"},{"attempt":4,"error":"java.util.concurrent.CompletionException: org.apache.pulsar.client.api.PulsarClientException: java.util.concurrent.CompletionException: org.apache.pulsar.shade.io.netty.channel.AbstractChannel$AnnotatedConnectException: finishConnect(..) failed: Connection refused: localhost/127.0.0.1:6650"},{"attempt":5,"error":"java.util.concurrent.CompletionException: org.apache.pulsar.client.api.PulsarClientException: java.util.concurrent.CompletionException: org.apache.pulsar.shade.io.netty.channel.AbstractChannel$AnnotatedConnectException: finishConnect(..) failed: Connection refused: localhost/127.0.0.1:6650"},{"attempt":6,"error":"java.util.concurrent.CompletionException: org.apache.pulsar.client.api.PulsarClientException: java.util.concurrent.CompletionException: org.apache.pulsar.shade.io.netty.channel.AbstractChannel$AnnotatedConnectException: finishConnect(..) failed: Connection refused: localhost/127.0.0.1:6650"},{"attempt":7,"error":"java.util.concurrent.CompletionException: org.apache.pulsar.client.api.PulsarClientException: java.util.concurrent.CompletionException: org.apache.pulsar.shade.io.netty.channel.AbstractChannel$AnnotatedConnectException: finishConnect(..) failed: Connection refused: localhost/127.0.0.1:6650"},{"attempt":8,"error":"java.util.concurrent.CompletionException: org.apache.pulsar.client.api.PulsarClientException: java.util.concurrent.CompletionException: org.apache.pulsar.shade.io.netty.channel.AbstractChannel$AnnotatedConnectException: finishConnect(..) failed: Connection refused: localhost/127.0.0.1:6650"}]}
	at org.apache.pulsar.client.api.PulsarClientException.unwrap(PulsarClientException.java:1131) ~[pulsar-client-api-3.2.3.jar:3.2.3]
	at org.apache.pulsar.client.impl.ConsumerBuilderImpl.subscribe(ConsumerBuilderImpl.java:103) ~[pulsar-client-3.2.4.jar:3.2.4]
	at com.cosmic.governance.api.messaging.PulsarIngestListener.start(PulsarIngestListener.java:56) ~[classes/:na]
	at java.base/jdk.internal.reflect.NativeMethodAccessorImpl.invoke0(Native Method) ~[na:na]
	at java.base/jdk.internal.reflect.NativeMethodAccessorImpl.invoke(NativeMethodAccessorImpl.java:77) ~[na:na]
	at java.base/jdk.internal.reflect.DelegatingMethodAccessorImpl.invoke(DelegatingMethodAccessorImpl.java:43) ~[na:na]
	at java.base/java.lang.reflect.Method.invoke(Method.java:569) ~[na:na]
	at org.springframework.beans.factory.annotation.InitDestroyAnnotationBeanPostProcessor$LifecycleMethod.invoke(InitDestroyAnnotationBeanPostProcessor.java:457) ~[spring-beans-6.1.8.jar:6.1.8]
	at org.springframework.beans.factory.annotation.InitDestroyAnnotationBeanPostProcessor$LifecycleMetadata.invokeInitMethods(InitDestroyAnnotationBeanPostProcessor.java:401) ~[spring-beans-6.1.8.jar:6.1.8]
	at org.springframework.beans.factory.annotation.InitDestroyAnnotationBeanPostProcessor.postProcessBeforeInitialization(InitDestroyAnnotationBeanPostProcessor.java:219) ~[spring-beans-6.1.8.jar:6.1.8]
	at org.springframework.beans.factory.support.AbstractAutowireCapableBeanFactory.applyBeanPostProcessorsBeforeInitialization(AbstractAutowireCapableBeanFactory.java:422) ~[spring-beans-6.1.8.jar:6.1.8]
	at org.springframework.beans.factory.support.AbstractAutowireCapableBeanFactory.initializeBean(AbstractAutowireCapableBeanFactory.java:1780) ~[spring-beans-6.1.8.jar:6.1.8]
	at org.springframework.beans.factory.support.AbstractAutowireCapableBeanFactory.doCreateBean(AbstractAutowireCapableBeanFactory.java:600) ~[spring-beans-6.1.8.jar:6.1.8]
	at org.springframework.beans.factory.support.AbstractAutowireCapableBeanFactory.createBean(AbstractAutowireCapableBeanFactory.java:522) ~[spring-beans-6.1.8.jar:6.1.8]
	at org.springframework.beans.factory.support.AbstractBeanFactory.lambda$doGetBean$0(AbstractBeanFactory.java:337) ~[spring-beans-6.1.8.jar:6.1.8]
	at org.springframework.beans.factory.support.DefaultSingletonBeanRegistry.getSingleton(DefaultSingletonBeanRegistry.java:234) ~[spring-beans-6.1.8.jar:6.1.8]
	at org.springframework.beans.factory.support.AbstractBeanFactory.doGetBean(AbstractBeanFactory.java:335) ~[spring-beans-6.1.8.jar:6.1.8]
	at org.springframework.beans.factory.support.AbstractBeanFactory.getBean(AbstractBeanFactory.java:200) ~[spring-beans-6.1.8.jar:6.1.8]
	at org.springframework.beans.factory.support.DefaultListableBeanFactory.preInstantiateSingletons(DefaultListableBeanFactory.java:975) ~[spring-beans-6.1.8.jar:6.1.8]
	at org.springframework.context.support.AbstractApplicationContext.finishBeanFactoryInitialization(AbstractApplicationContext.java:962) ~[spring-context-6.1.8.jar:6.1.8]
	at org.springframework.context.support.AbstractApplicationContext.refresh(AbstractApplicationContext.java:624) ~[spring-context-6.1.8.jar:6.1.8]
	at org.springframework.boot.SpringApplication.refresh(SpringApplication.java:754) ~[spring-boot-3.3.0.jar:3.3.0]
	at org.springframework.boot.SpringApplication.refreshContext(SpringApplication.java:456) ~[spring-boot-3.3.0.jar:3.3.0]
	at org.springframework.boot.SpringApplication.run(SpringApplication.java:335) ~[spring-boot-3.3.0.jar:3.3.0]
	at org.springframework.boot.test.context.SpringBootContextLoader.lambda$loadContext$3(SpringBootContextLoader.java:137) ~[spring-boot-test-3.3.0.jar:3.3.0]
	at org.springframework.util.function.ThrowingSupplier.get(ThrowingSupplier.java:58) ~[spring-core-6.1.8.jar:6.1.8]
	at org.springframework.util.function.ThrowingSupplier.get(ThrowingSupplier.java:46) ~[spring-core-6.1.8.jar:6.1.8]
	at org.springframework.boot.SpringApplication.withHook(SpringApplication.java:1463) ~[spring-boot-3.3.0.jar:3.3.0]
	at org.springframework.boot.test.context.SpringBootContextLoader$ContextLoaderHook.run(SpringBootContextLoader.java:553) ~[spring-boot-test-3.3.0.jar:3.3.0]
	at org.springframework.boot.test.context.SpringBootContextLoader.loadContext(SpringBootContextLoader.java:137) ~[spring-boot-test-3.3.0.jar:3.3.0]
	at org.springframework.boot.test.context.SpringBootContextLoader.loadContext(SpringBootContextLoader.java:108) ~[spring-boot-test-3.3.0.jar:3.3.0]
	at org.springframework.test.context.cache.DefaultCacheAwareContextLoaderDelegate.loadContextInternal(DefaultCacheAwareContextLoaderDelegate.java:225) ~[spring-test-6.1.8.jar:6.1.8]
	at org.springframework.test.context.cache.DefaultCacheAwareContextLoaderDelegate.loadContext(DefaultCacheAwareContextLoaderDelegate.java:152) ~[spring-test-6.1.8.jar:6.1.8]
	at org.springframework.test.context.support.DefaultTestContext.getApplicationContext(DefaultTestContext.java:130) ~[spring-test-6.1.8.jar:6.1.8]
	at org.springframework.test.context.web.ServletTestExecutionListener.setUpRequestContextIfNecessary(ServletTestExecutionListener.java:191) ~[spring-test-6.1.8.jar:6.1.8]
	at org.springframework.test.context.web.ServletTestExecutionListener.prepareTestInstance(ServletTestExecutionListener.java:130) ~[spring-test-6.1.8.jar:6.1.8]
	at org.springframework.test.context.TestContextManager.prepareTestInstance(TestContextManager.java:260) ~[spring-test-6.1.8.jar:6.1.8]
	at org.springframework.test.context.junit.jupiter.SpringExtension.postProcessTestInstance(SpringExtension.java:163) ~[spring-test-6.1.8.jar:6.1.8]
	at org.junit.jupiter.engine.descriptor.ClassBasedTestDescriptor.lambda$invokeTestInstancePostProcessors$10(ClassBasedTestDescriptor.java:378) ~[junit-jupiter-engine-5.10.2.jar:5.10.2]
	at org.junit.jupiter.engine.descriptor.ClassBasedTestDescriptor.executeAndMaskThrowable(ClassBasedTestDescriptor.java:383) ~[junit-jupiter-engine-5.10.2.jar:5.10.2]
	at org.junit.jupiter.engine.descriptor.ClassBasedTestDescriptor.lambda$invokeTestInstancePostProcessors$11(ClassBasedTestDescriptor.java:378) ~[junit-jupiter-engine-5.10.2.jar:5.10.2]
	at java.base/java.util.stream.ReferencePipeline$3$1.accept(ReferencePipeline.java:197) ~[na:na]
	at java.base/java.util.stream.ReferencePipeline$2$1.accept(ReferencePipeline.java:179) ~[na:na]
	at java.base/java.util.ArrayList$ArrayListSpliterator.forEachRemaining(ArrayList.java:1625) ~[na:na]
	at java.base/java.util.stream.AbstractPipeline.copyInto(AbstractPipeline.java:509) ~[na:na]
	at java.base/java.util.stream.AbstractPipeline.wrapAndCopyInto(AbstractPipeline.java:499) ~[na:na]
	at java.base/java.util.stream.StreamSpliterators$WrappingSpliterator.forEachRemaining(StreamSpliterators.java:310) ~[na:na]
	at java.base/java.util.stream.Streams$ConcatSpliterator.forEachRemaining(Streams.java:735) ~[na:na]
	at java.base/java.util.stream.Streams$ConcatSpliterator.forEachRemaining(Streams.java:734) ~[na:na]
	at java.base/java.util.stream.ReferencePipeline$Head.forEach(ReferencePipeline.java:762) ~[na:na]
	at org.junit.jupiter.engine.descriptor.ClassBasedTestDescriptor.invokeTestInstancePostProcessors(ClassBasedTestDescriptor.java:377) ~[junit-jupiter-engine-5.10.2.jar:5.10.2]
	at org.junit.jupiter.engine.descriptor.ClassBasedTestDescriptor.lambda$instantiateAndPostProcessTestInstance$6(ClassBasedTestDescriptor.java:290) ~[junit-jupiter-engine-5.10.2.jar:5.10.2]
	at org.junit.platform.engine.support.hierarchical.ThrowableCollector.execute(ThrowableCollector.java:73) ~[junit-platform-engine-1.10.2.jar:1.10.2]
	at org.junit.jupiter.engine.descriptor.ClassBasedTestDescriptor.instantiateAndPostProcessTestInstance(ClassBasedTestDescriptor.java:289) ~[junit-jupiter-engine-5.10.2.jar:5.10.2]
	at org.junit.jupiter.engine.descriptor.ClassBasedTestDescriptor.lambda$testInstancesProvider$4(ClassBasedTestDescriptor.java:279) ~[junit-jupiter-engine-5.10.2.jar:5.10.2]
	at java.base/java.util.Optional.orElseGet(Optional.java:364) ~[na:na]
	at org.junit.jupiter.engine.descriptor.ClassBasedTestDescriptor.lambda$testInstancesProvider$5(ClassBasedTestDescriptor.java:278) ~[junit-jupiter-engine-5.10.2.jar:5.10.2]
	at org.junit.jupiter.engine.execution.TestInstancesProvider.getTestInstances(TestInstancesProvider.java:31) ~[junit-jupiter-engine-5.10.2.jar:5.10.2]
	at org.junit.jupiter.engine.descriptor.TestMethodTestDescriptor.lambda$prepare$0(TestMethodTestDescriptor.java:106) ~[junit-jupiter-engine-5.10.2.jar:5.10.2]
	at org.junit.platform.engine.support.hierarchical.ThrowableCollector.execute(ThrowableCollector.java:73) ~[junit-platform-engine-1.10.2.jar:1.10.2]
	at org.junit.jupiter.engine.descriptor.TestMethodTestDescriptor.prepare(TestMethodTestDescriptor.java:105) ~[junit-jupiter-engine-5.10.2.jar:5.10.2]
	at org.junit.jupiter.engine.descriptor.TestMethodTestDescriptor.prepare(TestMethodTestDescriptor.java:69) ~[junit-jupiter-engine-5.10.2.jar:5.10.2]
	at org.junit.platform.engine.support.hierarchical.NodeTestTask.lambda$prepare$2(NodeTestTask.java:123) ~[junit-platform-engine-1.10.2.jar:1.10.2]
	at org.junit.platform.engine.support.hierarchical.ThrowableCollector.execute(ThrowableCollector.java:73) ~[junit-platform-engine-1.10.2.jar:1.10.2]
	at org.junit.platform.engine.support.hierarchical.NodeTestTask.prepare(NodeTestTask.java:123) ~[junit-platform-engine-1.10.2.jar:1.10.2]
	at org.junit.platform.engine.support.hierarchical.NodeTestTask.execute(NodeTestTask.java:90) ~[junit-platform-engine-1.10.2.jar:1.10.2]
	at java.base/java.util.ArrayList.forEach(ArrayList.java:1511) ~[na:na]
	at org.junit.platform.engine.support.hierarchical.SameThreadHierarchicalTestExecutorService.invokeAll(SameThreadHierarchicalTestExecutorService.java:41) ~[junit-platform-engine-1.10.2.jar:1.10.2]
	at org.junit.platform.engine.support.hierarchical.NodeTestTask.lambda$executeRecursively$6(NodeTestTask.java:155) ~[junit-platform-engine-1.10.2.jar:1.10.2]
	at org.junit.platform.engine.support.hierarchical.ThrowableCollector.execute(ThrowableCollector.java:73) ~[junit-platform-engine-1.10.2.jar:1.10.2]
	at org.junit.platform.engine.support.hierarchical.NodeTestTask.lambda$executeRecursively$8(NodeTestTask.java:141) ~[junit-platform-engine-1.10.2.jar:1.10.2]
	at org.junit.platform.engine.support.hierarchical.Node.around(Node.java:137) ~[junit-platform-engine-1.10.2.jar:1.10.2]
	at org.junit.platform.engine.support.hierarchical.NodeTestTask.lambda$executeRecursively$9(NodeTestTask.java:139) ~[junit-platform-engine-1.10.2.jar:1.10.2]
	at org.junit.platform.engine.support.hierarchical.ThrowableCollector.execute(ThrowableCollector.java:73) ~[junit-platform-engine-1.10.2.jar:1.10.2]
	at org.junit.platform.engine.support.hierarchical.NodeTestTask.executeRecursively(NodeTestTask.java:138) ~[junit-platform-engine-1.10.2.jar:1.10.2]
	at org.junit.platform.engine.support.hierarchical.NodeTestTask.execute(NodeTestTask.java:95) ~[junit-platform-engine-1.10.2.jar:1.10.2]
	at java.base/java.util.ArrayList.forEach(ArrayList.java:1511) ~[na:na]
	at org.junit.platform.engine.support.hierarchical.SameThreadHierarchicalTestExecutorService.invokeAll(SameThreadHierarchicalTestExecutorService.java:41) ~[junit-platform-engine-1.10.2.jar:1.10.2]
	at org.junit.platform.engine.support.hierarchical.NodeTestTask.lambda$executeRecursively$6(NodeTestTask.java:155) ~[junit-platform-engine-1.10.2.jar:1.10.2]
	at org.junit.platform.engine.support.hierarchical.ThrowableCollector.execute(ThrowableCollector.java:73) ~[junit-platform-engine-1.10.2.jar:1.10.2]
	at org.junit.platform.engine.support.hierarchical.NodeTestTask.lambda$executeRecursively$8(NodeTestTask.java:141) ~[junit-platform-engine-1.10.2.jar:1.10.2]
	at org.junit.platform.engine.support.hierarchical.Node.around(Node.java:137) ~[junit-platform-engine-1.10.2.jar:1.10.2]
	at org.junit.platform.engine.support.hierarchical.NodeTestTask.lambda$executeRecursively$9(NodeTestTask.java:139) ~[junit-platform-engine-1.10.2.jar:1.10.2]
	at org.junit.platform.engine.support.hierarchical.ThrowableCollector.execute(ThrowableCollector.java:73) ~[junit-platform-engine-1.10.2.jar:1.10.2]
	at org.junit.platform.engine.support.hierarchical.NodeTestTask.executeRecursively(NodeTestTask.java:138) ~[junit-platform-engine-1.10.2.jar:1.10.2]
	at org.junit.platform.engine.support.hierarchical.NodeTestTask.execute(NodeTestTask.java:95) ~[junit-platform-engine-1.10.2.jar:1.10.2]
	at org.junit.platform.engine.support.hierarchical.SameThreadHierarchicalTestExecutorService.submit(SameThreadHierarchicalTestExecutorService.java:35) ~[junit-platform-engine-1.10.2.jar:1.10.2]
	at org.junit.platform.engine.support.hierarchical.HierarchicalTestExecutor.execute(HierarchicalTestExecutor.java:57) ~[junit-platform-engine-1.10.2.jar:1.10.2]
	at org.junit.platform.engine.support.hierarchical.HierarchicalTestEngine.execute(HierarchicalTestEngine.java:54) ~[junit-platform-engine-1.10.2.jar:1.10.2]
	at org.junit.platform.launcher.core.EngineExecutionOrchestrator.execute(EngineExecutionOrchestrator.java:198) ~[junit-platform-launcher-1.10.2.jar:1.10.2]
	at org.junit.platform.launcher.core.EngineExecutionOrchestrator.execute(EngineExecutionOrchestrator.java:169) ~[junit-platform-launcher-1.10.2.jar:1.10.2]
	at org.junit.platform.launcher.core.EngineExecutionOrchestrator.execute(EngineExecutionOrchestrator.java:93) ~[junit-platform-launcher-1.10.2.jar:1.10.2]
	at org.junit.platform.launcher.core.EngineExecutionOrchestrator.lambda$execute$0(EngineExecutionOrchestrator.java:58) ~[junit-platform-launcher-1.10.2.jar:1.10.2]
	at org.junit.platform.launcher.core.EngineExecutionOrchestrator.withInterceptedStreams(EngineExecutionOrchestrator.java:141) ~[junit-platform-launcher-1.10.2.jar:1.10.2]
	at org.junit.platform.launcher.core.EngineExecutionOrchestrator.execute(EngineExecutionOrchestrator.java:57) ~[junit-platform-launcher-1.10.2.jar:1.10.2]
	at org.junit.platform.launcher.core.DefaultLauncher.execute(DefaultLauncher.java:103) ~[junit-platform-launcher-1.10.2.jar:1.10.2]
	at org.junit.platform.launcher.core.DefaultLauncher.execute(DefaultLauncher.java:85) ~[junit-platform-launcher-1.10.2.jar:1.10.2]
	at org.junit.platform.launcher.core.DelegatingLauncher.execute(DelegatingLauncher.java:47) ~[junit-platform-launcher-1.10.2.jar:1.10.2]
	at org.apache.maven.surefire.junitplatform.LazyLauncher.execute(LazyLauncher.java:56) ~[surefire-junit-platform-3.2.5.jar:3.2.5]
	at org.apache.maven.surefire.junitplatform.JUnitPlatformProvider.execute(JUnitPlatformProvider.java:184) ~[surefire-junit-platform-3.2.5.jar:3.2.5]
	at org.apache.maven.surefire.junitplatform.JUnitPlatformProvider.invokeAllTests(JUnitPlatformProvider.java:148) ~[surefire-junit-platform-3.2.5.jar:3.2.5]
	at org.apache.maven.surefire.junitplatform.JUnitPlatformProvider.invoke(JUnitPlatformProvider.java:122) ~[surefire-junit-platform-3.2.5.jar:3.2.5]
	at org.apache.maven.surefire.booter.ForkedBooter.runSuitesInProcess(ForkedBooter.java:385) ~[surefire-booter-3.2.5.jar:3.2.5]
	at org.apache.maven.surefire.booter.ForkedBooter.execute(ForkedBooter.java:162) ~[surefire-booter-3.2.5.jar:3.2.5]
	at org.apache.maven.surefire.booter.ForkedBooter.run(ForkedBooter.java:507) ~[surefire-booter-3.2.5.jar:3.2.5]
	at org.apache.maven.surefire.booter.ForkedBooter.main(ForkedBooter.java:495) ~[surefire-booter-3.2.5.jar:3.2.5]
Caused by: java.util.concurrent.ExecutionException: org.apache.pulsar.client.api.PulsarClientException: java.util.concurrent.CompletionException: org.apache.pulsar.shade.io.netty.channel.AbstractChannel$AnnotatedConnectException: finishConnect(..) failed: Connection refused: localhost/127.0.0.1:6650{"previous":[{"attempt":0,"error":"java.util.concurrent.CompletionException: org.apache.pulsar.client.api.PulsarClientException: java.util.concurrent.CompletionException: org.apache.pulsar.shade.io.netty.channel.AbstractChannel$AnnotatedConnectException: finishConnect(..) failed: Connection refused: localhost/127.0.0.1:6650"},{"attempt":1,"error":"java.util.concurrent.CompletionException: org.apache.pulsar.client.api.PulsarClientException: java.util.concurrent.CompletionException: org.apache.pulsar.shade.io.netty.channel.AbstractChannel$AnnotatedConnectException: finishConnect(..) failed: Connection refused: localhost/127.0.0.1:6650"},{"attempt":2,"error":"java.util.concurrent.CompletionException: org.apache.pulsar.client.api.PulsarClientException: java.util.concurrent.CompletionException: org.apache.pulsar.shade.io.netty.channel.AbstractChannel$AnnotatedConnectException: finishConnect(..) failed: Connection refused: localhost/127.0.0.1:6650"},{"attempt":3,"error":"java.util.concurrent.CompletionException: org.apache.pulsar.client.api.PulsarClientException: java.util.concurrent.CompletionException: org.apache.pulsar.shade.io.netty.channel.AbstractChannel$AnnotatedConnectException: finishConnect(..) failed: Connection refused: localhost/127.0.0.1:6650"},{"attempt":4,"error":"java.util.concurrent.CompletionException: org.apache.pulsar.client.api.PulsarClientException: java.util.concurrent.CompletionException: org.apache.pulsar.shade.io.netty.channel.AbstractChannel$AnnotatedConnectException: finishConnect(..) failed: Connection refused: localhost/127.0.0.1:6650"},{"attempt":5,"error":"java.util.concurrent.CompletionException: org.apache.pulsar.client.api.PulsarClientException: java.util.concurrent.CompletionException: org.apache.pulsar.shade.io.netty.channel.AbstractChannel$AnnotatedConnectException: finishConnect(..) failed: Connection refused: localhost/127.0.0.1:6650"},{"attempt":6,"error":"java.util.concurrent.CompletionException: org.apache.pulsar.client.api.PulsarClientException: java.util.concurrent.CompletionException: org.apache.pulsar.shade.io.netty.channel.AbstractChannel$AnnotatedConnectException: finishConnect(..) failed: Connection refused: localhost/127.0.0.1:6650"},{"attempt":7,"error":"java.util.concurrent.CompletionException: org.apache.pulsar.client.api.PulsarClientException: java.util.concurrent.CompletionException: org.apache.pulsar.shade.io.netty.channel.AbstractChannel$AnnotatedConnectException: finishConnect(..) failed: Connection refused: localhost/127.0.0.1:6650"},{"attempt":8,"error":"java.util.concurrent.CompletionException: org.apache.pulsar.client.api.PulsarClientException: java.util.concurrent.CompletionException: org.apache.pulsar.shade.io.netty.channel.AbstractChannel$AnnotatedConnectException: finishConnect(..) failed: Connection refused: localhost/127.0.0.1:6650"}]}
	at java.base/java.util.concurrent.CompletableFuture.reportGet(CompletableFuture.java:396) ~[na:na]
	at java.base/java.util.concurrent.CompletableFuture.get(CompletableFuture.java:2073) ~[na:na]
	at org.apache.pulsar.client.impl.ConsumerBuilderImpl.subscribe(ConsumerBuilderImpl.java:101) ~[pulsar-client-3.2.4.jar:3.2.4]
	... 104 common frames omitted
Caused by: org.apache.pulsar.client.api.PulsarClientException: java.util.concurrent.CompletionException: org.apache.pulsar.shade.io.netty.channel.AbstractChannel$AnnotatedConnectException: finishConnect(..) failed: Connection refused: localhost/127.0.0.1:6650
	at org.apache.pulsar.client.impl.ConnectionPool.lambda$createConnection$14(ConnectionPool.java:311) ~[pulsar-client-3.2.4.jar:3.2.4]
	at org.apache.pulsar.shade.io.netty.util.concurrent.AbstractEventExecutor.runTask(AbstractEventExecutor.java:173) ~[pulsar-client-3.2.4.jar:3.2.4]
	at org.apache.pulsar.shade.io.netty.util.concurrent.AbstractEventExecutor.safeExecute(AbstractEventExecutor.java:166) ~[pulsar-client-3.2.4.jar:3.2.4]
	at org.apache.pulsar.shade.io.netty.util.concurrent.SingleThreadEventExecutor.runAllTasks(SingleThreadEventExecutor.java:469) ~[pulsar-client-3.2.4.jar:3.2.4]
	at org.apache.pulsar.shade.io.netty.channel.epoll.EpollEventLoop.run(EpollEventLoop.java:405) ~[pulsar-client-3.2.4.jar:3.2.4]
	at org.apache.pulsar.shade.io.netty.util.concurrent.SingleThreadEventExecutor$4.run(SingleThreadEventExecutor.java:994) ~[pulsar-client-3.2.4.jar:3.2.4]
	at org.apache.pulsar.shade.io.netty.util.internal.ThreadExecutorMap$2.run(ThreadExecutorMap.java:74) ~[pulsar-client-3.2.4.jar:3.2.4]
	at org.apache.pulsar.shade.io.netty.util.concurrent.FastThreadLocalRunnable.run(FastThreadLocalRunnable.java:30) ~[pulsar-client-3.2.4.jar:3.2.4]
	at java.base/java.lang.Thread.run(Thread.java:840) ~[na:na]
Caused by: java.util.concurrent.CompletionException: org.apache.pulsar.shade.io.netty.channel.AbstractChannel$AnnotatedConnectException: finishConnect(..) failed: Connection refused: localhost/127.0.0.1:6650
	at java.base/java.util.concurrent.CompletableFuture.encodeRelay(CompletableFuture.java:368) ~[na:na]
	at java.base/java.util.concurrent.CompletableFuture.completeRelay(CompletableFuture.java:377) ~[na:na]
	at java.base/java.util.concurrent.CompletableFuture$UniRelay.tryFire(CompletableFuture.java:1097) ~[na:na]
	at java.base/java.util.concurrent.CompletableFuture.postComplete(CompletableFuture.java:510) ~[na:na]
	at java.base/java.util.concurrent.CompletableFuture.completeExceptionally(CompletableFuture.java:2162) ~[na:na]
	at org.apache.pulsar.common.util.netty.ChannelFutures.lambda$toCompletableFuture$0(ChannelFutures.java:58) ~[pulsar-client-3.2.4.jar:3.2.4]
	at org.apache.pulsar.shade.io.netty.util.concurrent.DefaultPromise.notifyListener0(DefaultPromise.java:590) ~[pulsar-client-3.2.4.jar:3.2.4]
	at org.apache.pulsar.shade.io.netty.util.concurrent.DefaultPromise.notifyListeners0(DefaultPromise.java:583) ~[pulsar-client-3.2.4.jar:3.2.4]
	at org.apache.pulsar.shade.io.netty.util.concurrent.DefaultPromise.notifyListenersNow(DefaultPromise.java:559) ~[pulsar-client-3.2.4.jar:3.2.4]
	at org.apache.pulsar.shade.io.netty.util.concurrent.DefaultPromise.notifyListeners(DefaultPromise.java:492) ~[pulsar-client-3.2.4.jar:3.2.4]
	at org.apache.pulsar.shade.io.netty.util.concurrent.DefaultPromise.setValue0(DefaultPromise.java:636) ~[pulsar-client-3.2.4.jar:3.2.4]
	at org.apache.pulsar.shade.io.netty.util.concurrent.DefaultPromise.setFailure0(DefaultPromise.java:629) ~[pulsar-client-3.2.4.jar:3.2.4]
	at org.apache.pulsar.shade.io.netty.util.concurrent.DefaultPromise.tryFailure(DefaultPromise.java:118) ~[pulsar-client-3.2.4.jar:3.2.4]
	at org.apache.pulsar.shade.io.netty.channel.epoll.AbstractEpollChannel$AbstractEpollUnsafe.fulfillConnectPromise(AbstractEpollChannel.java:679) ~[pulsar-client-3.2.4.jar:3.2.4]
	at org.apache.pulsar.shade.io.netty.channel.epoll.AbstractEpollChannel$AbstractEpollUnsafe.finishConnect(AbstractEpollChannel.java:698) ~[pulsar-client-3.2.4.jar:3.2.4]
	at org.apache.pulsar.shade.io.netty.channel.epoll.AbstractEpollChannel$AbstractEpollUnsafe.epollOutReady(AbstractEpollChannel.java:567) ~[pulsar-client-3.2.4.jar:3.2.4]
	at org.apache.pulsar.shade.io.netty.channel.epoll.EpollEventLoop.processReady(EpollEventLoop.java:491) ~[pulsar-client-3.2.4.jar:3.2.4]
	at org.apache.pulsar.shade.io.netty.channel.epoll.EpollEventLoop.run(EpollEventLoop.java:399) ~[pulsar-client-3.2.4.jar:3.2.4]
	... 4 common frames omitted
Caused by: org.apache.pulsar.shade.io.netty.channel.AbstractChannel$AnnotatedConnectException: finishConnect(..) failed: Connection refused: localhost/127.0.0.1:6650
Caused by: java.net.ConnectException: finishConnect(..) failed: Connection refused
	at org.apache.pulsar.shade.io.netty.channel.unix.Errors.newConnectException0(Errors.java:166) ~[pulsar-client-3.2.4.jar:3.2.4]
	at org.apache.pulsar.shade.io.netty.channel.unix.Errors.handleConnectErrno(Errors.java:131) ~[pulsar-client-3.2.4.jar:3.2.4]
	at org.apache.pulsar.shade.io.netty.channel.unix.Socket.finishConnect(Socket.java:359) ~[pulsar-client-3.2.4.jar:3.2.4]
	at org.apache.pulsar.shade.io.netty.channel.epoll.AbstractEpollChannel$AbstractEpollUnsafe.doFinishConnect(AbstractEpollChannel.java:715) ~[pulsar-client-3.2.4.jar:3.2.4]
	at org.apache.pulsar.shade.io.netty.channel.epoll.AbstractEpollChannel$AbstractEpollUnsafe.finishConnect(AbstractEpollChannel.java:692) ~[pulsar-client-3.2.4.jar:3.2.4]
	at org.apache.pulsar.shade.io.netty.channel.epoll.AbstractEpollChannel$AbstractEpollUnsafe.epollOutReady(AbstractEpollChannel.java:567) ~[pulsar-client-3.2.4.jar:3.2.4]
	at org.apache.pulsar.shade.io.netty.channel.epoll.EpollEventLoop.processReady(EpollEventLoop.java:491) ~[pulsar-client-3.2.4.jar:3.2.4]
	at org.apache.pulsar.shade.io.netty.channel.epoll.EpollEventLoop.run(EpollEventLoop.java:399) ~[pulsar-client-3.2.4.jar:3.2.4]
	at org.apache.pulsar.shade.io.netty.util.concurrent.SingleThreadEventExecutor$4.run(SingleThreadEventExecutor.java:994) ~[pulsar-client-3.2.4.jar:3.2.4]
	at org.apache.pulsar.shade.io.netty.util.internal.ThreadExecutorMap$2.run(ThreadExecutorMap.java:74) ~[pulsar-client-3.2.4.jar:3.2.4]
	at org.apache.pulsar.shade.io.netty.util.concurrent.FastThreadLocalRunnable.run(FastThreadLocalRunnable.java:30) ~[pulsar-client-3.2.4.jar:3.2.4]
	at java.base/java.lang.Thread.run(Thread.java:840) ~[na:na]

2026-03-06T19:43:25.892Z  INFO 2627 --- [           main] o.s.b.t.m.w.SpringBootMockServletContext : Initializing Spring TestDispatcherServlet ''
2026-03-06T19:43:25.892Z  INFO 2627 --- [           main] o.s.t.web.servlet.TestDispatcherServlet  : Initializing Servlet ''
2026-03-06T19:43:25.900Z  INFO 2627 --- [           main] o.s.b.a.e.web.EndpointLinksResolver      : Exposing 1 endpoint beneath base path '/actuator'
2026-03-06T19:43:25.909Z  INFO 2627 --- [           main] o.s.t.web.servlet.TestDispatcherServlet  : Completed initialization in 16 ms
2026-03-06T19:43:26.019Z  INFO 2627 --- [           main] o.a.k.clients.consumer.ConsumerConfig    : ConsumerConfig values: 
	allow.auto.create.topics = true
	auto.commit.interval.ms = 5000
	auto.include.jmx.reporter = true
	auto.offset.reset = latest
	bootstrap.servers = [localhost:9092]
	check.crcs = true
	client.dns.lookup = use_all_dns_ips
	client.id = consumer-audit-mirror-1
	client.rack = 
	connections.max.idle.ms = 540000
	default.api.timeout.ms = 60000
	enable.auto.commit = false
	enable.metrics.push = true
	exclude.internal.topics = true
	fetch.max.bytes = 52428800
	fetch.max.wait.ms = 500
	fetch.min.bytes = 1
	group.id = audit-mirror
	group.instance.id = null
	group.protocol = classic
	group.remote.assignor = null
	heartbeat.interval.ms = 3000
	interceptor.classes = []
	internal.leave.group.on.close = true
	internal.throw.on.fetch.stable.offset.unsupported = false
	isolation.level = read_uncommitted
	key.deserializer = class org.apache.kafka.common.serialization.StringDeserializer
	max.partition.fetch.bytes = 1048576
	max.poll.interval.ms = 300000
	max.poll.records = 500
	metadata.max.age.ms = 300000
	metric.reporters = []
	metrics.num.samples = 2
	metrics.recording.level = INFO
	metrics.sample.window.ms = 30000
	partition.assignment.strategy = [class org.apache.kafka.clients.consumer.RangeAssignor, class org.apache.kafka.clients.consumer.CooperativeStickyAssignor]
	receive.buffer.bytes = 65536
	reconnect.backoff.max.ms = 1000
	reconnect.backoff.ms = 50
	request.timeout.ms = 30000
	retry.backoff.max.ms = 1000
	retry.backoff.ms = 100
	sasl.client.callback.handler.class = null
	sasl.jaas.config = null
	sasl.kerberos.kinit.cmd = /usr/bin/kinit
	sasl.kerberos.min.time.before.relogin = 60000
	sasl.kerberos.service.name = null
	sasl.kerberos.ticket.renew.jitter = 0.05
	sasl.kerberos.ticket.renew.window.factor = 0.8
	sasl.login.callback.handler.class = null
	sasl.login.class = null
	sasl.login.connect.timeout.ms = null
	sasl.login.read.timeout.ms = null
	sasl.login.refresh.buffer.seconds = 300
	sasl.login.refresh.min.period.seconds = 60
	sasl.login.refresh.window.factor = 0.8
	sasl.login.refresh.window.jitter = 0.05
	sasl.login.retry.backoff.max.ms = 10000
	sasl.login.retry.backoff.ms = 100
	sasl.mechanism = GSSAPI
	sasl.oauthbearer.clock.skew.seconds = 30
	sasl.oauthbearer.expected.audience = null
	sasl.oauthbearer.expected.issuer = null
	sasl.oauthbearer.jwks.endpoint.refresh.ms = 3600000
	sasl.oauthbearer.jwks.endpoint.retry.backoff.max.ms = 10000
	sasl.oauthbearer.jwks.endpoint.retry.backoff.ms = 100
	sasl.oauthbearer.jwks.endpoint.url = null
	sasl.oauthbearer.scope.claim.name = scope
	sasl.oauthbearer.sub.claim.name = sub
	sasl.oauthbearer.token.endpoint.url = null
	security.protocol = PLAINTEXT
	security.providers = null
	send.buffer.bytes = 131072
	session.timeout.ms = 45000
	socket.connection.setup.timeout.max.ms = 30000
	socket.connection.setup.timeout.ms = 10000
	ssl.cipher.suites = null
	ssl.enabled.protocols = [TLSv1.2, TLSv1.3]
	ssl.endpoint.identification.algorithm = https
	ssl.engine.factory.class = null
	ssl.key.password = null
	ssl.keymanager.algorithm = SunX509
	ssl.keystore.certificate.chain = null
	ssl.keystore.key = null
	ssl.keystore.location = null
	ssl.keystore.password = null
	ssl.keystore.type = JKS
	ssl.protocol = TLSv1.3
	ssl.provider = null
	ssl.secure.random.implementation = null
	ssl.trustmanager.algorithm = PKIX
	ssl.truststore.certificates = null
	ssl.truststore.location = null
	ssl.truststore.password = null
	ssl.truststore.type = JKS
	value.deserializer = class org.apache.kafka.common.serialization.StringDeserializer

2026-03-06T19:43:26.061Z  INFO 2627 --- [           main] o.a.k.c.t.i.KafkaMetricsCollector        : initializing Kafka metrics collector
2026-03-06T19:43:26.268Z  INFO 2627 --- [           main] o.a.kafka.common.utils.AppInfoParser     : Kafka version: 3.7.0
2026-03-06T19:43:26.269Z  INFO 2627 --- [           main] o.a.kafka.common.utils.AppInfoParser     : Kafka commitId: 2ae524ed625438c5
2026-03-06T19:43:26.269Z  INFO 2627 --- [           main] o.a.kafka.common.utils.AppInfoParser     : Kafka startTimeMs: 1772826206267
2026-03-06T19:43:26.287Z  INFO 2627 --- [           main] o.a.k.c.c.internals.LegacyKafkaConsumer  : [Consumer clientId=consumer-audit-mirror-1, groupId=audit-mirror] Subscribed to topic(s): cosmic-audit
2026-03-06T19:43:26.294Z  INFO 2627 --- [           main] o.a.k.clients.consumer.ConsumerConfig    : ConsumerConfig values: 
	allow.auto.create.topics = true
	auto.commit.interval.ms = 5000
	auto.include.jmx.reporter = true
	auto.offset.reset = latest
	bootstrap.servers = [localhost:9092]
	check.crcs = true
	client.dns.lookup = use_all_dns_ips
	client.id = consumer-governance-group-2
	client.rack = 
	connections.max.idle.ms = 540000
	default.api.timeout.ms = 60000
	enable.auto.commit = false
	enable.metrics.push = true
	exclude.internal.topics = true
	fetch.max.bytes = 52428800
	fetch.max.wait.ms = 500
	fetch.min.bytes = 1
	group.id = governance-group
	group.instance.id = null
	group.protocol = classic
	group.remote.assignor = null
	heartbeat.interval.ms = 3000
	interceptor.classes = []
	internal.leave.group.on.close = true
	internal.throw.on.fetch.stable.offset.unsupported = false
	isolation.level = read_uncommitted
	key.deserializer = class org.apache.kafka.common.serialization.StringDeserializer
	max.partition.fetch.bytes = 1048576
	max.poll.interval.ms = 300000
	max.poll.records = 500
	metadata.max.age.ms = 300000
	metric.reporters = []
	metrics.num.samples = 2
	metrics.recording.level = INFO
	metrics.sample.window.ms = 30000
	partition.assignment.strategy = [class org.apache.kafka.clients.consumer.RangeAssignor, class org.apache.kafka.clients.consumer.CooperativeStickyAssignor]
	receive.buffer.bytes = 65536
	reconnect.backoff.max.ms = 1000
	reconnect.backoff.ms = 50
	request.timeout.ms = 30000
	retry.backoff.max.ms = 1000
	retry.backoff.ms = 100
	sasl.client.callback.handler.class = null
	sasl.jaas.config = null
	sasl.kerberos.kinit.cmd = /usr/bin/kinit
	sasl.kerberos.min.time.before.relogin = 60000
	sasl.kerberos.service.name = null
	sasl.kerberos.ticket.renew.jitter = 0.05
	sasl.kerberos.ticket.renew.window.factor = 0.8
	sasl.login.callback.handler.class = null
	sasl.login.class = null
	sasl.login.connect.timeout.ms = null
	sasl.login.read.timeout.ms = null
	sasl.login.refresh.buffer.seconds = 300
	sasl.login.refresh.min.period.seconds = 60
	sasl.login.refresh.window.factor = 0.8
	sasl.login.refresh.window.jitter = 0.05
	sasl.login.retry.backoff.max.ms = 10000
	sasl.login.retry.backoff.ms = 100
	sasl.mechanism = GSSAPI
	sasl.oauthbearer.clock.skew.seconds = 30
	sasl.oauthbearer.expected.audience = null
	sasl.oauthbearer.expected.issuer = null
	sasl.oauthbearer.jwks.endpoint.refresh.ms = 3600000
	sasl.oauthbearer.jwks.endpoint.retry.backoff.max.ms = 10000
	sasl.oauthbearer.jwks.endpoint.retry.backoff.ms = 100
	sasl.oauthbearer.jwks.endpoint.url = null
	sasl.oauthbearer.scope.claim.name = scope
	sasl.oauthbearer.sub.claim.name = sub
	sasl.oauthbearer.token.endpoint.url = null
	security.protocol = PLAINTEXT
	security.providers = null
	send.buffer.bytes = 131072
	session.timeout.ms = 45000
	socket.connection.setup.timeout.max.ms = 30000
	socket.connection.setup.timeout.ms = 10000
	ssl.cipher.suites = null
	ssl.enabled.protocols = [TLSv1.2, TLSv1.3]
	ssl.endpoint.identification.algorithm = https
	ssl.engine.factory.class = null
	ssl.key.password = null
	ssl.keymanager.algorithm = SunX509
	ssl.keystore.certificate.chain = null
	ssl.keystore.key = null
	ssl.keystore.location = null
	ssl.keystore.password = null
	ssl.keystore.type = JKS
	ssl.protocol = TLSv1.3
	ssl.provider = null
	ssl.secure.random.implementation = null
	ssl.trustmanager.algorithm = PKIX
	ssl.truststore.certificates = null
	ssl.truststore.location = null
	ssl.truststore.password = null
	ssl.truststore.type = JKS
	value.deserializer = class org.apache.kafka.common.serialization.StringDeserializer

2026-03-06T19:43:26.294Z  INFO 2627 --- [           main] o.a.k.c.t.i.KafkaMetricsCollector        : initializing Kafka metrics collector
2026-03-06T19:43:26.306Z  INFO 2627 --- [           main] o.a.kafka.common.utils.AppInfoParser     : Kafka version: 3.7.0
2026-03-06T19:43:26.306Z  INFO 2627 --- [           main] o.a.kafka.common.utils.AppInfoParser     : Kafka commitId: 2ae524ed625438c5
2026-03-06T19:43:26.306Z  INFO 2627 --- [           main] o.a.kafka.common.utils.AppInfoParser     : Kafka startTimeMs: 1772826206306
2026-03-06T19:43:26.313Z  INFO 2627 --- [           main] o.a.k.c.c.internals.LegacyKafkaConsumer  : [Consumer clientId=consumer-governance-group-2, groupId=governance-group] Subscribed to topic(s): phase2-events
2026-03-06T19:43:26.319Z  INFO 2627 --- [           main] o.s.a.r.c.CachingConnectionFactory       : Attempting to connect to: [localhost:5672]
2026-03-06T19:43:26.323Z  INFO 2627 --- [           main] o.s.a.r.l.SimpleMessageListenerContainer : Broker not available; cannot force queue declarations during start: java.net.ConnectException: Connection refused
2026-03-06T19:43:26.331Z  INFO 2627 --- [ntContainer#0-1] o.s.a.r.c.CachingConnectionFactory       : Attempting to connect to: [localhost:5672]
2026-03-06T19:43:26.360Z  INFO 2627 --- [           main] c.c.governance.test.ProvenanceE2ETest    : Started ProvenanceE2ETest in 33.83 seconds (process running for 52.825)
2026-03-06T19:43:26.540Z  INFO 2627 --- [ntainer#1-0-C-1] org.apache.kafka.clients.NetworkClient   : [Consumer clientId=consumer-governance-group-2, groupId=governance-group] Node -1 disconnected.
2026-03-06T19:43:26.542Z  INFO 2627 --- [ntainer#0-0-C-1] org.apache.kafka.clients.NetworkClient   : [Consumer clientId=consumer-audit-mirror-1, groupId=audit-mirror] Node -1 disconnected.
2026-03-06T19:43:26.546Z  WARN 2627 --- [ntainer#0-0-C-1] org.apache.kafka.clients.NetworkClient   : [Consumer clientId=consumer-audit-mirror-1, groupId=audit-mirror] Connection to node -1 (localhost/127.0.0.1:9092) could not be established. Node may not be available.
2026-03-06T19:43:26.546Z  WARN 2627 --- [ntainer#0-0-C-1] org.apache.kafka.clients.NetworkClient   : [Consumer clientId=consumer-audit-mirror-1, groupId=audit-mirror] Bootstrap broker localhost:9092 (id: -1 rack: null) disconnected
2026-03-06T19:43:26.548Z  WARN 2627 --- [ntainer#1-0-C-1] org.apache.kafka.clients.NetworkClient   : [Consumer clientId=consumer-governance-group-2, groupId=governance-group] Connection to node -1 (localhost/127.0.0.1:9092) could not be established. Node may not be available.
2026-03-06T19:43:26.548Z  WARN 2627 --- [ntainer#1-0-C-1] org.apache.kafka.clients.NetworkClient   : [Consumer clientId=consumer-governance-group-2, groupId=governance-group] Bootstrap broker localhost:9092 (id: -1 rack: null) disconnected
2026-03-06T19:43:26.653Z  INFO 2627 --- [ntainer#1-0-C-1] org.apache.kafka.clients.NetworkClient   : [Consumer clientId=consumer-governance-group-2, groupId=governance-group] Node -1 disconnected.
2026-03-06T19:43:26.653Z  WARN 2627 --- [ntainer#1-0-C-1] org.apache.kafka.clients.NetworkClient   : [Consumer clientId=consumer-governance-group-2, groupId=governance-group] Connection to node -1 (localhost/127.0.0.1:9092) could not be established. Node may not be available.
2026-03-06T19:43:26.654Z  WARN 2627 --- [ntainer#1-0-C-1] org.apache.kafka.clients.NetworkClient   : [Consumer clientId=consumer-governance-group-2, groupId=governance-group] Bootstrap broker localhost:9092 (id: -1 rack: null) disconnected
2026-03-06T19:43:26.668Z  INFO 2627 --- [ntainer#0-0-C-1] org.apache.kafka.clients.NetworkClient   : [Consumer clientId=consumer-audit-mirror-1, groupId=audit-mirror] Node -1 disconnected.
2026-03-06T19:43:26.668Z  WARN 2627 --- [ntainer#0-0-C-1] org.apache.kafka.clients.NetworkClient   : [Consumer clientId=consumer-audit-mirror-1, groupId=audit-mirror] Connection to node -1 (localhost/127.0.0.1:9092) could not be established. Node may not be available.
2026-03-06T19:43:26.668Z  WARN 2627 --- [ntainer#0-0-C-1] org.apache.kafka.clients.NetworkClient   : [Consumer clientId=consumer-audit-mirror-1, groupId=audit-mirror] Bootstrap broker localhost:9092 (id: -1 rack: null) disconnected
2026-03-06T19:43:26.770Z  INFO 2627 --- [ntainer#0-0-C-1] org.apache.kafka.clients.NetworkClient   : [Consumer clientId=consumer-audit-mirror-1, groupId=audit-mirror] Node -1 disconnected.
2026-03-06T19:43:26.770Z  WARN 2627 --- [ntainer#0-0-C-1] org.apache.kafka.clients.NetworkClient   : [Consumer clientId=consumer-audit-mirror-1, groupId=audit-mirror] Connection to node -1 (localhost/127.0.0.1:9092) could not be established. Node may not be available.
2026-03-06T19:43:26.770Z  WARN 2627 --- [ntainer#0-0-C-1] org.apache.kafka.clients.NetworkClient   : [Consumer clientId=consumer-audit-mirror-1, groupId=audit-mirror] Bootstrap broker localhost:9092 (id: -1 rack: null) disconnected
2026-03-06T19:43:26.805Z  INFO 2627 --- [ntainer#1-0-C-1] org.apache.kafka.clients.NetworkClient   : [Consumer clientId=consumer-governance-group-2, groupId=governance-group] Node -1 disconnected.
2026-03-06T19:43:26.805Z  WARN 2627 --- [ntainer#1-0-C-1] org.apache.kafka.clients.NetworkClient   : [Consumer clientId=consumer-governance-group-2, groupId=governance-group] Connection to node -1 (localhost/127.0.0.1:9092) could not be established. Node may not be available.
2026-03-06T19:43:26.805Z  WARN 2627 --- [ntainer#1-0-C-1] org.apache.kafka.clients.NetworkClient   : [Consumer clientId=consumer-governance-group-2, groupId=governance-group] Bootstrap broker localhost:9092 (id: -1 rack: null) disconnected
2026-03-06T19:43:27.007Z  INFO 2627 --- [ntainer#1-0-C-1] org.apache.kafka.clients.NetworkClient   : [Consumer clientId=consumer-governance-group-2, groupId=governance-group] Node -1 disconnected.
2026-03-06T19:43:27.008Z  WARN 2627 --- [ntainer#1-0-C-1] org.apache.kafka.clients.NetworkClient   : [Consumer clientId=consumer-governance-group-2, groupId=governance-group] Connection to node -1 (localhost/127.0.0.1:9092) could not be established. Node may not be available.
2026-03-06T19:43:27.008Z  WARN 2627 --- [ntainer#1-0-C-1] org.apache.kafka.clients.NetworkClient   : [Consumer clientId=consumer-governance-group-2, groupId=governance-group] Bootstrap broker localhost:9092 (id: -1 rack: null) disconnected
2026-03-06T19:43:27.023Z  INFO 2627 --- [ntainer#0-0-C-1] org.apache.kafka.clients.NetworkClient   : [Consumer clientId=consumer-audit-mirror-1, groupId=audit-mirror] Node -1 disconnected.
2026-03-06T19:43:27.023Z  WARN 2627 --- [ntainer#0-0-C-1] org.apache.kafka.clients.NetworkClient   : [Consumer clientId=consumer-audit-mirror-1, groupId=audit-mirror] Connection to node -1 (localhost/127.0.0.1:9092) could not be established. Node may not be available.
2026-03-06T19:43:27.023Z  WARN 2627 --- [ntainer#0-0-C-1] org.apache.kafka.clients.NetworkClient   : [Consumer clientId=consumer-audit-mirror-1, groupId=audit-mirror] Bootstrap broker localhost:9092 (id: -1 rack: null) disconnected
]]></system-out>
  </testcase>
  <testcase name="jobSubmissionGeneratesAuditRecord" classname="com.cosmic.governance.test.ProvenanceE2ETest" time="0.093">
    <system-out><![CDATA[2026-03-06T19:43:27.245Z  INFO 2627 --- [           main] c.c.governance.api.service.JobService    : Audit: timing_budget_violation job ad508ec6-cd94-45b7-8114-311ee079fa2d offset=5000
2026-03-06T19:43:27.245Z  INFO 2627 --- [           main] c.c.governance.api.service.JobService    : Audit: rfi_flag job ad508ec6-cd94-45b7-8114-311ee079fa2d {band=L, intensity=low}
2026-03-06T19:43:27.251Z  INFO 2627 --- [           main] c.c.governance.api.service.JobService    : Audit: job submitted ad508ec6-cd94-45b7-8114-311ee079fa2d workflow=demo dataset=ds1 manifest={clockOffsetNs=5000, rfiFlags={band=L, intensity=low}, version=1, job=demo1, timeRef=UTC(GPS)} lineage={parentJobId=p-0001}
2026-03-06T19:43:27.288Z  INFO 2627 --- [           main] c.c.governance.api.service.JobService    : Audit: manifest attached ad508ec6-cd94-45b7-8114-311ee079fa2d {version=2, job=updated}
]]></system-out>
  </testcase>
  <testcase name="qualityGateFailureIsAudited" classname="com.cosmic.governance.test.ProvenanceE2ETest" time="0.053">
    <system-out><![CDATA[2026-03-06T19:43:27.300Z  INFO 2627 --- [           main] c.c.governance.api.service.JobService    : Audit: timing_budget_violation job 34b3a8d7-8b32-43f9-850c-de26cebc827e offset=50000
2026-03-06T19:43:27.301Z  INFO 2627 --- [           main] c.c.governance.api.service.JobService    : Audit: job submitted 34b3a8d7-8b32-43f9-850c-de26cebc827e workflow=qg-wf dataset=ds manifest={processingLevel=SCI, clockOffsetNs=50000}
2026-03-06T19:43:27.315Z  INFO 2627 --- [           main] c.c.governance.api.service.JobService    : Audit: job 34b3a8d7-8b32-43f9-850c-de26cebc827e transitioning QUEUED -> RUNNING
2026-03-06T19:43:27.320Z  INFO 2627 --- [           main] c.c.governance.api.service.JobService    : Audit: quality_gate_failed:DQ-TIM-001 job 34b3a8d7-8b32-43f9-850c-de26cebc827e
]]></system-out>
  </testcase>
</testsuite>