<?xml version="1.0" encoding="UTF-8"?>
<testsuite xmlns:xsi="http://www.w3.org/2001/XMLSchema-instance" xsi:noNamespaceSchemaLocation="https://maven.apache.org/surefire/maven-surefire-plugin/xsd/surefire-test-report-3.0.xsd" version="3.0" name="com.cosmic.governance.integration.SimulatorLifecycleTest" time="39.189" tests="1" errors="0" skipped="0" failures="0">
  <properties>
[...]
</properties>
  <testcase name="simulatorJobShouldPassThroughRunningState" classname="com.cosmic.governance.integration.SimulatorLifecycleTest" time="8.518">
    <system-out><![CDATA[2026-03-06T20:01:08.289Z  INFO 2612 --- [           main] t.c.s.AnnotationConfigContextLoaderUtils : Could not detect default configuration classes for test class [com.cosmic.governance.integration.SimulatorLifecycleTest]: SimulatorLifecycleTest does not declare any static, non-private, non-final, nested classes annotated with @Configuration.
2026-03-06T20:01:08.295Z  INFO 2612 --- [           main] .b.t.c.SpringBootTestContextBootstrapper : Found @SpringBootConfiguration com.cosmic.governance.GovernanceApplication for test class com.cosmic.governance.integration.SimulatorLifecycleTest
  .   ____          _            __ _ _
 /\\ / ___'_ __ _ _(_)_ __  __ _ \ \ \ \
( ( )\___ | '_ | '_| | '_ \/ _` | \ \ \ \
 \\/  ___)| |_)| | | | | || (_| |  ) ) ) )
  '  |____| .__|_| |_|_| |_\__, | / / / /
 =========|_|==============|___/=/_/_/_/

 :: Spring Boot ::                (v3.3.0)

[test] Testcontainers Redis started: localhost:32772
2026-03-06T20:01:08.322Z  INFO 2612 --- [           main] c.c.g.i.SimulatorLifecycleTest           : Starting SimulatorLifecycleTest using Java 21.0.10 with PID 2612 (started by runner in /home/runner/work/phase-2-cosmic/phase-2-cosmic/apps/java-governance)
2026-03-06T20:01:08.322Z  INFO 2612 --- [           main] c.c.g.i.SimulatorLifecycleTest           : No active profile set, falling back to 1 default profile: "default"
2026-03-06T20:01:08.428Z  INFO 2612 --- [ntainer#0-0-C-1] org.apache.kafka.clients.NetworkClient   : [Consumer clientId=consumer-audit-mirror-3, groupId=audit-mirror] Node -1 disconnected.
2026-03-06T20:01:08.431Z  WARN 2612 --- [ntainer#0-0-C-1] org.apache.kafka.clients.NetworkClient   : [Consumer clientId=consumer-audit-mirror-3, groupId=audit-mirror] Connection to node -1 (localhost/127.0.0.1:9092) could not be established. Node may not be available.
2026-03-06T20:01:08.431Z  WARN 2612 --- [ntainer#0-0-C-1] org.apache.kafka.clients.NetworkClient   : [Consumer clientId=consumer-audit-mirror-3, groupId=audit-mirror] Bootstrap broker localhost:9092 (id: -1 rack: null) disconnected
2026-03-06T20:01:08.534Z  INFO 2612 --- [           main] .s.d.r.c.RepositoryConfigurationDelegate : Multiple Spring Data modules found, entering strict repository configuration mode
2026-03-06T20:01:08.534Z  INFO 2612 --- [           main] .s.d.r.c.RepositoryConfigurationDelegate : Bootstrapping Spring Data Redis repositories in DEFAULT mode.
2026-03-06T20:01:08.539Z  INFO 2612 --- [           main] .s.d.r.c.RepositoryConfigurationDelegate : Finished Spring Data repository scanning in 4 ms. Found 0 Redis repository interfaces.
2026-03-06T20:01:08.648Z  INFO 2612 --- [ool-28-thread-1] c.c.governance.api.service.JobService    : Dispatching queued job 620cd42c-45ad-4334-95e2-ba771bb65393 to executor simulator
2026-03-06T20:01:08.652Z  INFO 2612 --- [ool-28-thread-1] c.c.governance.api.service.JobService    : Dispatching queued job fe9462ca-06a2-4f9e-970e-13e0af281887 to executor simulator
2026-03-06T20:01:08.654Z  INFO 2612 --- [ool-28-thread-1] c.c.governance.api.service.JobService    : Dispatching queued job b333bb9f-63c6-412a-a32c-bbbfbba5c5ff to executor simulator
2026-03-06T20:01:08.654Z  WARN 2612 --- [-client-io-50-4] o.a.pulsar.client.impl.ConnectionPool    : Failed to open connection to localhost/<unresolved>:6650 : org.apache.pulsar.shade.io.netty.channel.AbstractChannel$AnnotatedConnectException: finishConnect(..) failed: Connection refused: localhost/127.0.0.1:6650
2026-03-06T20:01:08.655Z  INFO 2612 --- [ool-28-thread-1] c.c.governance.api.service.JobService    : Dispatching queued job 10fb9424-49ef-47a1-97f1-84bcee23629a to executor simulator
2026-03-06T20:01:08.656Z  INFO 2612 --- [ool-28-thread-1] c.c.governance.api.service.JobService    : Dispatching queued job e0ee8e4b-81d7-4a48-9fe3-993c07ec634f to executor simulator
2026-03-06T20:01:08.657Z  INFO 2612 --- [ool-28-thread-1] c.c.governance.api.service.JobService    : Dispatching queued job 0450fbc2-7c29-4e36-8ff4-78749e790626 to executor simulator
2026-03-06T20:01:08.658Z  INFO 2612 --- [ool-28-thread-1] c.c.governance.api.service.JobService    : Dispatching queued job 126b4cf5-e58c-4ee0-b921-3e316cb79795 to executor simulator
2026-03-06T20:01:08.663Z  INFO 2612 --- [ool-28-thread-1] c.c.governance.api.service.JobService    : Dispatching queued job 938d3247-20f5-4fdb-8282-28dcf9879f89 to executor simulator
2026-03-06T20:01:08.664Z  INFO 2612 --- [ool-28-thread-1] c.c.governance.api.service.JobService    : Dispatching queued job 3913e6c9-3a3b-4b97-a8d7-155ecd531d8b to executor simulator
2026-03-06T20:01:08.672Z  WARN 2612 --- [ool-28-thread-1] c.c.governance.api.service.JobService    : Completing stale running job 8119c81d-ff2e-4015-be7b-49cfe193875e after restart
2026-03-06T20:01:08.680Z  WARN 2612 --- [ool-28-thread-1] c.c.governance.api.service.JobService    : Completing stale running job 59f7ae2f-1e75-4aeb-be02-41ee268d46db after restart
2026-03-06T20:01:08.729Z  INFO 2612 --- [ntainer#0-0-C-1] org.apache.kafka.clients.NetworkClient   : [Consumer clientId=consumer-audit-mirror-1, groupId=audit-mirror] Node -1 disconnected.
2026-03-06T20:01:08.729Z  WARN 2612 --- [ntainer#0-0-C-1] org.apache.kafka.clients.NetworkClient   : [Consumer clientId=consumer-audit-mirror-1, groupId=audit-mirror] Connection to node -1 (localhost/127.0.0.1:9092) could not be established. Node may not be available.
2026-03-06T20:01:08.729Z  WARN 2612 --- [ntainer#0-0-C-1] org.apache.kafka.clients.NetworkClient   : [Consumer clientId=consumer-audit-mirror-1, groupId=audit-mirror] Bootstrap broker localhost:9092 (id: -1 rack: null) disconnected
2026-03-06T20:01:08.755Z  WARN 2612 --- [-scheduled-60-1] o.a.pulsar.client.impl.PulsarClientImpl  : [topic: persistent://public/default/phase2-events] Could not get connection while getPartitionedTopicMetadata -- Will try again in 100 ms
2026-03-06T20:01:08.756Z  WARN 2612 --- [-client-io-50-2] o.a.pulsar.client.impl.ConnectionPool    : Failed to open connection to localhost/<unresolved>:6650 : org.apache.pulsar.shade.io.netty.channel.AbstractChannel$AnnotatedConnectException: finishConnect(..) failed: Connection refused: localhost/127.0.0.1:6650
2026-03-06T20:01:08.801Z  INFO 2612 --- [ntainer#1-0-C-1] org.apache.kafka.clients.NetworkClient   : [Consumer clientId=consumer-governance-group-2, groupId=governance-group] Node -1 disconnected.
2026-03-06T20:01:08.801Z  WARN 2612 --- [ntainer#1-0-C-1] org.apache.kafka.clients.NetworkClient   : [Consumer clientId=consumer-governance-group-2, groupId=governance-group] Connection to node -1 (localhost/127.0.0.1:9092) could not be established. Node may not be available.
2026-03-06T20:01:08.801Z  WARN 2612 --- [ntainer#1-0-C-1] org.apache.kafka.clients.NetworkClient   : [Consumer clientId=consumer-governance-group-2, groupId=governance-group] Bootstrap broker localhost:9092 (id: -1 rack: null) disconnected
2026-03-06T20:01:08.949Z  WARN 2612 --- [-scheduled-61-1] o.a.pulsar.client.impl.PulsarClientImpl  : [topic: persistent://public/default/phase2-events] Could not get connection while getPartitionedTopicMetadata -- Will try again in 193 ms
2026-03-06T20:01:08.951Z  WARN 2612 --- [-client-io-50-4] o.a.pulsar.client.impl.ConnectionPool    : Failed to open connection to localhost/<unresolved>:6650 : org.apache.pulsar.shade.io.netty.channel.AbstractChannel$AnnotatedConnectException: finishConnect(..) failed: Connection refused: localhost/127.0.0.1:6650
2026-03-06T20:01:09.165Z  INFO 2612 --- [ntainer#1-0-C-1] org.apache.kafka.clients.NetworkClient   : [Consumer clientId=consumer-governance-group-4, groupId=governance-group] Node -1 disconnected.
2026-03-06T20:01:09.165Z  WARN 2612 --- [ntainer#1-0-C-1] org.apache.kafka.clients.NetworkClient   : [Consumer clientId=consumer-governance-group-4, groupId=governance-group] Connection to node -1 (localhost/127.0.0.1:9092) could not be established. Node may not be available.
2026-03-06T20:01:09.165Z  WARN 2612 --- [ntainer#1-0-C-1] org.apache.kafka.clients.NetworkClient   : [Consumer clientId=consumer-governance-group-4, groupId=governance-group] Bootstrap broker localhost:9092 (id: -1 rack: null) disconnected
2026-03-06T20:01:09.286Z  INFO 2612 --- [ntainer#0-0-C-1] org.apache.kafka.clients.NetworkClient   : [Consumer clientId=consumer-audit-mirror-3, groupId=audit-mirror] Node -1 disconnected.
2026-03-06T20:01:09.286Z  WARN 2612 --- [ntainer#0-0-C-1] org.apache.kafka.clients.NetworkClient   : [Consumer clientId=consumer-audit-mirror-3, groupId=audit-mirror] Connection to node -1 (localhost/127.0.0.1:9092) could not be established. Node may not be available.
2026-03-06T20:01:09.286Z  WARN 2612 --- [ntainer#0-0-C-1] org.apache.kafka.clients.NetworkClient   : [Consumer clientId=consumer-audit-mirror-3, groupId=audit-mirror] Bootstrap broker localhost:9092 (id: -1 rack: null) disconnected
2026-03-06T20:01:09.347Z  WARN 2612 --- [-scheduled-62-1] o.a.pulsar.client.impl.PulsarClientImpl  : [topic: persistent://public/default/phase2-events] Could not get connection while getPartitionedTopicMetadata -- Will try again in 396 ms
2026-03-06T20:01:09.348Z  WARN 2612 --- [-client-io-50-2] o.a.pulsar.client.impl.ConnectionPool    : Failed to open connection to localhost/<unresolved>:6650 : org.apache.pulsar.shade.io.netty.channel.AbstractChannel$AnnotatedConnectException: finishConnect(..) failed: Connection refused: localhost/127.0.0.1:6650
2026-03-06T20:01:09.617Z  INFO 2612 --- [ntainer#0-0-C-1] org.apache.kafka.clients.NetworkClient   : [Consumer clientId=consumer-audit-mirror-1, groupId=audit-mirror] Node -1 disconnected.
2026-03-06T20:01:09.618Z  WARN 2612 --- [ntainer#0-0-C-1] org.apache.kafka.clients.NetworkClient   : [Consumer clientId=consumer-audit-mirror-1, groupId=audit-mirror] Connection to node -1 (localhost/127.0.0.1:9092) could not be established. Node may not be available.
2026-03-06T20:01:09.618Z  WARN 2612 --- [ntainer#0-0-C-1] org.apache.kafka.clients.NetworkClient   : [Consumer clientId=consumer-audit-mirror-1, groupId=audit-mirror] Bootstrap broker localhost:9092 (id: -1 rack: null) disconnected
2026-03-06T20:01:09.764Z  INFO 2612 --- [ntainer#1-0-C-1] org.apache.kafka.clients.NetworkClient   : [Consumer clientId=consumer-governance-group-2, groupId=governance-group] Node -1 disconnected.
2026-03-06T20:01:09.764Z  WARN 2612 --- [ntainer#1-0-C-1] org.apache.kafka.clients.NetworkClient   : [Consumer clientId=consumer-governance-group-2, groupId=governance-group] Connection to node -1 (localhost/127.0.0.1:9092) could not be established. Node may not be available.
2026-03-06T20:01:09.764Z  WARN 2612 --- [ntainer#1-0-C-1] org.apache.kafka.clients.NetworkClient   : [Consumer clientId=consumer-governance-group-2, groupId=governance-group] Bootstrap broker localhost:9092 (id: -1 rack: null) disconnected
2026-03-06T20:01:10.113Z  WARN 2612 --- [-scheduled-59-1] o.a.pulsar.client.impl.PulsarClientImpl  : [topic: persistent://public/default/phase2-events] Could not get connection while getPartitionedTopicMetadata -- Will try again in 764 ms
2026-03-06T20:01:10.114Z  WARN 2612 --- [-client-io-50-4] o.a.pulsar.client.impl.ConnectionPool    : Failed to open connection to localhost/<unresolved>:6650 : org.apache.pulsar.shade.io.netty.channel.AbstractChannel$AnnotatedConnectException: finishConnect(..) failed: Connection refused: localhost/127.0.0.1:6650
2026-03-06T20:01:10.118Z  INFO 2612 --- [ntainer#1-0-C-1] org.apache.kafka.clients.NetworkClient   : [Consumer clientId=consumer-governance-group-4, groupId=governance-group] Node -1 disconnected.
2026-03-06T20:01:10.118Z  WARN 2612 --- [ntainer#1-0-C-1] org.apache.kafka.clients.NetworkClient   : [Consumer clientId=consumer-governance-group-4, groupId=governance-group] Connection to node -1 (localhost/127.0.0.1:9092) could not be established. Node may not be available.
2026-03-06T20:01:10.118Z  WARN 2612 --- [ntainer#1-0-C-1] org.apache.kafka.clients.NetworkClient   : [Consumer clientId=consumer-governance-group-4, groupId=governance-group] Bootstrap broker localhost:9092 (id: -1 rack: null) disconnected
2026-03-06T20:01:10.289Z  INFO 2612 --- [ntainer#0-0-C-1] org.apache.kafka.clients.NetworkClient   : [Consumer clientId=consumer-audit-mirror-3, groupId=audit-mirror] Node -1 disconnected.
2026-03-06T20:01:10.289Z  WARN 2612 --- [ntainer#0-0-C-1] org.apache.kafka.clients.NetworkClient   : [Consumer clientId=consumer-audit-mirror-3, groupId=audit-mirror] Connection to node -1 (localhost/127.0.0.1:9092) could not be established. Node may not be available.
2026-03-06T20:01:10.289Z  WARN 2612 --- [ntainer#0-0-C-1] org.apache.kafka.clients.NetworkClient   : [Consumer clientId=consumer-audit-mirror-3, groupId=audit-mirror] Bootstrap broker localhost:9092 (id: -1 rack: null) disconnected
2026-03-06T20:01:10.582Z  INFO 2612 --- [ntainer#0-0-C-1] org.apache.kafka.clients.NetworkClient   : [Consumer clientId=consumer-audit-mirror-1, groupId=audit-mirror] Node -1 disconnected.
2026-03-06T20:01:10.582Z  WARN 2612 --- [ntainer#0-0-C-1] org.apache.kafka.clients.NetworkClient   : [Consumer clientId=consumer-audit-mirror-1, groupId=audit-mirror] Connection to node -1 (localhost/127.0.0.1:9092) could not be established. Node may not be available.
2026-03-06T20:01:10.582Z  WARN 2612 --- [ntainer#0-0-C-1] org.apache.kafka.clients.NetworkClient   : [Consumer clientId=consumer-audit-mirror-1, groupId=audit-mirror] Bootstrap broker localhost:9092 (id: -1 rack: null) disconnected
2026-03-06T20:01:10.588Z  WARN 2612 --- [ntContainer#0-7] o.s.a.r.l.SimpleMessageListenerContainer : Consumer raised exception, processing can restart if the connection factory supports it. Exception summary: org.springframework.amqp.AmqpConnectException: java.net.ConnectException: Connection refused
2026-03-06T20:01:10.588Z  INFO 2612 --- [ntContainer#0-7] o.s.a.r.l.SimpleMessageListenerContainer : Restarting Consumer@6b0a15fa: tags=[[]], channel=null, acknowledgeMode=AUTO local queue size=0
2026-03-06T20:01:10.589Z  INFO 2612 --- [ntContainer#0-8] o.s.a.r.c.CachingConnectionFactory       : Attempting to connect to: [localhost:5672]
2026-03-06T20:01:10.667Z  INFO 2612 --- [ntainer#1-0-C-1] org.apache.kafka.clients.NetworkClient   : [Consumer clientId=consumer-governance-group-2, groupId=governance-group] Node -1 disconnected.
2026-03-06T20:01:10.667Z  WARN 2612 --- [ntainer#1-0-C-1] org.apache.kafka.clients.NetworkClient   : [Consumer clientId=consumer-governance-group-2, groupId=governance-group] Connection to node -1 (localhost/127.0.0.1:9092) could not be established. Node may not be available.
2026-03-06T20:01:10.667Z  WARN 2612 --- [ntainer#1-0-C-1] org.apache.kafka.clients.NetworkClient   : [Consumer clientId=consumer-governance-group-2, groupId=governance-group] Bootstrap broker localhost:9092 (id: -1 rack: null) disconnected
2026-03-06T20:01:11.119Z  INFO 2612 --- [ntainer#1-0-C-1] org.apache.kafka.clients.NetworkClient   : [Consumer clientId=consumer-governance-group-4, groupId=governance-group] Node -1 disconnected.
2026-03-06T20:01:11.119Z  WARN 2612 --- [ntainer#1-0-C-1] org.apache.kafka.clients.NetworkClient   : [Consumer clientId=consumer-governance-group-4, groupId=governance-group] Connection to node -1 (localhost/127.0.0.1:9092) could not be established. Node may not be available.
2026-03-06T20:01:11.119Z  WARN 2612 --- [ntainer#1-0-C-1] org.apache.kafka.clients.NetworkClient   : [Consumer clientId=consumer-governance-group-4, groupId=governance-group] Bootstrap broker localhost:9092 (id: -1 rack: null) disconnected
2026-03-06T20:01:11.192Z  INFO 2612 --- [ntainer#0-0-C-1] org.apache.kafka.clients.NetworkClient   : [Consumer clientId=consumer-audit-mirror-3, groupId=audit-mirror] Node -1 disconnected.
2026-03-06T20:01:11.192Z  WARN 2612 --- [ntainer#0-0-C-1] org.apache.kafka.clients.NetworkClient   : [Consumer clientId=consumer-audit-mirror-3, groupId=audit-mirror] Connection to node -1 (localhost/127.0.0.1:9092) could not be established. Node may not be available.
2026-03-06T20:01:11.192Z  WARN 2612 --- [ntainer#0-0-C-1] org.apache.kafka.clients.NetworkClient   : [Consumer clientId=consumer-audit-mirror-3, groupId=audit-mirror] Bootstrap broker localhost:9092 (id: -1 rack: null) disconnected
2026-03-06T20:01:11.593Z  INFO 2612 --- [ntainer#0-0-C-1] org.apache.kafka.clients.NetworkClient   : [Consumer clientId=consumer-audit-mirror-1, groupId=audit-mirror] Node -1 disconnected.
2026-03-06T20:01:11.593Z  WARN 2612 --- [ntainer#0-0-C-1] org.apache.kafka.clients.NetworkClient   : [Consumer clientId=consumer-audit-mirror-1, groupId=audit-mirror] Connection to node -1 (localhost/127.0.0.1:9092) could not be established. Node may not be available.
2026-03-06T20:01:11.593Z  WARN 2612 --- [ntainer#0-0-C-1] org.apache.kafka.clients.NetworkClient   : [Consumer clientId=consumer-audit-mirror-1, groupId=audit-mirror] Bootstrap broker localhost:9092 (id: -1 rack: null) disconnected
2026-03-06T20:01:11.607Z  WARN 2612 --- [-scheduled-60-1] o.a.pulsar.client.impl.PulsarClientImpl  : [topic: persistent://public/default/phase2-events] Could not get connection while getPartitionedTopicMetadata -- Will try again in 1493 ms
2026-03-06T20:01:11.608Z  WARN 2612 --- [-client-io-50-2] o.a.pulsar.client.impl.ConnectionPool    : Failed to open connection to localhost/<unresolved>:6650 : org.apache.pulsar.shade.io.netty.channel.AbstractChannel$AnnotatedConnectException: finishConnect(..) failed: Connection refused: localhost/127.0.0.1:6650
2026-03-06T20:01:11.639Z  WARN 2612 --- [ntContainer#0-1] o.s.a.r.l.SimpleMessageListenerContainer : Consumer raised exception, processing can restart if the connection factory supports it. Exception summary: org.springframework.amqp.AmqpConnectException: java.net.ConnectException: Connection refused
2026-03-06T20:01:11.639Z  INFO 2612 --- [ntContainer#0-1] o.s.a.r.l.SimpleMessageListenerContainer : Restarting Consumer@57dccc1a: tags=[[]], channel=null, acknowledgeMode=AUTO local queue size=0
2026-03-06T20:01:11.640Z  INFO 2612 --- [ntContainer#0-2] o.s.a.r.c.CachingConnectionFactory       : Attempting to connect to: [localhost:5672]
2026-03-06T20:01:11.670Z  INFO 2612 --- [ntainer#1-0-C-1] org.apache.kafka.clients.NetworkClient   : [Consumer clientId=consumer-governance-group-2, groupId=governance-group] Node -1 disconnected.
2026-03-06T20:01:11.671Z  WARN 2612 --- [ntainer#1-0-C-1] org.apache.kafka.clients.NetworkClient   : [Consumer clientId=consumer-governance-group-2, groupId=governance-group] Connection to node -1 (localhost/127.0.0.1:9092) could not be established. Node may not be available.
2026-03-06T20:01:11.671Z  WARN 2612 --- [ntainer#1-0-C-1] org.apache.kafka.clients.NetworkClient   : [Consumer clientId=consumer-governance-group-2, groupId=governance-group] Bootstrap broker localhost:9092 (id: -1 rack: null) disconnected
2026-03-06T20:01:12.072Z  INFO 2612 --- [ntainer#1-0-C-1] org.apache.kafka.clients.NetworkClient   : [Consumer clientId=consumer-governance-group-4, groupId=governance-group] Node -1 disconnected.
2026-03-06T20:01:12.072Z  WARN 2612 --- [ntainer#1-0-C-1] org.apache.kafka.clients.NetworkClient   : [Consumer clientId=consumer-governance-group-4, groupId=governance-group] Connection to node -1 (localhost/127.0.0.1:9092) could not be established. Node may not be available.
2026-03-06T20:01:12.072Z  WARN 2612 --- [ntainer#1-0-C-1] org.apache.kafka.clients.NetworkClient   : [Consumer clientId=consumer-governance-group-4, groupId=governance-group] Bootstrap broker localhost:9092 (id: -1 rack: null) disconnected
2026-03-06T20:01:12.193Z  INFO 2612 --- [ntainer#0-0-C-1] org.apache.kafka.clients.NetworkClient   : [Consumer clientId=consumer-audit-mirror-3, groupId=audit-mirror] Node -1 disconnected.
2026-03-06T20:01:12.193Z  WARN 2612 --- [ntainer#0-0-C-1] org.apache.kafka.clients.NetworkClient   : [Consumer clientId=consumer-audit-mirror-3, groupId=audit-mirror] Connection to node -1 (localhost/127.0.0.1:9092) could not be established. Node may not be available.
2026-03-06T20:01:12.193Z  WARN 2612 --- [ntainer#0-0-C-1] org.apache.kafka.clients.NetworkClient   : [Consumer clientId=consumer-audit-mirror-3, groupId=audit-mirror] Bootstrap broker localhost:9092 (id: -1 rack: null) disconnected
2026-03-06T20:01:12.456Z  INFO 2612 --- [ntainer#0-0-C-1] org.apache.kafka.clients.NetworkClient   : [Consumer clientId=consumer-audit-mirror-1, groupId=audit-mirror] Node -1 disconnected.
2026-03-06T20:01:12.456Z  WARN 2612 --- [ntainer#0-0-C-1] org.apache.kafka.clients.NetworkClient   : [Consumer clientId=consumer-audit-mirror-1, groupId=audit-mirror] Connection to node -1 (localhost/127.0.0.1:9092) could not be established. Node may not be available.
2026-03-06T20:01:12.456Z  WARN 2612 --- [ntainer#0-0-C-1] org.apache.kafka.clients.NetworkClient   : [Consumer clientId=consumer-audit-mirror-1, groupId=audit-mirror] Bootstrap broker localhost:9092 (id: -1 rack: null) disconnected
2026-03-06T20:01:12.718Z  INFO 2612 --- [ntainer#1-0-C-1] org.apache.kafka.clients.NetworkClient   : [Consumer clientId=consumer-governance-group-2, groupId=governance-group] Node -1 disconnected.
2026-03-06T20:01:12.718Z  WARN 2612 --- [ntainer#1-0-C-1] org.apache.kafka.clients.NetworkClient   : [Consumer clientId=consumer-governance-group-2, groupId=governance-group] Connection to node -1 (localhost/127.0.0.1:9092) could not be established. Node may not be available.
2026-03-06T20:01:12.718Z  WARN 2612 --- [ntainer#1-0-C-1] org.apache.kafka.clients.NetworkClient   : [Consumer clientId=consumer-governance-group-2, groupId=governance-group] Bootstrap broker localhost:9092 (id: -1 rack: null) disconnected
2026-03-06T20:01:12.928Z  WARN 2612 --- [tContainer#0-15] o.s.a.r.l.SimpleMessageListenerContainer : Consumer raised exception, processing can restart if the connection factory supports it. Exception summary: org.springframework.amqp.AmqpConnectException: java.net.ConnectException: Connection refused
2026-03-06T20:01:12.928Z  INFO 2612 --- [tContainer#0-15] o.s.a.r.l.SimpleMessageListenerContainer : Restarting Consumer@588fca47: tags=[[]], channel=null, acknowledgeMode=AUTO local queue size=0
2026-03-06T20:01:12.929Z  INFO 2612 --- [tContainer#0-16] o.s.a.r.c.CachingConnectionFactory       : Attempting to connect to: [localhost:5672]
2026-03-06T20:01:13.075Z  INFO 2612 --- [ntainer#1-0-C-1] org.apache.kafka.clients.NetworkClient   : [Consumer clientId=consumer-governance-group-4, groupId=governance-group] Node -1 disconnected.
2026-03-06T20:01:13.076Z  WARN 2612 --- [ntainer#1-0-C-1] org.apache.kafka.clients.NetworkClient   : [Consumer clientId=consumer-governance-group-4, groupId=governance-group] Connection to node -1 (localhost/127.0.0.1:9092) could not be established. Node may not be available.
2026-03-06T20:01:13.076Z  WARN 2612 --- [ntainer#1-0-C-1] org.apache.kafka.clients.NetworkClient   : [Consumer clientId=consumer-governance-group-4, groupId=governance-group] Bootstrap broker localhost:9092 (id: -1 rack: null) disconnected
2026-03-06T20:01:13.194Z  INFO 2612 --- [ntainer#0-0-C-1] org.apache.kafka.clients.NetworkClient   : [Consumer clientId=consumer-audit-mirror-3, groupId=audit-mirror] Node -1 disconnected.
2026-03-06T20:01:13.194Z  WARN 2612 --- [ntainer#0-0-C-1] org.apache.kafka.clients.NetworkClient   : [Consumer clientId=consumer-audit-mirror-3, groupId=audit-mirror] Connection to node -1 (localhost/127.0.0.1:9092) could not be established. Node may not be available.
2026-03-06T20:01:13.194Z  WARN 2612 --- [ntainer#0-0-C-1] org.apache.kafka.clients.NetworkClient   : [Consumer clientId=consumer-audit-mirror-3, groupId=audit-mirror] Bootstrap broker localhost:9092 (id: -1 rack: null) disconnected
2026-03-06T20:01:13.467Z  INFO 2612 --- [ntainer#0-0-C-1] org.apache.kafka.clients.NetworkClient   : [Consumer clientId=consumer-audit-mirror-1, groupId=audit-mirror] Node -1 disconnected.
2026-03-06T20:01:13.468Z  WARN 2612 --- [ntainer#0-0-C-1] org.apache.kafka.clients.NetworkClient   : [Consumer clientId=consumer-audit-mirror-1, groupId=audit-mirror] Connection to node -1 (localhost/127.0.0.1:9092) could not be established. Node may not be available.
2026-03-06T20:01:13.468Z  WARN 2612 --- [ntainer#0-0-C-1] org.apache.kafka.clients.NetworkClient   : [Consumer clientId=consumer-audit-mirror-1, groupId=audit-mirror] Bootstrap broker localhost:9092 (id: -1 rack: null) disconnected
2026-03-06T20:01:13.719Z  INFO 2612 --- [ntainer#1-0-C-1] org.apache.kafka.clients.NetworkClient   : [Consumer clientId=consumer-governance-group-2, groupId=governance-group] Node -1 disconnected.
2026-03-06T20:01:13.719Z  WARN 2612 --- [ntainer#1-0-C-1] org.apache.kafka.clients.NetworkClient   : [Consumer clientId=consumer-governance-group-2, groupId=governance-group] Connection to node -1 (localhost/127.0.0.1:9092) could not be established. Node may not be available.
2026-03-06T20:01:13.719Z  WARN 2612 --- [ntainer#1-0-C-1] org.apache.kafka.clients.NetworkClient   : [Consumer clientId=consumer-governance-group-2, groupId=governance-group] Bootstrap broker localhost:9092 (id: -1 rack: null) disconnected
2026-03-06T20:01:14.079Z  INFO 2612 --- [ntainer#1-0-C-1] org.apache.kafka.clients.NetworkClient   : [Consumer clientId=consumer-governance-group-4, groupId=governance-group] Node -1 disconnected.
2026-03-06T20:01:14.079Z  WARN 2612 --- [ntainer#1-0-C-1] org.apache.kafka.clients.NetworkClient   : [Consumer clientId=consumer-governance-group-4, groupId=governance-group] Connection to node -1 (localhost/127.0.0.1:9092) could not be established. Node may not be available.
2026-03-06T20:01:14.079Z  WARN 2612 --- [ntainer#1-0-C-1] org.apache.kafka.clients.NetworkClient   : [Consumer clientId=consumer-governance-group-4, groupId=governance-group] Bootstrap broker localhost:9092 (id: -1 rack: null) disconnected
2026-03-06T20:01:14.199Z  INFO 2612 --- [ntainer#0-0-C-1] org.apache.kafka.clients.NetworkClient   : [Consumer clientId=consumer-audit-mirror-3, groupId=audit-mirror] Node -1 disconnected.
2026-03-06T20:01:14.199Z  WARN 2612 --- [ntainer#0-0-C-1] org.apache.kafka.clients.NetworkClient   : [Consumer clientId=consumer-audit-mirror-3, groupId=audit-mirror] Connection to node -1 (localhost/127.0.0.1:9092) could not be established. Node may not be available.
2026-03-06T20:01:14.199Z  WARN 2612 --- [ntainer#0-0-C-1] org.apache.kafka.clients.NetworkClient   : [Consumer clientId=consumer-audit-mirror-3, groupId=audit-mirror] Bootstrap broker localhost:9092 (id: -1 rack: null) disconnected
2026-03-06T20:01:14.468Z  INFO 2612 --- [ntainer#0-0-C-1] org.apache.kafka.clients.NetworkClient   : [Consumer clientId=consumer-audit-mirror-1, groupId=audit-mirror] Node -1 disconnected.
2026-03-06T20:01:14.468Z  WARN 2612 --- [ntainer#0-0-C-1] org.apache.kafka.clients.NetworkClient   : [Consumer clientId=consumer-audit-mirror-1, groupId=audit-mirror] Connection to node -1 (localhost/127.0.0.1:9092) could not be established. Node may not be available.
2026-03-06T20:01:14.468Z  WARN 2612 --- [ntainer#0-0-C-1] org.apache.kafka.clients.NetworkClient   : [Consumer clientId=consumer-audit-mirror-1, groupId=audit-mirror] Bootstrap broker localhost:9092 (id: -1 rack: null) disconnected
2026-03-06T20:01:14.569Z  WARN 2612 --- [-scheduled-61-1] o.a.pulsar.client.impl.PulsarClientImpl  : [topic: persistent://public/default/phase2-events] Could not get connection while getPartitionedTopicMetadata -- Will try again in 2960 ms
2026-03-06T20:01:14.570Z  WARN 2612 --- [-client-io-50-4] o.a.pulsar.client.impl.ConnectionPool    : Failed to open connection to localhost/<unresolved>:6650 : org.apache.pulsar.shade.io.netty.channel.AbstractChannel$AnnotatedConnectException: finishConnect(..) failed: Connection refused: localhost/127.0.0.1:6650
2026-03-06T20:01:14.720Z  INFO 2612 --- [ntainer#1-0-C-1] org.apache.kafka.clients.NetworkClient   : [Consumer clientId=consumer-governance-group-2, groupId=governance-group] Node -1 disconnected.
2026-03-06T20:01:14.720Z  WARN 2612 --- [ntainer#1-0-C-1] org.apache.kafka.clients.NetworkClient   : [Consumer clientId=consumer-governance-group-2, groupId=governance-group] Connection to node -1 (localhost/127.0.0.1:9092) could not be established. Node may not be available.
2026-03-06T20:01:14.720Z  WARN 2612 --- [ntainer#1-0-C-1] org.apache.kafka.clients.NetworkClient   : [Consumer clientId=consumer-governance-group-2, groupId=governance-group] Bootstrap broker localhost:9092 (id: -1 rack: null) disconnected
2026-03-06T20:01:15.082Z  INFO 2612 --- [ntainer#1-0-C-1] org.apache.kafka.clients.NetworkClient   : [Consumer clientId=consumer-governance-group-4, groupId=governance-group] Node -1 disconnected.
2026-03-06T20:01:15.082Z  WARN 2612 --- [ntainer#1-0-C-1] org.apache.kafka.clients.NetworkClient   : [Consumer clientId=consumer-governance-group-4, groupId=governance-group] Connection to node -1 (localhost/127.0.0.1:9092) could not be established. Node may not be available.
2026-03-06T20:01:15.082Z  WARN 2612 --- [ntainer#1-0-C-1] org.apache.kafka.clients.NetworkClient   : [Consumer clientId=consumer-governance-group-4, groupId=governance-group] Bootstrap broker localhost:9092 (id: -1 rack: null) disconnected
2026-03-06T20:01:15.101Z  INFO 2612 --- [ntainer#0-0-C-1] org.apache.kafka.clients.NetworkClient   : [Consumer clientId=consumer-audit-mirror-3, groupId=audit-mirror] Node -1 disconnected.
2026-03-06T20:01:15.101Z  WARN 2612 --- [ntainer#0-0-C-1] org.apache.kafka.clients.NetworkClient   : [Consumer clientId=consumer-audit-mirror-3, groupId=audit-mirror] Connection to node -1 (localhost/127.0.0.1:9092) could not be established. Node may not be available.
2026-03-06T20:01:15.101Z  WARN 2612 --- [ntainer#0-0-C-1] org.apache.kafka.clients.NetworkClient   : [Consumer clientId=consumer-audit-mirror-3, groupId=audit-mirror] Bootstrap broker localhost:9092 (id: -1 rack: null) disconnected
2026-03-06T20:01:15.371Z  INFO 2612 --- [ntainer#0-0-C-1] org.apache.kafka.clients.NetworkClient   : [Consumer clientId=consumer-audit-mirror-1, groupId=audit-mirror] Node -1 disconnected.
2026-03-06T20:01:15.371Z  WARN 2612 --- [ntainer#0-0-C-1] org.apache.kafka.clients.NetworkClient   : [Consumer clientId=consumer-audit-mirror-1, groupId=audit-mirror] Connection to node -1 (localhost/127.0.0.1:9092) could not be established. Node may not be available.
2026-03-06T20:01:15.371Z  WARN 2612 --- [ntainer#0-0-C-1] org.apache.kafka.clients.NetworkClient   : [Consumer clientId=consumer-audit-mirror-1, groupId=audit-mirror] Bootstrap broker localhost:9092 (id: -1 rack: null) disconnected
2026-03-06T20:01:15.592Z  WARN 2612 --- [ntContainer#0-8] o.s.a.r.l.SimpleMessageListenerContainer : Consumer raised exception, processing can restart if the connection factory supports it. Exception summary: org.springframework.amqp.AmqpConnectException: java.net.ConnectException: Connection refused
2026-03-06T20:01:15.592Z  INFO 2612 --- [ntContainer#0-8] o.s.a.r.l.SimpleMessageListenerContainer : Restarting Consumer@25ed62b1: tags=[[]], channel=null, acknowledgeMode=AUTO local queue size=0
2026-03-06T20:01:15.593Z  INFO 2612 --- [ntContainer#0-9] o.s.a.r.c.CachingConnectionFactory       : Attempting to connect to: [localhost:5672]
2026-03-06T20:01:15.643Z  INFO 2612 --- [ntainer#1-0-C-1] org.apache.kafka.clients.NetworkClient   : [Consumer clientId=consumer-governance-group-2, groupId=governance-group] Node -1 disconnected.
2026-03-06T20:01:15.643Z  WARN 2612 --- [ntainer#1-0-C-1] org.apache.kafka.clients.NetworkClient   : [Consumer clientId=consumer-governance-group-2, groupId=governance-group] Connection to node -1 (localhost/127.0.0.1:9092) could not be established. Node may not be available.
2026-03-06T20:01:15.643Z  WARN 2612 --- [ntainer#1-0-C-1] org.apache.kafka.clients.NetworkClient   : [Consumer clientId=consumer-governance-group-2, groupId=governance-group] Bootstrap broker localhost:9092 (id: -1 rack: null) disconnected
2026-03-06T20:01:15.985Z  INFO 2612 --- [ntainer#1-0-C-1] org.apache.kafka.clients.NetworkClient   : [Consumer clientId=consumer-governance-group-4, groupId=governance-group] Node -1 disconnected.
2026-03-06T20:01:15.985Z  WARN 2612 --- [ntainer#1-0-C-1] org.apache.kafka.clients.NetworkClient   : [Consumer clientId=consumer-governance-group-4, groupId=governance-group] Connection to node -1 (localhost/127.0.0.1:9092) could not be established. Node may not be available.
2026-03-06T20:01:15.985Z  WARN 2612 --- [ntainer#1-0-C-1] org.apache.kafka.clients.NetworkClient   : [Consumer clientId=consumer-governance-group-4, groupId=governance-group] Bootstrap broker localhost:9092 (id: -1 rack: null) disconnected
2026-03-06T20:01:16.101Z  INFO 2612 --- [ntainer#0-0-C-1] org.apache.kafka.clients.NetworkClient   : [Consumer clientId=consumer-audit-mirror-3, groupId=audit-mirror] Node -1 disconnected.
2026-03-06T20:01:16.101Z  WARN 2612 --- [ntainer#0-0-C-1] org.apache.kafka.clients.NetworkClient   : [Consumer clientId=consumer-audit-mirror-3, groupId=audit-mirror] Connection to node -1 (localhost/127.0.0.1:9092) could not be established. Node may not be available.
2026-03-06T20:01:16.101Z  WARN 2612 --- [ntainer#0-0-C-1] org.apache.kafka.clients.NetworkClient   : [Consumer clientId=consumer-audit-mirror-3, groupId=audit-mirror] Bootstrap broker localhost:9092 (id: -1 rack: null) disconnected
2026-03-06T20:01:16.324Z  INFO 2612 --- [ntainer#0-0-C-1] org.apache.kafka.clients.NetworkClient   : [Consumer clientId=consumer-audit-mirror-1, groupId=audit-mirror] Node -1 disconnected.
2026-03-06T20:01:16.324Z  WARN 2612 --- [ntainer#0-0-C-1] org.apache.kafka.clients.NetworkClient   : [Consumer clientId=consumer-audit-mirror-1, groupId=audit-mirror] Connection to node -1 (localhost/127.0.0.1:9092) could not be established. Node may not be available.
2026-03-06T20:01:16.324Z  WARN 2612 --- [ntainer#0-0-C-1] org.apache.kafka.clients.NetworkClient   : [Consumer clientId=consumer-audit-mirror-1, groupId=audit-mirror] Bootstrap broker localhost:9092 (id: -1 rack: null) disconnected
2026-03-06T20:01:16.546Z  INFO 2612 --- [ntainer#1-0-C-1] org.apache.kafka.clients.NetworkClient   : [Consumer clientId=consumer-governance-group-2, groupId=governance-group] Node -1 disconnected.
2026-03-06T20:01:16.546Z  WARN 2612 --- [ntainer#1-0-C-1] org.apache.kafka.clients.NetworkClient   : [Consumer clientId=consumer-governance-group-2, groupId=governance-group] Connection to node -1 (localhost/127.0.0.1:9092) could not be established. Node may not be available.
2026-03-06T20:01:16.546Z  WARN 2612 --- [ntainer#1-0-C-1] org.apache.kafka.clients.NetworkClient   : [Consumer clientId=consumer-governance-group-2, groupId=governance-group] Bootstrap broker localhost:9092 (id: -1 rack: null) disconnected
2026-03-06T20:01:16.643Z  WARN 2612 --- [ntContainer#0-2] o.s.a.r.l.SimpleMessageListenerContainer : Consumer raised exception, processing can restart if the connection factory supports it. Exception summary: org.springframework.amqp.AmqpConnectException: java.net.ConnectException: Connection refused
2026-03-06T20:01:16.643Z  INFO 2612 --- [ntContainer#0-2] o.s.a.r.l.SimpleMessageListenerContainer : Restarting Consumer@501ca99f: tags=[[]], channel=null, acknowledgeMode=AUTO local queue size=0
2026-03-06T20:01:16.644Z  INFO 2612 --- [ntContainer#0-3] o.s.a.r.c.CachingConnectionFactory       : Attempting to connect to: [localhost:5672]
2026-03-06T20:01:16.877Z  INFO 2612 --- [ntainer#1-0-C-1] org.apache.kafka.clients.NetworkClient   : [Consumer clientId=consumer-governance-group-4, groupId=governance-group] Node -1 disconnected.
2026-03-06T20:01:16.877Z  WARN 2612 --- [ntainer#1-0-C-1] org.apache.kafka.clients.NetworkClient   : [Consumer clientId=consumer-governance-group-4, groupId=governance-group] Connection to node -1 (localhost/127.0.0.1:9092) could not be established. Node may not be available.
2026-03-06T20:01:16.877Z  WARN 2612 --- [ntainer#1-0-C-1] org.apache.kafka.clients.NetworkClient   : [Consumer clientId=consumer-governance-group-4, groupId=governance-group] Bootstrap broker localhost:9092 (id: -1 rack: null) disconnected
2026-03-06T20:01:17.102Z  INFO 2612 --- [ntainer#0-0-C-1] org.apache.kafka.clients.NetworkClient   : [Consumer clientId=consumer-audit-mirror-3, groupId=audit-mirror] Node -1 disconnected.
2026-03-06T20:01:17.102Z  WARN 2612 --- [ntainer#0-0-C-1] org.apache.kafka.clients.NetworkClient   : [Consumer clientId=consumer-audit-mirror-3, groupId=audit-mirror] Connection to node -1 (localhost/127.0.0.1:9092) could not be established. Node may not be available.
2026-03-06T20:01:17.102Z  WARN 2612 --- [ntainer#0-0-C-1] org.apache.kafka.clients.NetworkClient   : [Consumer clientId=consumer-audit-mirror-3, groupId=audit-mirror] Bootstrap broker localhost:9092 (id: -1 rack: null) disconnected
2026-03-06T20:01:17.327Z  INFO 2612 --- [ntainer#0-0-C-1] org.apache.kafka.clients.NetworkClient   : [Consumer clientId=consumer-audit-mirror-1, groupId=audit-mirror] Node -1 disconnected.
2026-03-06T20:01:17.328Z  WARN 2612 --- [ntainer#0-0-C-1] org.apache.kafka.clients.NetworkClient   : [Consumer clientId=consumer-audit-mirror-1, groupId=audit-mirror] Connection to node -1 (localhost/127.0.0.1:9092) could not be established. Node may not be available.
2026-03-06T20:01:17.328Z  WARN 2612 --- [ntainer#0-0-C-1] org.apache.kafka.clients.NetworkClient   : [Consumer clientId=consumer-audit-mirror-1, groupId=audit-mirror] Bootstrap broker localhost:9092 (id: -1 rack: null) disconnected
2026-03-06T20:01:17.559Z  INFO 2612 --- [ntainer#1-0-C-1] org.apache.kafka.clients.NetworkClient   : [Consumer clientId=consumer-governance-group-2, groupId=governance-group] Node -1 disconnected.
2026-03-06T20:01:17.559Z  WARN 2612 --- [ntainer#1-0-C-1] org.apache.kafka.clients.NetworkClient   : [Consumer clientId=consumer-governance-group-2, groupId=governance-group] Connection to node -1 (localhost/127.0.0.1:9092) could not be established. Node may not be available.
2026-03-06T20:01:17.559Z  WARN 2612 --- [ntainer#1-0-C-1] org.apache.kafka.clients.NetworkClient   : [Consumer clientId=consumer-governance-group-2, groupId=governance-group] Bootstrap broker localhost:9092 (id: -1 rack: null) disconnected
2026-03-06T20:01:17.730Z  INFO 2612 --- [ntainer#1-0-C-1] org.apache.kafka.clients.NetworkClient   : [Consumer clientId=consumer-governance-group-4, groupId=governance-group] Node -1 disconnected.
2026-03-06T20:01:17.730Z  WARN 2612 --- [ntainer#1-0-C-1] org.apache.kafka.clients.NetworkClient   : [Consumer clientId=consumer-governance-group-4, groupId=governance-group] Connection to node -1 (localhost/127.0.0.1:9092) could not be established. Node may not be available.
2026-03-06T20:01:17.730Z  WARN 2612 --- [ntainer#1-0-C-1] org.apache.kafka.clients.NetworkClient   : [Consumer clientId=consumer-governance-group-4, groupId=governance-group] Bootstrap broker localhost:9092 (id: -1 rack: null) disconnected
2026-03-06T20:01:17.932Z  WARN 2612 --- [tContainer#0-16] o.s.a.r.l.SimpleMessageListenerContainer : Consumer raised exception, processing can restart if the connection factory supports it. Exception summary: org.springframework.amqp.AmqpConnectException: java.net.ConnectException: Connection refused
2026-03-06T20:01:17.933Z  INFO 2612 --- [tContainer#0-16] o.s.a.r.l.SimpleMessageListenerContainer : Restarting Consumer@35e2cd38: tags=[[]], channel=null, acknowledgeMode=AUTO local queue size=0
2026-03-06T20:01:17.934Z  INFO 2612 --- [tContainer#0-17] o.s.a.r.c.CachingConnectionFactory       : Attempting to connect to: [localhost:5672]
2026-03-06T20:01:18.004Z  INFO 2612 --- [ntainer#0-0-C-1] org.apache.kafka.clients.NetworkClient   : [Consumer clientId=consumer-audit-mirror-3, groupId=audit-mirror] Node -1 disconnected.
2026-03-06T20:01:18.005Z  WARN 2612 --- [ntainer#0-0-C-1] org.apache.kafka.clients.NetworkClient   : [Consumer clientId=consumer-audit-mirror-3, groupId=audit-mirror] Connection to node -1 (localhost/127.0.0.1:9092) could not be established. Node may not be available.
2026-03-06T20:01:18.005Z  WARN 2612 --- [ntainer#0-0-C-1] org.apache.kafka.clients.NetworkClient   : [Consumer clientId=consumer-audit-mirror-3, groupId=audit-mirror] Bootstrap broker localhost:9092 (id: -1 rack: null) disconnected
2026-03-06T20:01:18.229Z  INFO 2612 --- [ntainer#0-0-C-1] org.apache.kafka.clients.NetworkClient   : [Consumer clientId=consumer-audit-mirror-1, groupId=audit-mirror] Node -1 disconnected.
2026-03-06T20:01:18.229Z  WARN 2612 --- [ntainer#0-0-C-1] org.apache.kafka.clients.NetworkClient   : [Consumer clientId=consumer-audit-mirror-1, groupId=audit-mirror] Connection to node -1 (localhost/127.0.0.1:9092) could not be established. Node may not be available.
2026-03-06T20:01:18.229Z  WARN 2612 --- [ntainer#0-0-C-1] org.apache.kafka.clients.NetworkClient   : [Consumer clientId=consumer-audit-mirror-1, groupId=audit-mirror] Bootstrap broker localhost:9092 (id: -1 rack: null) disconnected
2026-03-06T20:01:18.560Z  INFO 2612 --- [ntainer#1-0-C-1] org.apache.kafka.clients.NetworkClient   : [Consumer clientId=consumer-governance-group-2, groupId=governance-group] Node -1 disconnected.
2026-03-06T20:01:18.560Z  WARN 2612 --- [ntainer#1-0-C-1] org.apache.kafka.clients.NetworkClient   : [Consumer clientId=consumer-governance-group-2, groupId=governance-group] Connection to node -1 (localhost/127.0.0.1:9092) could not be established. Node may not be available.
2026-03-06T20:01:18.560Z  WARN 2612 --- [ntainer#1-0-C-1] org.apache.kafka.clients.NetworkClient   : [Consumer clientId=consumer-governance-group-2, groupId=governance-group] Bootstrap broker localhost:9092 (id: -1 rack: null) disconnected
2026-03-06T20:01:18.780Z  INFO 2612 --- [ntainer#1-0-C-1] org.apache.kafka.clients.NetworkClient   : [Consumer clientId=consumer-governance-group-4, groupId=governance-group] Node -1 disconnected.
2026-03-06T20:01:18.780Z  WARN 2612 --- [ntainer#1-0-C-1] org.apache.kafka.clients.NetworkClient   : [Consumer clientId=consumer-governance-group-4, groupId=governance-group] Connection to node -1 (localhost/127.0.0.1:9092) could not be established. Node may not be available.
2026-03-06T20:01:18.780Z  WARN 2612 --- [ntainer#1-0-C-1] org.apache.kafka.clients.NetworkClient   : [Consumer clientId=consumer-governance-group-4, groupId=governance-group] Bootstrap broker localhost:9092 (id: -1 rack: null) disconnected
2026-03-06T20:01:19.008Z  INFO 2612 --- [ntainer#0-0-C-1] org.apache.kafka.clients.NetworkClient   : [Consumer clientId=consumer-audit-mirror-3, groupId=audit-mirror] Node -1 disconnected.
2026-03-06T20:01:19.008Z  WARN 2612 --- [ntainer#0-0-C-1] org.apache.kafka.clients.NetworkClient   : [Consumer clientId=consumer-audit-mirror-3, groupId=audit-mirror] Connection to node -1 (localhost/127.0.0.1:9092) could not be established. Node may not be available.
2026-03-06T20:01:19.008Z  WARN 2612 --- [ntainer#0-0-C-1] org.apache.kafka.clients.NetworkClient   : [Consumer clientId=consumer-audit-mirror-3, groupId=audit-mirror] Bootstrap broker localhost:9092 (id: -1 rack: null) disconnected
2026-03-06T20:01:19.230Z  INFO 2612 --- [ntainer#0-0-C-1] org.apache.kafka.clients.NetworkClient   : [Consumer clientId=consumer-audit-mirror-1, groupId=audit-mirror] Node -1 disconnected.
2026-03-06T20:01:19.230Z  WARN 2612 --- [ntainer#0-0-C-1] org.apache.kafka.clients.NetworkClient   : [Consumer clientId=consumer-audit-mirror-1, groupId=audit-mirror] Connection to node -1 (localhost/127.0.0.1:9092) could not be established. Node may not be available.
2026-03-06T20:01:19.230Z  WARN 2612 --- [ntainer#0-0-C-1] org.apache.kafka.clients.NetworkClient   : [Consumer clientId=consumer-audit-mirror-1, groupId=audit-mirror] Bootstrap broker localhost:9092 (id: -1 rack: null) disconnected
2026-03-06T20:01:19.561Z  INFO 2612 --- [ntainer#1-0-C-1] org.apache.kafka.clients.NetworkClient   : [Consumer clientId=consumer-governance-group-2, groupId=governance-group] Node -1 disconnected.
2026-03-06T20:01:19.561Z  WARN 2612 --- [ntainer#1-0-C-1] org.apache.kafka.clients.NetworkClient   : [Consumer clientId=consumer-governance-group-2, groupId=governance-group] Connection to node -1 (localhost/127.0.0.1:9092) could not be established. Node may not be available.
2026-03-06T20:01:19.561Z  WARN 2612 --- [ntainer#1-0-C-1] org.apache.kafka.clients.NetworkClient   : [Consumer clientId=consumer-governance-group-2, groupId=governance-group] Bootstrap broker localhost:9092 (id: -1 rack: null) disconnected
2026-03-06T20:01:19.773Z  INFO 2612 --- [ntainer#1-0-C-1] org.apache.kafka.clients.NetworkClient   : [Consumer clientId=consumer-governance-group-4, groupId=governance-group] Node -1 disconnected.
2026-03-06T20:01:19.773Z  WARN 2612 --- [ntainer#1-0-C-1] org.apache.kafka.clients.NetworkClient   : [Consumer clientId=consumer-governance-group-4, groupId=governance-group] Connection to node -1 (localhost/127.0.0.1:9092) could not be established. Node may not be available.
2026-03-06T20:01:19.773Z  WARN 2612 --- [ntainer#1-0-C-1] org.apache.kafka.clients.NetworkClient   : [Consumer clientId=consumer-governance-group-4, groupId=governance-group] Bootstrap broker localhost:9092 (id: -1 rack: null) disconnected
2026-03-06T20:01:19.961Z  INFO 2612 --- [ntainer#0-0-C-1] org.apache.kafka.clients.NetworkClient   : [Consumer clientId=consumer-audit-mirror-3, groupId=audit-mirror] Node -1 disconnected.
2026-03-06T20:01:19.961Z  WARN 2612 --- [ntainer#0-0-C-1] org.apache.kafka.clients.NetworkClient   : [Consumer clientId=consumer-audit-mirror-3, groupId=audit-mirror] Connection to node -1 (localhost/127.0.0.1:9092) could not be established. Node may not be available.
2026-03-06T20:01:19.961Z  WARN 2612 --- [ntainer#0-0-C-1] org.apache.kafka.clients.NetworkClient   : [Consumer clientId=consumer-audit-mirror-3, groupId=audit-mirror] Bootstrap broker localhost:9092 (id: -1 rack: null) disconnected
2026-03-06T20:01:20.231Z  INFO 2612 --- [ntainer#0-0-C-1] org.apache.kafka.clients.NetworkClient   : [Consumer clientId=consumer-audit-mirror-1, groupId=audit-mirror] Node -1 disconnected.
2026-03-06T20:01:20.231Z  WARN 2612 --- [ntainer#0-0-C-1] org.apache.kafka.clients.NetworkClient   : [Consumer clientId=consumer-audit-mirror-1, groupId=audit-mirror] Connection to node -1 (localhost/127.0.0.1:9092) could not be established. Node may not be available.
2026-03-06T20:01:20.231Z  WARN 2612 --- [ntainer#0-0-C-1] org.apache.kafka.clients.NetworkClient   : [Consumer clientId=consumer-audit-mirror-1, groupId=audit-mirror] Bootstrap broker localhost:9092 (id: -1 rack: null) disconnected
2026-03-06T20:01:20.564Z  INFO 2612 --- [ntainer#1-0-C-1] org.apache.kafka.clients.NetworkClient   : [Consumer clientId=consumer-governance-group-2, groupId=governance-group] Node -1 disconnected.
2026-03-06T20:01:20.564Z  WARN 2612 --- [ntainer#1-0-C-1] org.apache.kafka.clients.NetworkClient   : [Consumer clientId=consumer-governance-group-2, groupId=governance-group] Connection to node -1 (localhost/127.0.0.1:9092) could not be established. Node may not be available.
2026-03-06T20:01:20.564Z  WARN 2612 --- [ntainer#1-0-C-1] org.apache.kafka.clients.NetworkClient   : [Consumer clientId=consumer-governance-group-2, groupId=governance-group] Bootstrap broker localhost:9092 (id: -1 rack: null) disconnected
2026-03-06T20:01:20.596Z  WARN 2612 --- [ntContainer#0-9] o.s.a.r.l.SimpleMessageListenerContainer : Consumer raised exception, processing can restart if the connection factory supports it. Exception summary: org.springframework.amqp.AmqpConnectException: java.net.ConnectException: Connection refused
2026-03-06T20:01:20.597Z  INFO 2612 --- [ntContainer#0-9] o.s.a.r.l.SimpleMessageListenerContainer : Restarting Consumer@2b545d33: tags=[[]], channel=null, acknowledgeMode=AUTO local queue size=0
2026-03-06T20:01:20.598Z  INFO 2612 --- [tContainer#0-10] o.s.a.r.c.CachingConnectionFactory       : Attempting to connect to: [localhost:5672]
2026-03-06T20:01:20.774Z  INFO 2612 --- [ntainer#1-0-C-1] org.apache.kafka.clients.NetworkClient   : [Consumer clientId=consumer-governance-group-4, groupId=governance-group] Node -1 disconnected.
2026-03-06T20:01:20.774Z  WARN 2612 --- [ntainer#1-0-C-1] org.apache.kafka.clients.NetworkClient   : [Consumer clientId=consumer-governance-group-4, groupId=governance-group] Connection to node -1 (localhost/127.0.0.1:9092) could not be established. Node may not be available.
2026-03-06T20:01:20.774Z  WARN 2612 --- [ntainer#1-0-C-1] org.apache.kafka.clients.NetworkClient   : [Consumer clientId=consumer-governance-group-4, groupId=governance-group] Bootstrap broker localhost:9092 (id: -1 rack: null) disconnected
2026-03-06T20:01:20.826Z  WARN 2612 --- [-scheduled-62-1] o.a.pulsar.client.impl.PulsarClientImpl  : [topic: persistent://public/default/phase2-events] Could not get connection while getPartitionedTopicMetadata -- Will try again in 6256 ms
2026-03-06T20:01:20.827Z  WARN 2612 --- [-client-io-50-2] o.a.pulsar.client.impl.ConnectionPool    : Failed to open connection to localhost/<unresolved>:6650 : org.apache.pulsar.shade.io.netty.channel.AbstractChannel$AnnotatedConnectException: finishConnect(..) failed: Connection refused: localhost/127.0.0.1:6650
2026-03-06T20:01:20.850Z  INFO 2612 --- [ntainer#0-0-C-1] org.apache.kafka.clients.NetworkClient   : [Consumer clientId=consumer-audit-mirror-3, groupId=audit-mirror] Node -1 disconnected.
2026-03-06T20:01:20.850Z  WARN 2612 --- [ntainer#0-0-C-1] org.apache.kafka.clients.NetworkClient   : [Consumer clientId=consumer-audit-mirror-3, groupId=audit-mirror] Connection to node -1 (localhost/127.0.0.1:9092) could not be established. Node may not be available.
2026-03-06T20:01:20.850Z  WARN 2612 --- [ntainer#0-0-C-1] org.apache.kafka.clients.NetworkClient   : [Consumer clientId=consumer-audit-mirror-3, groupId=audit-mirror] Bootstrap broker localhost:9092 (id: -1 rack: null) disconnected
2026-03-06T20:01:21.184Z  INFO 2612 --- [ntainer#0-0-C-1] org.apache.kafka.clients.NetworkClient   : [Consumer clientId=consumer-audit-mirror-1, groupId=audit-mirror] Node -1 disconnected.
2026-03-06T20:01:21.184Z  WARN 2612 --- [ntainer#0-0-C-1] org.apache.kafka.clients.NetworkClient   : [Consumer clientId=consumer-audit-mirror-1, groupId=audit-mirror] Connection to node -1 (localhost/127.0.0.1:9092) could not be established. Node may not be available.
2026-03-06T20:01:21.184Z  WARN 2612 --- [ntainer#0-0-C-1] org.apache.kafka.clients.NetworkClient   : [Consumer clientId=consumer-audit-mirror-1, groupId=audit-mirror] Bootstrap broker localhost:9092 (id: -1 rack: null) disconnected
2026-03-06T20:01:21.565Z  INFO 2612 --- [ntainer#1-0-C-1] org.apache.kafka.clients.NetworkClient   : [Consumer clientId=consumer-governance-group-2, groupId=governance-group] Node -1 disconnected.
2026-03-06T20:01:21.565Z  WARN 2612 --- [ntainer#1-0-C-1] org.apache.kafka.clients.NetworkClient   : [Consumer clientId=consumer-governance-group-2, groupId=governance-group] Connection to node -1 (localhost/127.0.0.1:9092) could not be established. Node may not be available.
2026-03-06T20:01:21.565Z  WARN 2612 --- [ntainer#1-0-C-1] org.apache.kafka.clients.NetworkClient   : [Consumer clientId=consumer-governance-group-2, groupId=governance-group] Bootstrap broker localhost:9092 (id: -1 rack: null) disconnected
2026-03-06T20:01:21.627Z  INFO 2612 --- [ntainer#1-0-C-1] org.apache.kafka.clients.NetworkClient   : [Consumer clientId=consumer-governance-group-4, groupId=governance-group] Node -1 disconnected.
2026-03-06T20:01:21.627Z  WARN 2612 --- [ntainer#1-0-C-1] org.apache.kafka.clients.NetworkClient   : [Consumer clientId=consumer-governance-group-4, groupId=governance-group] Connection to node -1 (localhost/127.0.0.1:9092) could not be established. Node may not be available.
2026-03-06T20:01:21.627Z  WARN 2612 --- [ntainer#1-0-C-1] org.apache.kafka.clients.NetworkClient   : [Consumer clientId=consumer-governance-group-4, groupId=governance-group] Bootstrap broker localhost:9092 (id: -1 rack: null) disconnected
2026-03-06T20:01:21.647Z  WARN 2612 --- [ntContainer#0-3] o.s.a.r.l.SimpleMessageListenerContainer : Consumer raised exception, processing can restart if the connection factory supports it. Exception summary: org.springframework.amqp.AmqpConnectException: java.net.ConnectException: Connection refused
2026-03-06T20:01:21.647Z  INFO 2612 --- [ntContainer#0-3] o.s.a.r.l.SimpleMessageListenerContainer : Restarting Consumer@4d8c8b: tags=[[]], channel=null, acknowledgeMode=AUTO local queue size=0
2026-03-06T20:01:21.648Z  INFO 2612 --- [ntContainer#0-4] o.s.a.r.c.CachingConnectionFactory       : Attempting to connect to: [localhost:5672]
2026-03-06T20:01:21.857Z  INFO 2612 --- [ntainer#0-0-C-1] org.apache.kafka.clients.NetworkClient   : [Consumer clientId=consumer-audit-mirror-3, groupId=audit-mirror] Node -1 disconnected.
2026-03-06T20:01:21.857Z  WARN 2612 --- [ntainer#0-0-C-1] org.apache.kafka.clients.NetworkClient   : [Consumer clientId=consumer-audit-mirror-3, groupId=audit-mirror] Connection to node -1 (localhost/127.0.0.1:9092) could not be established. Node may not be available.
2026-03-06T20:01:21.857Z  WARN 2612 --- [ntainer#0-0-C-1] org.apache.kafka.clients.NetworkClient   : [Consumer clientId=consumer-audit-mirror-3, groupId=audit-mirror] Bootstrap broker localhost:9092 (id: -1 rack: null) disconnected
2026-03-06T20:01:22.184Z  INFO 2612 --- [ntainer#0-0-C-1] org.apache.kafka.clients.NetworkClient   : [Consumer clientId=consumer-audit-mirror-1, groupId=audit-mirror] Node -1 disconnected.
2026-03-06T20:01:22.184Z  WARN 2612 --- [ntainer#0-0-C-1] org.apache.kafka.clients.NetworkClient   : [Consumer clientId=consumer-audit-mirror-1, groupId=audit-mirror] Connection to node -1 (localhost/127.0.0.1:9092) could not be established. Node may not be available.
2026-03-06T20:01:22.184Z  WARN 2612 --- [ntainer#0-0-C-1] org.apache.kafka.clients.NetworkClient   : [Consumer clientId=consumer-audit-mirror-1, groupId=audit-mirror] Bootstrap broker localhost:9092 (id: -1 rack: null) disconnected
2026-03-06T20:01:22.613Z  INFO 2612 --- [ntainer#1-0-C-1] org.apache.kafka.clients.NetworkClient   : [Consumer clientId=consumer-governance-group-2, groupId=governance-group] Node -1 disconnected.
2026-03-06T20:01:22.613Z  WARN 2612 --- [ntainer#1-0-C-1] org.apache.kafka.clients.NetworkClient   : [Consumer clientId=consumer-governance-group-2, groupId=governance-group] Connection to node -1 (localhost/127.0.0.1:9092) could not be established. Node may not be available.
2026-03-06T20:01:22.613Z  WARN 2612 --- [ntainer#1-0-C-1] org.apache.kafka.clients.NetworkClient   : [Consumer clientId=consumer-governance-group-2, groupId=governance-group] Bootstrap broker localhost:9092 (id: -1 rack: null) disconnected
2026-03-06T20:01:22.677Z  INFO 2612 --- [ntainer#1-0-C-1] org.apache.kafka.clients.NetworkClient   : [Consumer clientId=consumer-governance-group-4, groupId=governance-group] Node -1 disconnected.
2026-03-06T20:01:22.677Z  WARN 2612 --- [ntainer#1-0-C-1] org.apache.kafka.clients.NetworkClient   : [Consumer clientId=consumer-governance-group-4, groupId=governance-group] Connection to node -1 (localhost/127.0.0.1:9092) could not be established. Node may not be available.
2026-03-06T20:01:22.677Z  WARN 2612 --- [ntainer#1-0-C-1] org.apache.kafka.clients.NetworkClient   : [Consumer clientId=consumer-governance-group-4, groupId=governance-group] Bootstrap broker localhost:9092 (id: -1 rack: null) disconnected
2026-03-06T20:01:22.860Z  INFO 2612 --- [ntainer#0-0-C-1] org.apache.kafka.clients.NetworkClient   : [Consumer clientId=consumer-audit-mirror-3, groupId=audit-mirror] Node -1 disconnected.
2026-03-06T20:01:22.860Z  WARN 2612 --- [ntainer#0-0-C-1] org.apache.kafka.clients.NetworkClient   : [Consumer clientId=consumer-audit-mirror-3, groupId=audit-mirror] Connection to node -1 (localhost/127.0.0.1:9092) could not be established. Node may not be available.
2026-03-06T20:01:22.860Z  WARN 2612 --- [ntainer#0-0-C-1] org.apache.kafka.clients.NetworkClient   : [Consumer clientId=consumer-audit-mirror-3, groupId=audit-mirror] Bootstrap broker localhost:9092 (id: -1 rack: null) disconnected
2026-03-06T20:01:22.937Z  WARN 2612 --- [tContainer#0-17] o.s.a.r.l.SimpleMessageListenerContainer : Consumer raised exception, processing can restart if the connection factory supports it. Exception summary: org.springframework.amqp.AmqpConnectException: java.net.ConnectException: Connection refused
2026-03-06T20:01:22.937Z  INFO 2612 --- [tContainer#0-17] o.s.a.r.l.SimpleMessageListenerContainer : Restarting Consumer@2698cacf: tags=[[]], channel=null, acknowledgeMode=AUTO local queue size=0
2026-03-06T20:01:22.938Z  INFO 2612 --- [tContainer#0-18] o.s.a.r.c.CachingConnectionFactory       : Attempting to connect to: [localhost:5672]
2026-03-06T20:01:23.211Z  INFO 2612 --- [ntainer#0-0-C-1] org.apache.kafka.clients.NetworkClient   : [Consumer clientId=consumer-audit-mirror-1, groupId=audit-mirror] Node -1 disconnected.
2026-03-06T20:01:23.211Z  WARN 2612 --- [ntainer#0-0-C-1] org.apache.kafka.clients.NetworkClient   : [Consumer clientId=consumer-audit-mirror-1, groupId=audit-mirror] Connection to node -1 (localhost/127.0.0.1:9092) could not be established. Node may not be available.
2026-03-06T20:01:23.211Z  WARN 2612 --- [ntainer#0-0-C-1] org.apache.kafka.clients.NetworkClient   : [Consumer clientId=consumer-audit-mirror-1, groupId=audit-mirror] Bootstrap broker localhost:9092 (id: -1 rack: null) disconnected
2026-03-06T20:01:23.653Z  INFO 2612 --- [ntainer#1-0-C-1] org.apache.kafka.clients.NetworkClient   : [Consumer clientId=consumer-governance-group-2, groupId=governance-group] Node -1 disconnected.
2026-03-06T20:01:23.653Z  WARN 2612 --- [ntainer#1-0-C-1] org.apache.kafka.clients.NetworkClient   : [Consumer clientId=consumer-governance-group-2, groupId=governance-group] Connection to node -1 (localhost/127.0.0.1:9092) could not be established. Node may not be available.
2026-03-06T20:01:23.653Z  WARN 2612 --- [ntainer#1-0-C-1] org.apache.kafka.clients.NetworkClient   : [Consumer clientId=consumer-governance-group-2, groupId=governance-group] Bootstrap broker localhost:9092 (id: -1 rack: null) disconnected
2026-03-06T20:01:23.677Z  INFO 2612 --- [ntainer#1-0-C-1] org.apache.kafka.clients.NetworkClient   : [Consumer clientId=consumer-governance-group-4, groupId=governance-group] Node -1 disconnected.
2026-03-06T20:01:23.678Z  WARN 2612 --- [ntainer#1-0-C-1] org.apache.kafka.clients.NetworkClient   : [Consumer clientId=consumer-governance-group-4, groupId=governance-group] Connection to node -1 (localhost/127.0.0.1:9092) could not be established. Node may not be available.
2026-03-06T20:01:23.678Z  WARN 2612 --- [ntainer#1-0-C-1] org.apache.kafka.clients.NetworkClient   : [Consumer clientId=consumer-governance-group-4, groupId=governance-group] Bootstrap broker localhost:9092 (id: -1 rack: null) disconnected
2026-03-06T20:01:23.860Z  INFO 2612 --- [ntainer#0-0-C-1] org.apache.kafka.clients.NetworkClient   : [Consumer clientId=consumer-audit-mirror-3, groupId=audit-mirror] Node -1 disconnected.
2026-03-06T20:01:23.860Z  WARN 2612 --- [ntainer#0-0-C-1] org.apache.kafka.clients.NetworkClient   : [Consumer clientId=consumer-audit-mirror-3, groupId=audit-mirror] Connection to node -1 (localhost/127.0.0.1:9092) could not be established. Node may not be available.
2026-03-06T20:01:23.860Z  WARN 2612 --- [ntainer#0-0-C-1] org.apache.kafka.clients.NetworkClient   : [Consumer clientId=consumer-audit-mirror-3, groupId=audit-mirror] Bootstrap broker localhost:9092 (id: -1 rack: null) disconnected
2026-03-06T20:01:24.231Z  INFO 2612 --- [ntainer#0-0-C-1] org.apache.kafka.clients.NetworkClient   : [Consumer clientId=consumer-audit-mirror-1, groupId=audit-mirror] Node -1 disconnected.
2026-03-06T20:01:24.231Z  WARN 2612 --- [ntainer#0-0-C-1] org.apache.kafka.clients.NetworkClient   : [Consumer clientId=consumer-audit-mirror-1, groupId=audit-mirror] Connection to node -1 (localhost/127.0.0.1:9092) could not be established. Node may not be available.
2026-03-06T20:01:24.231Z  WARN 2612 --- [ntainer#0-0-C-1] org.apache.kafka.clients.NetworkClient   : [Consumer clientId=consumer-audit-mirror-1, groupId=audit-mirror] Bootstrap broker localhost:9092 (id: -1 rack: null) disconnected
2026-03-06T20:01:24.506Z  INFO 2612 --- [ntainer#1-0-C-1] org.apache.kafka.clients.NetworkClient   : [Consumer clientId=consumer-governance-group-2, groupId=governance-group] Node -1 disconnected.
2026-03-06T20:01:24.506Z  WARN 2612 --- [ntainer#1-0-C-1] org.apache.kafka.clients.NetworkClient   : [Consumer clientId=consumer-governance-group-2, groupId=governance-group] Connection to node -1 (localhost/127.0.0.1:9092) could not be established. Node may not be available.
2026-03-06T20:01:24.506Z  WARN 2612 --- [ntainer#1-0-C-1] org.apache.kafka.clients.NetworkClient   : [Consumer clientId=consumer-governance-group-2, groupId=governance-group] Bootstrap broker localhost:9092 (id: -1 rack: null) disconnected
2026-03-06T20:01:24.630Z  INFO 2612 --- [ntainer#1-0-C-1] org.apache.kafka.clients.NetworkClient   : [Consumer clientId=consumer-governance-group-4, groupId=governance-group] Node -1 disconnected.
2026-03-06T20:01:24.630Z  WARN 2612 --- [ntainer#1-0-C-1] org.apache.kafka.clients.NetworkClient   : [Consumer clientId=consumer-governance-group-4, groupId=governance-group] Connection to node -1 (localhost/127.0.0.1:9092) could not be established. Node may not be available.
2026-03-06T20:01:24.630Z  WARN 2612 --- [ntainer#1-0-C-1] org.apache.kafka.clients.NetworkClient   : [Consumer clientId=consumer-governance-group-4, groupId=governance-group] Bootstrap broker localhost:9092 (id: -1 rack: null) disconnected
2026-03-06T20:01:24.863Z  INFO 2612 --- [ntainer#0-0-C-1] org.apache.kafka.clients.NetworkClient   : [Consumer clientId=consumer-audit-mirror-3, groupId=audit-mirror] Node -1 disconnected.
2026-03-06T20:01:24.863Z  WARN 2612 --- [ntainer#0-0-C-1] org.apache.kafka.clients.NetworkClient   : [Consumer clientId=consumer-audit-mirror-3, groupId=audit-mirror] Connection to node -1 (localhost/127.0.0.1:9092) could not be established. Node may not be available.
2026-03-06T20:01:24.863Z  WARN 2612 --- [ntainer#0-0-C-1] org.apache.kafka.clients.NetworkClient   : [Consumer clientId=consumer-audit-mirror-3, groupId=audit-mirror] Bootstrap broker localhost:9092 (id: -1 rack: null) disconnected
2026-03-06T20:01:25.033Z  INFO 2612 --- [ntainer#0-0-C-1] org.apache.kafka.clients.NetworkClient   : [Consumer clientId=consumer-audit-mirror-1, groupId=audit-mirror] Node -1 disconnected.
2026-03-06T20:01:25.033Z  WARN 2612 --- [ntainer#0-0-C-1] org.apache.kafka.clients.NetworkClient   : [Consumer clientId=consumer-audit-mirror-1, groupId=audit-mirror] Connection to node -1 (localhost/127.0.0.1:9092) could not be established. Node may not be available.
2026-03-06T20:01:25.033Z  WARN 2612 --- [ntainer#0-0-C-1] org.apache.kafka.clients.NetworkClient   : [Consumer clientId=consumer-audit-mirror-1, groupId=audit-mirror] Bootstrap broker localhost:9092 (id: -1 rack: null) disconnected
2026-03-06T20:01:25.455Z  INFO 2612 --- [ntainer#1-0-C-1] org.apache.kafka.clients.NetworkClient   : [Consumer clientId=consumer-governance-group-2, groupId=governance-group] Node -1 disconnected.
2026-03-06T20:01:25.455Z  WARN 2612 --- [ntainer#1-0-C-1] org.apache.kafka.clients.NetworkClient   : [Consumer clientId=consumer-governance-group-2, groupId=governance-group] Connection to node -1 (localhost/127.0.0.1:9092) could not be established. Node may not be available.
2026-03-06T20:01:25.455Z  WARN 2612 --- [ntainer#1-0-C-1] org.apache.kafka.clients.NetworkClient   : [Consumer clientId=consumer-governance-group-2, groupId=governance-group] Bootstrap broker localhost:9092 (id: -1 rack: null) disconnected
2026-03-06T20:01:25.580Z  INFO 2612 --- [ntainer#1-0-C-1] org.apache.kafka.clients.NetworkClient   : [Consumer clientId=consumer-governance-group-4, groupId=governance-group] Node -1 disconnected.
2026-03-06T20:01:25.580Z  WARN 2612 --- [ntainer#1-0-C-1] org.apache.kafka.clients.NetworkClient   : [Consumer clientId=consumer-governance-group-4, groupId=governance-group] Connection to node -1 (localhost/127.0.0.1:9092) could not be established. Node may not be available.
2026-03-06T20:01:25.580Z  WARN 2612 --- [ntainer#1-0-C-1] org.apache.kafka.clients.NetworkClient   : [Consumer clientId=consumer-governance-group-4, groupId=governance-group] Bootstrap broker localhost:9092 (id: -1 rack: null) disconnected
2026-03-06T20:01:25.601Z  WARN 2612 --- [tContainer#0-10] o.s.a.r.l.SimpleMessageListenerContainer : Consumer raised exception, processing can restart if the connection factory supports it. Exception summary: org.springframework.amqp.AmqpConnectException: java.net.ConnectException: Connection refused
2026-03-06T20:01:25.601Z  INFO 2612 --- [tContainer#0-10] o.s.a.r.l.SimpleMessageListenerContainer : Restarting Consumer@5c0959a0: tags=[[]], channel=null, acknowledgeMode=AUTO local queue size=0
2026-03-06T20:01:25.602Z  INFO 2612 --- [tContainer#0-11] o.s.a.r.c.CachingConnectionFactory       : Attempting to connect to: [localhost:5672]
2026-03-06T20:01:25.716Z  INFO 2612 --- [ntainer#0-0-C-1] org.apache.kafka.clients.NetworkClient   : [Consumer clientId=consumer-audit-mirror-3, groupId=audit-mirror] Node -1 disconnected.
2026-03-06T20:01:25.716Z  WARN 2612 --- [ntainer#0-0-C-1] org.apache.kafka.clients.NetworkClient   : [Consumer clientId=consumer-audit-mirror-3, groupId=audit-mirror] Connection to node -1 (localhost/127.0.0.1:9092) could not be established. Node may not be available.
2026-03-06T20:01:25.716Z  WARN 2612 --- [ntainer#0-0-C-1] org.apache.kafka.clients.NetworkClient   : [Consumer clientId=consumer-audit-mirror-3, groupId=audit-mirror] Bootstrap broker localhost:9092 (id: -1 rack: null) disconnected
2026-03-06T20:01:26.033Z  INFO 2612 --- [ntainer#0-0-C-1] org.apache.kafka.clients.NetworkClient   : [Consumer clientId=consumer-audit-mirror-1, groupId=audit-mirror] Node -1 disconnected.
2026-03-06T20:01:26.033Z  WARN 2612 --- [ntainer#0-0-C-1] org.apache.kafka.clients.NetworkClient   : [Consumer clientId=consumer-audit-mirror-1, groupId=audit-mirror] Connection to node -1 (localhost/127.0.0.1:9092) could not be established. Node may not be available.
2026-03-06T20:01:26.033Z  WARN 2612 --- [ntainer#0-0-C-1] org.apache.kafka.clients.NetworkClient   : [Consumer clientId=consumer-audit-mirror-1, groupId=audit-mirror] Bootstrap broker localhost:9092 (id: -1 rack: null) disconnected
2026-03-06T20:01:26.455Z  INFO 2612 --- [ntainer#1-0-C-1] org.apache.kafka.clients.NetworkClient   : [Consumer clientId=consumer-governance-group-2, groupId=governance-group] Node -1 disconnected.
2026-03-06T20:01:26.456Z  WARN 2612 --- [ntainer#1-0-C-1] org.apache.kafka.clients.NetworkClient   : [Consumer clientId=consumer-governance-group-2, groupId=governance-group] Connection to node -1 (localhost/127.0.0.1:9092) could not be established. Node may not be available.
2026-03-06T20:01:26.456Z  WARN 2612 --- [ntainer#1-0-C-1] org.apache.kafka.clients.NetworkClient   : [Consumer clientId=consumer-governance-group-2, groupId=governance-group] Bootstrap broker localhost:9092 (id: -1 rack: null) disconnected
2026-03-06T20:01:26.581Z  INFO 2612 --- [ntainer#1-0-C-1] org.apache.kafka.clients.NetworkClient   : [Consumer clientId=consumer-governance-group-4, groupId=governance-group] Node -1 disconnected.
2026-03-06T20:01:26.581Z  WARN 2612 --- [ntainer#1-0-C-1] org.apache.kafka.clients.NetworkClient   : [Consumer clientId=consumer-governance-group-4, groupId=governance-group] Connection to node -1 (localhost/127.0.0.1:9092) could not be established. Node may not be available.
2026-03-06T20:01:26.581Z  WARN 2612 --- [ntainer#1-0-C-1] org.apache.kafka.clients.NetworkClient   : [Consumer clientId=consumer-governance-group-4, groupId=governance-group] Bootstrap broker localhost:9092 (id: -1 rack: null) disconnected
2026-03-06T20:01:26.651Z  WARN 2612 --- [ntContainer#0-4] o.s.a.r.l.SimpleMessageListenerContainer : Consumer raised exception, processing can restart if the connection factory supports it. Exception summary: org.springframework.amqp.AmqpConnectException: java.net.ConnectException: Connection refused
2026-03-06T20:01:26.651Z  INFO 2612 --- [ntContainer#0-4] o.s.a.r.l.SimpleMessageListenerContainer : Restarting Consumer@43f6718c: tags=[[]], channel=null, acknowledgeMode=AUTO local queue size=0
2026-03-06T20:01:26.652Z  INFO 2612 --- [ntContainer#0-5] o.s.a.r.c.CachingConnectionFactory       : Attempting to connect to: [localhost:5672]
2026-03-06T20:01:26.697Z  INFO 2612 --- [ntainer#0-0-C-1] org.apache.kafka.clients.NetworkClient   : [Consumer clientId=consumer-audit-mirror-3, groupId=audit-mirror] Node -1 disconnected.
2026-03-06T20:01:26.697Z  WARN 2612 --- [ntainer#0-0-C-1] org.apache.kafka.clients.NetworkClient   : [Consumer clientId=consumer-audit-mirror-3, groupId=audit-mirror] Connection to node -1 (localhost/127.0.0.1:9092) could not be established. Node may not be available.
2026-03-06T20:01:26.697Z  WARN 2612 --- [ntainer#0-0-C-1] org.apache.kafka.clients.NetworkClient   : [Consumer clientId=consumer-audit-mirror-3, groupId=audit-mirror] Bootstrap broker localhost:9092 (id: -1 rack: null) disconnected
2026-03-06T20:01:27.034Z  INFO 2612 --- [ntainer#0-0-C-1] org.apache.kafka.clients.NetworkClient   : [Consumer clientId=consumer-audit-mirror-1, groupId=audit-mirror] Node -1 disconnected.
2026-03-06T20:01:27.034Z  WARN 2612 --- [ntainer#0-0-C-1] org.apache.kafka.clients.NetworkClient   : [Consumer clientId=consumer-audit-mirror-1, groupId=audit-mirror] Connection to node -1 (localhost/127.0.0.1:9092) could not be established. Node may not be available.
2026-03-06T20:01:27.034Z  WARN 2612 --- [ntainer#0-0-C-1] org.apache.kafka.clients.NetworkClient   : [Consumer clientId=consumer-audit-mirror-1, groupId=audit-mirror] Bootstrap broker localhost:9092 (id: -1 rack: null) disconnected
2026-03-06T20:01:27.308Z  INFO 2612 --- [ntainer#1-0-C-1] org.apache.kafka.clients.NetworkClient   : [Consumer clientId=consumer-governance-group-2, groupId=governance-group] Node -1 disconnected.
2026-03-06T20:01:27.308Z  WARN 2612 --- [ntainer#1-0-C-1] org.apache.kafka.clients.NetworkClient   : [Consumer clientId=consumer-governance-group-2, groupId=governance-group] Connection to node -1 (localhost/127.0.0.1:9092) could not be established. Node may not be available.
2026-03-06T20:01:27.308Z  WARN 2612 --- [ntainer#1-0-C-1] org.apache.kafka.clients.NetworkClient   : [Consumer clientId=consumer-governance-group-2, groupId=governance-group] Bootstrap broker localhost:9092 (id: -1 rack: null) disconnected
2026-03-06T20:01:27.582Z  INFO 2612 --- [ntainer#1-0-C-1] org.apache.kafka.clients.NetworkClient   : [Consumer clientId=consumer-governance-group-4, groupId=governance-group] Node -1 disconnected.
2026-03-06T20:01:27.582Z  WARN 2612 --- [ntainer#1-0-C-1] org.apache.kafka.clients.NetworkClient   : [Consumer clientId=consumer-governance-group-4, groupId=governance-group] Connection to node -1 (localhost/127.0.0.1:9092) could not be established. Node may not be available.
2026-03-06T20:01:27.582Z  WARN 2612 --- [ntainer#1-0-C-1] org.apache.kafka.clients.NetworkClient   : [Consumer clientId=consumer-governance-group-4, groupId=governance-group] Bootstrap broker localhost:9092 (id: -1 rack: null) disconnected
2026-03-06T20:01:27.698Z  INFO 2612 --- [ntainer#0-0-C-1] org.apache.kafka.clients.NetworkClient   : [Consumer clientId=consumer-audit-mirror-3, groupId=audit-mirror] Node -1 disconnected.
2026-03-06T20:01:27.698Z  WARN 2612 --- [ntainer#0-0-C-1] org.apache.kafka.clients.NetworkClient   : [Consumer clientId=consumer-audit-mirror-3, groupId=audit-mirror] Connection to node -1 (localhost/127.0.0.1:9092) could not be established. Node may not be available.
2026-03-06T20:01:27.698Z  WARN 2612 --- [ntainer#0-0-C-1] org.apache.kafka.clients.NetworkClient   : [Consumer clientId=consumer-audit-mirror-3, groupId=audit-mirror] Bootstrap broker localhost:9092 (id: -1 rack: null) disconnected
2026-03-06T20:01:27.912Z  INFO 2612 --- [ntainer#0-0-C-1] org.apache.kafka.clients.NetworkClient   : [Consumer clientId=consumer-audit-mirror-1, groupId=audit-mirror] Node -1 disconnected.
2026-03-06T20:01:27.912Z  WARN 2612 --- [ntainer#0-0-C-1] org.apache.kafka.clients.NetworkClient   : [Consumer clientId=consumer-audit-mirror-1, groupId=audit-mirror] Connection to node -1 (localhost/127.0.0.1:9092) could not be established. Node may not be available.
2026-03-06T20:01:27.912Z  WARN 2612 --- [ntainer#0-0-C-1] org.apache.kafka.clients.NetworkClient   : [Consumer clientId=consumer-audit-mirror-1, groupId=audit-mirror] Bootstrap broker localhost:9092 (id: -1 rack: null) disconnected
2026-03-06T20:01:27.941Z  WARN 2612 --- [tContainer#0-18] o.s.a.r.l.SimpleMessageListenerContainer : Consumer raised exception, processing can restart if the connection factory supports it. Exception summary: org.springframework.amqp.AmqpConnectException: java.net.ConnectException: Connection refused
2026-03-06T20:01:27.941Z  INFO 2612 --- [tContainer#0-18] o.s.a.r.l.SimpleMessageListenerContainer : Restarting Consumer@3292a79c: tags=[[]], channel=null, acknowledgeMode=AUTO local queue size=0
2026-03-06T20:01:27.942Z  INFO 2612 --- [tContainer#0-19] o.s.a.r.c.CachingConnectionFactory       : Attempting to connect to: [localhost:5672]
2026-03-06T20:01:28.315Z  INFO 2612 --- [ntainer#1-0-C-1] org.apache.kafka.clients.NetworkClient   : [Consumer clientId=consumer-governance-group-2, groupId=governance-group] Node -1 disconnected.
2026-03-06T20:01:28.316Z  WARN 2612 --- [ntainer#1-0-C-1] org.apache.kafka.clients.NetworkClient   : [Consumer clientId=consumer-governance-group-2, groupId=governance-group] Connection to node -1 (localhost/127.0.0.1:9092) could not be established. Node may not be available.
2026-03-06T20:01:28.316Z  WARN 2612 --- [ntainer#1-0-C-1] org.apache.kafka.clients.NetworkClient   : [Consumer clientId=consumer-governance-group-2, groupId=governance-group] Bootstrap broker localhost:9092 (id: -1 rack: null) disconnected
2026-03-06T20:01:28.582Z  INFO 2612 --- [ntainer#1-0-C-1] org.apache.kafka.clients.NetworkClient   : [Consumer clientId=consumer-governance-group-4, groupId=governance-group] Node -1 disconnected.
2026-03-06T20:01:28.582Z  WARN 2612 --- [ntainer#1-0-C-1] org.apache.kafka.clients.NetworkClient   : [Consumer clientId=consumer-governance-group-4, groupId=governance-group] Connection to node -1 (localhost/127.0.0.1:9092) could not be established. Node may not be available.
2026-03-06T20:01:28.582Z  WARN 2612 --- [ntainer#1-0-C-1] org.apache.kafka.clients.NetworkClient   : [Consumer clientId=consumer-governance-group-4, groupId=governance-group] Bootstrap broker localhost:9092 (id: -1 rack: null) disconnected
2026-03-06T20:01:28.601Z  INFO 2612 --- [ntainer#0-0-C-1] org.apache.kafka.clients.NetworkClient   : [Consumer clientId=consumer-audit-mirror-3, groupId=audit-mirror] Node -1 disconnected.
2026-03-06T20:01:28.601Z  WARN 2612 --- [ntainer#0-0-C-1] org.apache.kafka.clients.NetworkClient   : [Consumer clientId=consumer-audit-mirror-3, groupId=audit-mirror] Connection to node -1 (localhost/127.0.0.1:9092) could not be established. Node may not be available.
2026-03-06T20:01:28.601Z  WARN 2612 --- [ntainer#0-0-C-1] org.apache.kafka.clients.NetworkClient   : [Consumer clientId=consumer-audit-mirror-3, groupId=audit-mirror] Bootstrap broker localhost:9092 (id: -1 rack: null) disconnected
2026-03-06T20:01:28.937Z  INFO 2612 --- [ntainer#0-0-C-1] org.apache.kafka.clients.NetworkClient   : [Consumer clientId=consumer-audit-mirror-1, groupId=audit-mirror] Node -1 disconnected.
2026-03-06T20:01:28.937Z  WARN 2612 --- [ntainer#0-0-C-1] org.apache.kafka.clients.NetworkClient   : [Consumer clientId=consumer-audit-mirror-1, groupId=audit-mirror] Connection to node -1 (localhost/127.0.0.1:9092) could not be established. Node may not be available.
2026-03-06T20:01:28.937Z  WARN 2612 --- [ntainer#0-0-C-1] org.apache.kafka.clients.NetworkClient   : [Consumer clientId=consumer-audit-mirror-1, groupId=audit-mirror] Bootstrap broker localhost:9092 (id: -1 rack: null) disconnected
2026-03-06T20:01:29.316Z  INFO 2612 --- [ntainer#1-0-C-1] org.apache.kafka.clients.NetworkClient   : [Consumer clientId=consumer-governance-group-2, groupId=governance-group] Node -1 disconnected.
2026-03-06T20:01:29.316Z  WARN 2612 --- [ntainer#1-0-C-1] org.apache.kafka.clients.NetworkClient   : [Consumer clientId=consumer-governance-group-2, groupId=governance-group] Connection to node -1 (localhost/127.0.0.1:9092) could not be established. Node may not be available.
2026-03-06T20:01:29.316Z  WARN 2612 --- [ntainer#1-0-C-1] org.apache.kafka.clients.NetworkClient   : [Consumer clientId=consumer-governance-group-2, groupId=governance-group] Bootstrap broker localhost:9092 (id: -1 rack: null) disconnected
2026-03-06T20:01:29.601Z  INFO 2612 --- [ntainer#0-0-C-1] org.apache.kafka.clients.NetworkClient   : [Consumer clientId=consumer-audit-mirror-3, groupId=audit-mirror] Node -1 disconnected.
2026-03-06T20:01:29.601Z  WARN 2612 --- [ntainer#0-0-C-1] org.apache.kafka.clients.NetworkClient   : [Consumer clientId=consumer-audit-mirror-3, groupId=audit-mirror] Connection to node -1 (localhost/127.0.0.1:9092) could not be established. Node may not be available.
2026-03-06T20:01:29.601Z  WARN 2612 --- [ntainer#0-0-C-1] org.apache.kafka.clients.NetworkClient   : [Consumer clientId=consumer-audit-mirror-3, groupId=audit-mirror] Bootstrap broker localhost:9092 (id: -1 rack: null) disconnected
2026-03-06T20:01:29.632Z  INFO 2612 --- [ntainer#1-0-C-1] org.apache.kafka.clients.NetworkClient   : [Consumer clientId=consumer-governance-group-4, groupId=governance-group] Node -1 disconnected.
2026-03-06T20:01:29.632Z  WARN 2612 --- [ntainer#1-0-C-1] org.apache.kafka.clients.NetworkClient   : [Consumer clientId=consumer-governance-group-4, groupId=governance-group] Connection to node -1 (localhost/127.0.0.1:9092) could not be established. Node may not be available.
2026-03-06T20:01:29.632Z  WARN 2612 --- [ntainer#1-0-C-1] org.apache.kafka.clients.NetworkClient   : [Consumer clientId=consumer-governance-group-4, groupId=governance-group] Bootstrap broker localhost:9092 (id: -1 rack: null) disconnected
2026-03-06T20:01:29.890Z  INFO 2612 --- [ntainer#0-0-C-1] org.apache.kafka.clients.NetworkClient   : [Consumer clientId=consumer-audit-mirror-1, groupId=audit-mirror] Node -1 disconnected.
2026-03-06T20:01:29.890Z  WARN 2612 --- [ntainer#0-0-C-1] org.apache.kafka.clients.NetworkClient   : [Consumer clientId=consumer-audit-mirror-1, groupId=audit-mirror] Connection to node -1 (localhost/127.0.0.1:9092) could not be established. Node may not be available.
2026-03-06T20:01:29.890Z  WARN 2612 --- [ntainer#0-0-C-1] org.apache.kafka.clients.NetworkClient   : [Consumer clientId=consumer-audit-mirror-1, groupId=audit-mirror] Bootstrap broker localhost:9092 (id: -1 rack: null) disconnected
2026-03-06T20:01:30.219Z  INFO 2612 --- [ntainer#1-0-C-1] org.apache.kafka.clients.NetworkClient   : [Consumer clientId=consumer-governance-group-2, groupId=governance-group] Node -1 disconnected.
[...]
2026-03-06T20:01:43.478Z  WARN 2612 --- [ntainer#1-0-C-1] org.apache.kafka.clients.NetworkClient   : [Consumer clientId=consumer-governance-group-6, groupId=governance-group] Bootstrap broker localhost:9092 (id: -1 rack: null) disconnected
2026-03-06T20:01:43.525Z  INFO 2612 --- [ntainer#0-0-C-1] org.apache.kafka.clients.NetworkClient   : [Consumer clientId=consumer-audit-mirror-5, groupId=audit-mirror] Node -1 disconnected.
2026-03-06T20:01:43.525Z  WARN 2612 --- [ntainer#0-0-C-1] org.apache.kafka.clients.NetworkClient   : [Consumer clientId=consumer-audit-mirror-5, groupId=audit-mirror] Connection to node -1 (localhost/127.0.0.1:9092) could not be established. Node may not be available.
2026-03-06T20:01:43.525Z  WARN 2612 --- [ntainer#0-0-C-1] org.apache.kafka.clients.NetworkClient   : [Consumer clientId=consumer-audit-mirror-5, groupId=audit-mirror] Bootstrap broker localhost:9092 (id: -1 rack: null) disconnected
2026-03-06T20:01:43.623Z  INFO 2612 --- [ntainer#0-0-C-1] org.apache.kafka.clients.NetworkClient   : [Consumer clientId=consumer-audit-mirror-1, groupId=audit-mirror] Node -1 disconnected.
2026-03-06T20:01:43.623Z  WARN 2612 --- [ntainer#0-0-C-1] org.apache.kafka.clients.NetworkClient   : [Consumer clientId=consumer-audit-mirror-1, groupId=audit-mirror] Connection to node -1 (localhost/127.0.0.1:9092) could not be established. Node may not be available.
2026-03-06T20:01:43.624Z  WARN 2612 --- [ntainer#0-0-C-1] org.apache.kafka.clients.NetworkClient   : [Consumer clientId=consumer-audit-mirror-1, groupId=audit-mirror] Bootstrap broker localhost:9092 (id: -1 rack: null) disconnected
2026-03-06T20:01:43.781Z  INFO 2612 --- [ntainer#1-0-C-1] org.apache.kafka.clients.NetworkClient   : [Consumer clientId=consumer-governance-group-4, groupId=governance-group] Node -1 disconnected.
2026-03-06T20:01:43.781Z  WARN 2612 --- [ntainer#1-0-C-1] org.apache.kafka.clients.NetworkClient   : [Consumer clientId=consumer-governance-group-4, groupId=governance-group] Connection to node -1 (localhost/127.0.0.1:9092) could not be established. Node may not be available.
2026-03-06T20:01:43.781Z  WARN 2612 --- [ntainer#1-0-C-1] org.apache.kafka.clients.NetworkClient   : [Consumer clientId=consumer-governance-group-4, groupId=governance-group] Bootstrap broker localhost:9092 (id: -1 rack: null) disconnected
2026-03-06T20:01:43.896Z  INFO 2612 --- [ntainer#1-0-C-1] org.apache.kafka.clients.NetworkClient   : [Consumer clientId=consumer-governance-group-2, groupId=governance-group] Node -1 disconnected.
2026-03-06T20:01:43.896Z  WARN 2612 --- [ntainer#1-0-C-1] org.apache.kafka.clients.NetworkClient   : [Consumer clientId=consumer-governance-group-2, groupId=governance-group] Connection to node -1 (localhost/127.0.0.1:9092) could not be established. Node may not be available.
2026-03-06T20:01:43.896Z  WARN 2612 --- [ntainer#1-0-C-1] org.apache.kafka.clients.NetworkClient   : [Consumer clientId=consumer-governance-group-2, groupId=governance-group] Bootstrap broker localhost:9092 (id: -1 rack: null) disconnected
2026-03-06T20:01:43.930Z  WARN 2612 --- [ntContainer#0-1] o.s.a.r.l.SimpleMessageListenerContainer : Consumer raised exception, processing can restart if the connection factory supports it. Exception summary: org.springframework.amqp.AmqpConnectException: java.net.ConnectException: Connection refused
2026-03-06T20:01:43.931Z  INFO 2612 --- [ntContainer#0-1] o.s.a.r.l.SimpleMessageListenerContainer : Restarting Consumer@75bf6fc6: tags=[[]], channel=null, acknowledgeMode=AUTO local queue size=0
2026-03-06T20:01:43.932Z  INFO 2612 --- [ntContainer#0-2] o.s.a.r.c.CachingConnectionFactory       : Attempting to connect to: [localhost:5672]
2026-03-06T20:01:44.166Z  INFO 2612 --- [ntainer#0-0-C-1] org.apache.kafka.clients.NetworkClient   : [Consumer clientId=consumer-audit-mirror-3, groupId=audit-mirror] Node -1 disconnected.
2026-03-06T20:01:44.166Z  WARN 2612 --- [ntainer#0-0-C-1] org.apache.kafka.clients.NetworkClient   : [Consumer clientId=consumer-audit-mirror-3, groupId=audit-mirror] Connection to node -1 (localhost/127.0.0.1:9092) could not be established. Node may not be available.
2026-03-06T20:01:44.166Z  WARN 2612 --- [ntainer#0-0-C-1] org.apache.kafka.clients.NetworkClient   : [Consumer clientId=consumer-audit-mirror-3, groupId=audit-mirror] Bootstrap broker localhost:9092 (id: -1 rack: null) disconnected
2026-03-06T20:01:44.400Z  INFO 2612 --- [ntainer#1-0-C-1] org.apache.kafka.clients.NetworkClient   : [Consumer clientId=consumer-governance-group-6, groupId=governance-group] Node -1 disconnected.
2026-03-06T20:01:44.400Z  WARN 2612 --- [ntainer#1-0-C-1] org.apache.kafka.clients.NetworkClient   : [Consumer clientId=consumer-governance-group-6, groupId=governance-group] Connection to node -1 (localhost/127.0.0.1:9092) could not be established. Node may not be available.
2026-03-06T20:01:44.400Z  WARN 2612 --- [ntainer#1-0-C-1] org.apache.kafka.clients.NetworkClient   : [Consumer clientId=consumer-governance-group-6, groupId=governance-group] Bootstrap broker localhost:9092 (id: -1 rack: null) disconnected
2026-03-06T20:01:44.401Z  INFO 2612 --- [ntainer#0-0-C-1] org.apache.kafka.clients.NetworkClient   : [Consumer clientId=consumer-audit-mirror-5, groupId=audit-mirror] Node -1 disconnected.
2026-03-06T20:01:44.401Z  WARN 2612 --- [ntainer#0-0-C-1] org.apache.kafka.clients.NetworkClient   : [Consumer clientId=consumer-audit-mirror-5, groupId=audit-mirror] Connection to node -1 (localhost/127.0.0.1:9092) could not be established. Node may not be available.
2026-03-06T20:01:44.401Z  WARN 2612 --- [ntainer#0-0-C-1] org.apache.kafka.clients.NetworkClient   : [Consumer clientId=consumer-audit-mirror-5, groupId=audit-mirror] Bootstrap broker localhost:9092 (id: -1 rack: null) disconnected
2026-03-06T20:01:44.624Z  INFO 2612 --- [ntainer#0-0-C-1] org.apache.kafka.clients.NetworkClient   : [Consumer clientId=consumer-audit-mirror-1, groupId=audit-mirror] Node -1 disconnected.
2026-03-06T20:01:44.624Z  WARN 2612 --- [ntainer#0-0-C-1] org.apache.kafka.clients.NetworkClient   : [Consumer clientId=consumer-audit-mirror-1, groupId=audit-mirror] Connection to node -1 (localhost/127.0.0.1:9092) could not be established. Node may not be available.
2026-03-06T20:01:44.624Z  WARN 2612 --- [ntainer#0-0-C-1] org.apache.kafka.clients.NetworkClient   : [Consumer clientId=consumer-audit-mirror-1, groupId=audit-mirror] Bootstrap broker localhost:9092 (id: -1 rack: null) disconnected
2026-03-06T20:01:44.719Z  INFO 2612 --- [ntainer#1-0-C-1] org.apache.kafka.clients.NetworkClient   : [Consumer clientId=consumer-governance-group-2, groupId=governance-group] Node -1 disconnected.
2026-03-06T20:01:44.719Z  WARN 2612 --- [ntainer#1-0-C-1] org.apache.kafka.clients.NetworkClient   : [Consumer clientId=consumer-governance-group-2, groupId=governance-group] Connection to node -1 (localhost/127.0.0.1:9092) could not be established. Node may not be available.
2026-03-06T20:01:44.719Z  WARN 2612 --- [ntainer#1-0-C-1] org.apache.kafka.clients.NetworkClient   : [Consumer clientId=consumer-governance-group-2, groupId=governance-group] Bootstrap broker localhost:9092 (id: -1 rack: null) disconnected
2026-03-06T20:01:44.782Z  INFO 2612 --- [ntainer#1-0-C-1] org.apache.kafka.clients.NetworkClient   : [Consumer clientId=consumer-governance-group-4, groupId=governance-group] Node -1 disconnected.
2026-03-06T20:01:44.782Z  WARN 2612 --- [ntainer#1-0-C-1] org.apache.kafka.clients.NetworkClient   : [Consumer clientId=consumer-governance-group-4, groupId=governance-group] Connection to node -1 (localhost/127.0.0.1:9092) could not be established. Node may not be available.
2026-03-06T20:01:44.782Z  WARN 2612 --- [ntainer#1-0-C-1] org.apache.kafka.clients.NetworkClient   : [Consumer clientId=consumer-governance-group-4, groupId=governance-group] Bootstrap broker localhost:9092 (id: -1 rack: null) disconnected
2026-03-06T20:01:45.187Z  INFO 2612 --- [ntainer#0-0-C-1] org.apache.kafka.clients.NetworkClient   : [Consumer clientId=consumer-audit-mirror-3, groupId=audit-mirror] Node -1 disconnected.
2026-03-06T20:01:45.188Z  WARN 2612 --- [ntainer#0-0-C-1] org.apache.kafka.clients.NetworkClient   : [Consumer clientId=consumer-audit-mirror-3, groupId=audit-mirror] Connection to node -1 (localhost/127.0.0.1:9092) could not be established. Node may not be available.
2026-03-06T20:01:45.188Z  WARN 2612 --- [ntainer#0-0-C-1] org.apache.kafka.clients.NetworkClient   : [Consumer clientId=consumer-audit-mirror-3, groupId=audit-mirror] Bootstrap broker localhost:9092 (id: -1 rack: null) disconnected
2026-03-06T20:01:45.304Z  INFO 2612 --- [ntainer#0-0-C-1] org.apache.kafka.clients.NetworkClient   : [Consumer clientId=consumer-audit-mirror-5, groupId=audit-mirror] Node -1 disconnected.
2026-03-06T20:01:45.304Z  WARN 2612 --- [ntainer#0-0-C-1] org.apache.kafka.clients.NetworkClient   : [Consumer clientId=consumer-audit-mirror-5, groupId=audit-mirror] Connection to node -1 (localhost/127.0.0.1:9092) could not be established. Node may not be available.
2026-03-06T20:01:45.304Z  WARN 2612 --- [ntainer#0-0-C-1] org.apache.kafka.clients.NetworkClient   : [Consumer clientId=consumer-audit-mirror-5, groupId=audit-mirror] Bootstrap broker localhost:9092 (id: -1 rack: null) disconnected
2026-03-06T20:01:45.368Z  INFO 2612 --- [ntainer#1-0-C-1] org.apache.kafka.clients.NetworkClient   : [Consumer clientId=consumer-governance-group-6, groupId=governance-group] Node -1 disconnected.
2026-03-06T20:01:45.368Z  WARN 2612 --- [ntainer#1-0-C-1] org.apache.kafka.clients.NetworkClient   : [Consumer clientId=consumer-governance-group-6, groupId=governance-group] Connection to node -1 (localhost/127.0.0.1:9092) could not be established. Node may not be available.
2026-03-06T20:01:45.368Z  WARN 2612 --- [ntainer#1-0-C-1] org.apache.kafka.clients.NetworkClient   : [Consumer clientId=consumer-governance-group-6, groupId=governance-group] Bootstrap broker localhost:9092 (id: -1 rack: null) disconnected
2026-03-06T20:01:45.618Z  WARN 2612 --- [tContainer#0-14] o.s.a.r.l.SimpleMessageListenerContainer : Consumer raised exception, processing can restart if the connection factory supports it. Exception summary: org.springframework.amqp.AmqpConnectException: java.net.ConnectException: Connection refused
2026-03-06T20:01:45.618Z  INFO 2612 --- [tContainer#0-14] o.s.a.r.l.SimpleMessageListenerContainer : Restarting Consumer@29c6725: tags=[[]], channel=null, acknowledgeMode=AUTO local queue size=0
2026-03-06T20:01:45.619Z  INFO 2612 --- [tContainer#0-15] o.s.a.r.c.CachingConnectionFactory       : Attempting to connect to: [localhost:5672]
2026-03-06T20:01:45.621Z  INFO 2612 --- [ntainer#1-0-C-1] org.apache.kafka.clients.NetworkClient   : [Consumer clientId=consumer-governance-group-2, groupId=governance-group] Node -1 disconnected.
2026-03-06T20:01:45.621Z  WARN 2612 --- [ntainer#1-0-C-1] org.apache.kafka.clients.NetworkClient   : [Consumer clientId=consumer-governance-group-2, groupId=governance-group] Connection to node -1 (localhost/127.0.0.1:9092) could not be established. Node may not be available.
2026-03-06T20:01:45.621Z  WARN 2612 --- [ntainer#1-0-C-1] org.apache.kafka.clients.NetworkClient   : [Consumer clientId=consumer-governance-group-2, groupId=governance-group] Bootstrap broker localhost:9092 (id: -1 rack: null) disconnected
2026-03-06T20:01:45.624Z  INFO 2612 --- [ntainer#0-0-C-1] org.apache.kafka.clients.NetworkClient   : [Consumer clientId=consumer-audit-mirror-1, groupId=audit-mirror] Node -1 disconnected.
2026-03-06T20:01:45.624Z  WARN 2612 --- [ntainer#0-0-C-1] org.apache.kafka.clients.NetworkClient   : [Consumer clientId=consumer-audit-mirror-1, groupId=audit-mirror] Connection to node -1 (localhost/127.0.0.1:9092) could not be established. Node may not be available.
2026-03-06T20:01:45.624Z  WARN 2612 --- [ntainer#0-0-C-1] org.apache.kafka.clients.NetworkClient   : [Consumer clientId=consumer-audit-mirror-1, groupId=audit-mirror] Bootstrap broker localhost:9092 (id: -1 rack: null) disconnected
2026-03-06T20:01:45.810Z  INFO 2612 --- [ntainer#1-0-C-1] org.apache.kafka.clients.NetworkClient   : [Consumer clientId=consumer-governance-group-4, groupId=governance-group] Node -1 disconnected.
2026-03-06T20:01:45.810Z  WARN 2612 --- [ntainer#1-0-C-1] org.apache.kafka.clients.NetworkClient   : [Consumer clientId=consumer-governance-group-4, groupId=governance-group] Connection to node -1 (localhost/127.0.0.1:9092) could not be established. Node may not be available.
2026-03-06T20:01:45.810Z  WARN 2612 --- [ntainer#1-0-C-1] org.apache.kafka.clients.NetworkClient   : [Consumer clientId=consumer-governance-group-4, groupId=governance-group] Bootstrap broker localhost:9092 (id: -1 rack: null) disconnected
2026-03-06T20:01:46.187Z  INFO 2612 --- [ntainer#0-0-C-1] org.apache.kafka.clients.NetworkClient   : [Consumer clientId=consumer-audit-mirror-3, groupId=audit-mirror] Node -1 disconnected.
2026-03-06T20:01:46.188Z  WARN 2612 --- [ntainer#0-0-C-1] org.apache.kafka.clients.NetworkClient   : [Consumer clientId=consumer-audit-mirror-3, groupId=audit-mirror] Connection to node -1 (localhost/127.0.0.1:9092) could not be established. Node may not be available.
2026-03-06T20:01:46.188Z  WARN 2612 --- [ntainer#0-0-C-1] org.apache.kafka.clients.NetworkClient   : [Consumer clientId=consumer-audit-mirror-3, groupId=audit-mirror] Bootstrap broker localhost:9092 (id: -1 rack: null) disconnected
2026-03-06T20:01:46.307Z  INFO 2612 --- [ntainer#0-0-C-1] org.apache.kafka.clients.NetworkClient   : [Consumer clientId=consumer-audit-mirror-5, groupId=audit-mirror] Node -1 disconnected.
2026-03-06T20:01:46.307Z  WARN 2612 --- [ntainer#0-0-C-1] org.apache.kafka.clients.NetworkClient   : [Consumer clientId=consumer-audit-mirror-5, groupId=audit-mirror] Connection to node -1 (localhost/127.0.0.1:9092) could not be established. Node may not be available.
2026-03-06T20:01:46.307Z  WARN 2612 --- [ntainer#0-0-C-1] org.apache.kafka.clients.NetworkClient   : [Consumer clientId=consumer-audit-mirror-5, groupId=audit-mirror] Bootstrap broker localhost:9092 (id: -1 rack: null) disconnected
2026-03-06T20:01:46.378Z  INFO 2612 --- [ntainer#1-0-C-1] org.apache.kafka.clients.NetworkClient   : [Consumer clientId=consumer-governance-group-6, groupId=governance-group] Node -1 disconnected.
2026-03-06T20:01:46.378Z  WARN 2612 --- [ntainer#1-0-C-1] org.apache.kafka.clients.NetworkClient   : [Consumer clientId=consumer-governance-group-6, groupId=governance-group] Connection to node -1 (localhost/127.0.0.1:9092) could not be established. Node may not be available.
2026-03-06T20:01:46.378Z  WARN 2612 --- [ntainer#1-0-C-1] org.apache.kafka.clients.NetworkClient   : [Consumer clientId=consumer-governance-group-6, groupId=governance-group] Bootstrap broker localhost:9092 (id: -1 rack: null) disconnected
2026-03-06T20:01:46.624Z  INFO 2612 --- [ntainer#1-0-C-1] org.apache.kafka.clients.NetworkClient   : [Consumer clientId=consumer-governance-group-2, groupId=governance-group] Node -1 disconnected.
2026-03-06T20:01:46.624Z  WARN 2612 --- [ntainer#1-0-C-1] org.apache.kafka.clients.NetworkClient   : [Consumer clientId=consumer-governance-group-2, groupId=governance-group] Connection to node -1 (localhost/127.0.0.1:9092) could not be established. Node may not be available.
2026-03-06T20:01:46.624Z  WARN 2612 --- [ntainer#1-0-C-1] org.apache.kafka.clients.NetworkClient   : [Consumer clientId=consumer-governance-group-2, groupId=governance-group] Bootstrap broker localhost:9092 (id: -1 rack: null) disconnected
2026-03-06T20:01:46.627Z  INFO 2612 --- [ntainer#0-0-C-1] org.apache.kafka.clients.NetworkClient   : [Consumer clientId=consumer-audit-mirror-1, groupId=audit-mirror] Node -1 disconnected.
2026-03-06T20:01:46.627Z  WARN 2612 --- [ntainer#0-0-C-1] org.apache.kafka.clients.NetworkClient   : [Consumer clientId=consumer-audit-mirror-1, groupId=audit-mirror] Connection to node -1 (localhost/127.0.0.1:9092) could not be established. Node may not be available.
2026-03-06T20:01:46.627Z  WARN 2612 --- [ntainer#0-0-C-1] org.apache.kafka.clients.NetworkClient   : [Consumer clientId=consumer-audit-mirror-1, groupId=audit-mirror] Bootstrap broker localhost:9092 (id: -1 rack: null) disconnected
2026-03-06T20:01:46.669Z  WARN 2612 --- [ntContainer#0-8] o.s.a.r.l.SimpleMessageListenerContainer : Consumer raised exception, processing can restart if the connection factory supports it. Exception summary: org.springframework.amqp.AmqpConnectException: java.net.ConnectException: Connection refused
2026-03-06T20:01:46.669Z  INFO 2612 --- [ntContainer#0-8] o.s.a.r.l.SimpleMessageListenerContainer : Restarting Consumer@7130ce76: tags=[[]], channel=null, acknowledgeMode=AUTO local queue size=0
2026-03-06T20:01:46.670Z  INFO 2612 --- [ntContainer#0-9] o.s.a.r.c.CachingConnectionFactory       : Attempting to connect to: [localhost:5672]
2026-03-06T20:01:46.794Z  INFO 2612 --- [ntainer#1-0-C-1] org.apache.kafka.clients.NetworkClient   : [Consumer clientId=consumer-governance-group-4, groupId=governance-group] Node -1 disconnected.
2026-03-06T20:01:46.795Z  WARN 2612 --- [ntainer#1-0-C-1] org.apache.kafka.clients.NetworkClient   : [Consumer clientId=consumer-governance-group-4, groupId=governance-group] Connection to node -1 (localhost/127.0.0.1:9092) could not be established. Node may not be available.
2026-03-06T20:01:46.795Z  WARN 2612 --- [ntainer#1-0-C-1] org.apache.kafka.clients.NetworkClient   : [Consumer clientId=consumer-governance-group-4, groupId=governance-group] Bootstrap broker localhost:9092 (id: -1 rack: null) disconnected
2026-03-06T20:01:47.188Z  INFO 2612 --- [ntainer#0-0-C-1] org.apache.kafka.clients.NetworkClient   : [Consumer clientId=consumer-audit-mirror-3, groupId=audit-mirror] Node -1 disconnected.
2026-03-06T20:01:47.188Z  WARN 2612 --- [ntainer#0-0-C-1] org.apache.kafka.clients.NetworkClient   : [Consumer clientId=consumer-audit-mirror-3, groupId=audit-mirror] Connection to node -1 (localhost/127.0.0.1:9092) could not be established. Node may not be available.
2026-03-06T20:01:47.188Z  WARN 2612 --- [ntainer#0-0-C-1] org.apache.kafka.clients.NetworkClient   : [Consumer clientId=consumer-audit-mirror-3, groupId=audit-mirror] Bootstrap broker localhost:9092 (id: -1 rack: null) disconnected
2026-03-06T20:01:47.280Z  INFO 2612 --- [ntainer#1-0-C-1] org.apache.kafka.clients.NetworkClient   : [Consumer clientId=consumer-governance-group-6, groupId=governance-group] Node -1 disconnected.
2026-03-06T20:01:47.280Z  WARN 2612 --- [ntainer#1-0-C-1] org.apache.kafka.clients.NetworkClient   : [Consumer clientId=consumer-governance-group-6, groupId=governance-group] Connection to node -1 (localhost/127.0.0.1:9092) could not be established. Node may not be available.
2026-03-06T20:01:47.280Z  WARN 2612 --- [ntainer#1-0-C-1] org.apache.kafka.clients.NetworkClient   : [Consumer clientId=consumer-governance-group-6, groupId=governance-group] Bootstrap broker localhost:9092 (id: -1 rack: null) disconnected
2026-03-06T20:01:47.310Z  INFO 2612 --- [ntainer#0-0-C-1] org.apache.kafka.clients.NetworkClient   : [Consumer clientId=consumer-audit-mirror-5, groupId=audit-mirror] Node -1 disconnected.
2026-03-06T20:01:47.310Z  WARN 2612 --- [ntainer#0-0-C-1] org.apache.kafka.clients.NetworkClient   : [Consumer clientId=consumer-audit-mirror-5, groupId=audit-mirror] Connection to node -1 (localhost/127.0.0.1:9092) could not be established. Node may not be available.
2026-03-06T20:01:47.310Z  WARN 2612 --- [ntainer#0-0-C-1] org.apache.kafka.clients.NetworkClient   : [Consumer clientId=consumer-audit-mirror-5, groupId=audit-mirror] Bootstrap broker localhost:9092 (id: -1 rack: null) disconnected
]]></system-out>
  </testcase>
</testsuite>